Iteration	Posterior	Likelihood	Prior	rate_log_sd	rate_loss	rate_neo	tree_length
0	-8135.821	-8393.124	257.3032	0.7866666	1.650678	0.5522512	8.09942
6	-8131.651	-8388.197	256.5454	0.7416997	1.635468	0.6879562	8.429404
12	-8124.626	-8381.316	256.6893	0.7416997	1.4855	0.6602579	8.429404
18	-8126.191	-8384.033	257.842	0.8207456	1.653436	0.5682063	7.779728
24	-8134.517	-8393.202	258.6854	0.8326405	1.726272	0.5919019	7.276659
30	-8119.928	-8378.33	258.4029	0.8739063	1.559242	0.5654566	7.488505
36	-8107.491	-8365.884	258.3931	0.8097664	1.775329	0.5191628	7.488505
42	-8130.816	-8389.722	258.9066	0.8415658	1.741103	0.5919019	7.147778
48	-8132.995	-8392.077	259.082	0.8559231	1.741103	0.5919019	7.045681
54	-8134.684	-8394.057	259.3736	0.8559231	1.6853	0.5977132	6.903949
60	-8120.252	-8380.07	259.8179	0.8923161	1.667523	0.5977132	6.650954
66	-8139.975	-8398.352	258.3771	0.8805915	1.530201	0.6101836	7.474539
72	-8140.091	-8397.072	256.9813	0.7777089	1.4779	0.6708011	8.250362
78	-8133.962	-8390.695	256.7333	0.716035	1.4779	0.6410848	8.436623
84	-8131.717	-8388.608	256.8913	0.7654756	1.610088	0.6994206	8.23412
90	-8126.093	-8381.804	255.7105	0.7984074	1.558118	0.8101954	8.790745
96	-8108.522	-8366.368	257.846	0.7730892	1.558118	0.571573	7.835843
102	-8113.198	-8373.033	259.835	0.9027076	1.548294	0.6036385	6.676292
108	-8110.62	-8369.764	259.1443	0.8996016	1.548294	0.6306723	7.029727
114	-8109.393	-8368.526	259.1326	0.9143216	1.542949	0.5141325	7.124584
120	-8108.944	-8368.032	259.0878	0.8788795	1.610045	0.5346567	7.124584
126	-8120.178	-8379.184	259.0062	0.8788795	1.610045	0.5882334	7.124584
132	-8117.413	-8376.486	259.0734	0.8370385	1.610045	0.571201	7.124584
138	-8114.668	-8371.997	257.3285	0.8505146	1.489364	0.5289241	8.132339
144	-8122.148	-8379.542	257.394	0.7629528	1.489364	0.5289241	8.144096
150	-8110.069	-8367.341	257.2723	0.7877712	1.625144	0.5289241	8.144096
156	-8125.025	-8382.838	257.8126	0.8297337	1.609355	0.5793722	7.797917
162	-8117.995	-8375.79	257.7956	0.8339896	1.609355	0.5879636	7.797917
168	-8117.695	-8375.452	257.7573	0.7954503	1.722806	0.5879636	7.797917
174	-8121.176	-8380.558	259.3816	0.9163002	1.722806	0.5541249	6.888847
180	-8115.468	-8374.545	259.0771	0.9163002	1.656314	0.5800201	7.055709
186	-8122.723	-8381.911	259.1883	0.9489366	1.619807	0.5040787	7.055709
192	-8128.017	-8386.038	258.0207	0.8336506	1.680643	0.5040787	7.721515
198	-8136.564	-8393.859	257.2943	0.8543637	1.680643	0.5045497	8.097757
204	-8131.153	-8391.006	259.853	0.9141982	1.820122	0.5043804	6.644268
210	-8132.629	-8392.556	259.9262	0.8266201	1.759231	0.5375991	6.644268
216	-8120.368	-8377.97	257.6019	0.8589728	1.684775	0.5375991	7.901403
222	-8117.843	-8377.741	259.898	0.9369239	1.724091	0.5375991	6.612291
228	-8125.235	-8383.577	258.342	0.8863929	1.88309	0.5375991	7.422723
234	-8122.409	-8381.762	259.3524	1.020638	1.715894	0.567854	6.839492
240	-8105.791	-8365.307	259.5161	0.8569239	1.715894	0.567854	6.839492
246	-8111.896	-8371.844	259.9485	0.9001945	1.742819	0.5598325	6.57954
252	-8107.96	-8367.097	259.1366	0.8712204	1.691628	0.5178531	7.087008
258	-8107.166	-8366.177	259.0112	0.8712204	1.826756	0.6130156	7.029509
264	-8120.248	-8378.1	257.8518	0.7747763	1.922838	0.6130156	7.671496
270	-8113.518	-8371.145	257.6264	0.8837586	1.844829	0.6130156	7.759367
276	-8108.28	-8368.064	259.7841	0.8703194	1.5433	0.5793741	6.742453
282	-8113.892	-8371.605	257.7125	0.7699237	1.473463	0.6073737	7.913553
288	-8136.861	-8395.647	258.7853	0.8607196	1.354443	0.5878736	7.355153
294	-8121.782	-8381.625	259.8431	0.8834343	1.607426	0.5878736	6.672199
300	-8124.657	-8382.842	258.1855	0.9263172	1.879185	0.4470934	7.567666
306	-8122.957	-8380.565	257.6084	0.8473805	1.923601	0.6444674	7.738885
312	-8122.435	-8381.381	258.9468	0.8804967	1.595017	0.6444674	7.11812
318	-8135.768	-8394.9	259.1322	0.794341	1.595017	0.5789371	7.115285
324	-8135.384	-8394.003	258.618	0.8030163	1.739721	0.5757396	7.336829
330	-8126.917	-8384.784	257.8668	0.8373401	1.739721	0.5408266	7.749318
336	-8128.543	-8385.086	256.543	0.8139757	1.434971	0.5921413	8.539909
342	-8126.141	-8385.106	258.9645	0.8941021	1.516638	0.5482546	7.206988
348	-8118.176	-8375.738	257.5619	0.6742671	1.516638	0.5482546	8.075065
354	-8114.624	-8372.744	258.1203	0.8431254	1.773259	0.5482546	7.592804
360	-8117.325	-8375.308	257.9825	0.8095516	1.378203	0.5843169	7.805069
366	-8132.239	-8390.78	258.5412	0.8325561	1.310126	0.5843169	7.522993
372	-8109.827	-8368.302	258.4759	0.7954434	1.714962	0.5843169	7.419016
378	-8113.213	-8371.635	258.4222	0.8490829	1.714962	0.5843169	7.419016
384	-8116.595	-8375.106	258.5113	0.8566824	1.596049	0.5737715	7.419016
390	-8106.976	-8364.175	257.1985	0.7840908	1.676781	0.5737715	8.129739
396	-8122.693	-8381.977	259.2833	0.9317997	1.845868	0.5737715	6.874811
402	-8122.913	-8380.331	257.4183	0.7543934	1.616816	0.5753204	8.048988
408	-8127.869	-8384.16	256.2907	0.7835356	1.616816	0.4930999	8.702226
414	-8125.723	-8385.987	260.2637	0.9174814	1.844344	0.5925595	6.337631
420	-8116.306	-8374.673	258.3678	0.854868	1.710016	0.541434	7.481833
426	-8109.033	-8367.142	258.1093	0.7436757	1.710016	0.5068313	7.709342
432	-8117.431	-8376.462	259.0319	0.7943833	1.614257	0.5452664	7.189593
438	-8119.2	-8377.03	257.8301	0.8774833	1.706562	0.5452664	7.755469
444	-8131.321	-8389.029	257.7088	0.8932605	1.643103	0.6435253	7.757803
450	-8126.502	-8386.379	259.8771	0.9328151	1.442741	0.5515948	6.721271
456	-8123.355	-8381.186	257.8305	0.8657261	1.442741	0.5515948	7.856101
462	-8114.21	-8370.937	256.7272	0.7669235	1.700249	0.5515948	8.399285
468	-8120.989	-8378.808	257.8197	0.7947266	1.747704	0.5515948	7.785574
474	-8120.5	-8379.057	258.5577	0.8323972	1.953572	0.5595764	7.294786
480	-8116.644	-8374.149	257.5054	0.8323972	1.953572	0.5595764	7.858164
486	-8115.393	-8374.572	259.1789	0.9386682	1.664002	0.5506423	7.010072
492	-8124.778	-8383.91	259.1317	0.8638936	1.840228	0.5506423	7.013961
498	-8138.845	-8397.365	258.5195	0.9323211	1.689619	0.4711941	7.428032
504	-8146.726	-8407.028	260.302	0.9588794	1.513722	0.514353	6.480635
510	-8139.489	-8398.367	258.8785	0.9139835	1.82894	0.514353	7.157922
516	-8142.883	-8404.319	261.4358	0.9336823	1.684869	0.514353	5.812091
522	-8117.168	-8376.481	259.3131	0.9858349	1.866574	0.4985757	6.886562
528	-8114.641	-8373.655	259.0134	0.9111519	1.446828	0.6314888	7.133428
534	-8133.341	-8393.469	260.1281	0.9094763	1.723521	0.610814	6.443252
540	-8139.163	-8397.971	258.8088	0.8999328	1.878936	0.4680062	7.22792
546	-8124.363	-8383.673	259.3096	0.8738423	1.878936	0.5469314	6.902885
552	-8137.889	-8395.037	257.1479	0.8332883	1.9021	0.5643013	8.061129
558	-8131.681	-8389.956	258.2754	0.8332883	1.542446	0.5643013	7.585935
564	-8106.615	-8365.571	258.9561	0.9138795	1.778461	0.5469692	7.105706
570	-8114.874	-8373.413	258.5393	0.9363905	1.802351	0.6176232	7.252949
576	-8121.11	-8380.391	259.281	0.9273154	1.724902	0.5532893	6.937064
582	-8132.338	-8392.119	259.781	0.9259155	1.724733	0.6341173	6.603986
588	-8153.827	-8413.871	260.0438	0.8795131	1.724733	0.5583689	6.546802
594	-8136.748	-8396	259.2517	0.8667412	1.814559	0.5532893	6.954307
600	-8135.022	-8392.49	257.4688	0.7420683	1.678863	0.6643779	7.938508
606	-8137.06	-8394.027	256.9678	0.7926852	1.678863	0.6643779	8.17859
612	-8126.526	-8384.3	257.7739	0.8526522	1.655923	0.6708559	7.720136
618	-8123.793	-8383.568	259.7743	0.8598982	1.805261	0.6056021	6.637004
624	-8115.786	-8375.556	259.7692	0.8749905	1.805261	0.5987723	6.637004
630	-8128.31	-8385.717	257.4068	0.8249102	1.69358	0.5969099	7.972662
636	-8125.39	-8383.581	258.1915	0.8117994	1.755242	0.5957933	7.539439
642	-8133.545	-8392.666	259.1214	0.9103625	1.755242	0.5529247	7.021756
648	-8131.415	-8390.813	259.3976	0.748465	1.549482	0.5529247	7.035776
654	-8130.33	-8389.372	259.0421	0.8892316	1.872677	0.5529247	7.035776
660	-8106.664	-8366.761	260.0976	0.865058	1.77736	0.5018014	6.555549
666	-8107.599	-8367.335	259.7361	0.8704467	1.795337	0.5018014	6.741871
672	-8128.027	-8386.092	258.0655	0.8442075	1.795337	0.6525308	7.532745
678	-8111.136	-8370.84	259.7041	0.8924598	1.506755	0.5205689	6.837111
684	-8110.733	-8370.243	259.5109	0.9472704	1.515852	0.5205689	6.908168
690	-8109.486	-8369.39	259.9035	0.9686857	1.658123	0.5535977	6.602549
696	-8113.389	-8373.828	260.4393	0.9256222	1.564659	0.6803612	6.272462
702	-8124.616	-8385.481	260.8646	0.8982583	1.910491	0.6457927	5.957616
708	-8104.843	-8364.894	260.0513	0.9156865	1.824357	0.5176114	6.523032
714	-8105.562	-8366.094	260.5322	0.9731612	1.911907	0.5342633	6.187004
720	-8123.478	-8381.401	257.9235	0.8324943	1.870036	0.5342633	7.682835
726	-8112.359	-8371.652	259.2933	0.8083176	1.870036	0.6149659	6.895378
732	-8125.266	-8381.762	256.4959	0.8083176	1.618213	0.6278966	8.470081
738	-8130.312	-8386.506	256.1936	0.7481852	1.618213	0.6278966	8.662518
744	-8116.871	-8376.041	259.1695	0.8726237	1.574125	0.5594625	7.076876
750	-8129.734	-8387.728	257.9941	0.8564677	1.746497	0.5594625	7.653253
756	-8124.929	-8384.113	259.1844	0.8655837	1.44856	0.5715953	7.112037
762	-8115.336	-8373.256	257.9195	0.8255934	1.752222	0.5715953	7.697857
768	-8120.395	-8377.687	257.2918	0.7971344	1.486922	0.5715953	8.146152
774	-8136.206	-8394.639	258.4328	0.892827	1.880011	0.6073764	7.315308
780	-8147.805	-8404.922	257.1173	0.8081054	1.950694	0.6570691	8.004162
786	-8136.179	-8394.057	257.8784	0.7876438	1.950694	0.532447	7.70624
792	-8118.3	-8377.631	259.3306	0.8295774	1.670257	0.532447	7.000143
798	-8124.893	-8383.701	258.808	0.7860855	1.670257	0.5602311	7.281289
804	-8115.028	-8373.84	258.8121	0.839134	1.670257	0.5236627	7.281289
810	-8122.208	-8380.628	258.4197	0.8451022	1.670257	0.8213257	7.272611
816	-8119.009	-8377.521	258.5122	0.883515	1.386275	0.8042942	7.323551
822	-8107.951	-8366.768	258.8168	0.8719697	1.386275	0.6403332	7.278477
828	-8106.729	-8364.642	257.9138	0.780932	1.789251	0.6301592	7.666493
834	-8124.144	-8382.86	258.716	0.8752633	1.456264	0.5839424	7.345443
840	-8104.645	-8363.431	258.786	0.8394069	1.489392	0.5251982	7.362395
846	-8115.948	-8374.982	259.0338	0.9296495	1.750475	0.5251982	7.083604
852	-8114.588	-8373.011	258.4235	0.8557193	1.750475	0.5212429	7.454385
858	-8131.851	-8391.268	259.4169	0.8226537	1.379699	0.583844	7.028686
864	-8115.336	-8374.075	258.7385	0.8385318	1.579355	0.5674734	7.318229
870	-8128.118	-8384.556	256.4375	0.6804415	1.579355	0.5674734	8.630213
876	-8128.688	-8386.93	258.2428	0.8002968	1.620132	0.5360878	7.615059
882	-8124.257	-8382.886	258.6294	0.8079741	1.437352	0.643211	7.390116
888	-8128.383	-8385.454	257.071	0.7954185	1.437352	0.5839026	8.274593
894	-8119.545	-8376.659	257.114	0.8058554	1.565507	0.5075904	8.259299
900	-8124.822	-8383.206	258.3838	0.8314713	1.431651	0.529091	7.601994
906	-8113.82	-8371.952	258.1317	0.7816836	1.727897	0.5895797	7.601994
912	-8104.45	-8364.021	259.5705	0.9419146	1.825261	0.5323262	6.755822
918	-8103.947	-8362.872	258.9253	0.9035932	1.565506	0.6052416	7.158221
924	-8111.612	-8369.778	258.1661	0.8702529	1.710108	0.5500166	7.574421
930	-8137.231	-8395.326	258.0948	0.8745481	1.799754	0.5904624	7.546464
936	-8140.674	-8398.655	257.9809	0.7613172	1.476744	0.5648707	7.807073
942	-8133.363	-8391.191	257.8285	0.7729382	1.535665	0.5629942	7.860787
948	-8131.94	-8389.377	257.4372	0.7331351	1.549916	0.5652925	8.083441
954	-8129.27	-8386.792	257.5225	0.7396044	1.425709	0.5652925	8.083441
960	-8133.361	-8391.153	257.7917	0.7550979	1.425709	0.6442997	7.870619
966	-8141.204	-8396.762	255.5572	0.7369054	1.425709	0.5740441	9.121238
972	-8128	-8386.52	258.52	0.802021	1.66633	0.6038099	7.393951
978	-8119.999	-8378.142	258.1431	0.8142135	1.801194	0.5950228	7.548824
984	-8127.5	-8386.59	259.0898	0.8368754	1.801194	0.5301308	7.081619
990	-8131.876	-8390.264	258.3877	0.8022769	1.455307	0.5301308	7.60509
996	-8120.844	-8377.965	257.1209	0.7934716	1.592638	0.5301308	8.232685
1002	-8117.215	-8375.418	258.2031	0.7934716	1.592638	0.5396317	7.647237
1008	-8122.574	-8381.951	259.3767	0.8892123	1.592638	0.6475621	6.880552
1014	-8119.6	-8377.983	258.3834	0.848008	1.61597	0.6856258	7.400406
1020	-8133.049	-8392.607	259.5579	0.9409623	1.893999	0.6856258	6.620541
1026	-8119.904	-8378.32	258.4154	0.8421456	1.830946	0.4677037	7.486244
1032	-8123.439	-8381.329	257.8909	0.8117277	1.548992	0.6213709	7.755812
1038	-8125.842	-8384.521	258.6788	0.8431657	1.548992	0.5522413	7.371857
1044	-8110.07	-8367.812	257.7418	0.7874399	1.548992	0.5699211	7.888624
1050	-8125.872	-8383.75	257.878	0.7972674	1.796989	0.5314621	7.752857
1056	-8131.461	-8390.175	258.7132	0.9504669	1.62081	0.5314621	7.286089
1062	-8122.39	-8380.496	258.1065	0.8318607	1.62081	0.7377456	7.519765
1068	-8116.782	-8374.623	257.8405	0.8688782	1.471942	0.7377456	7.699478
1074	-8115.13	-8373.274	258.1444	0.750935	1.518137	0.5766561	7.699478
1080	-8113.396	-8371.506	258.1103	0.8083916	1.413183	0.6144181	7.699478
1086	-8108.706	-8366.874	258.1681	0.822206	1.413183	0.5657465	7.699478
1092	-8100.617	-8358.559	257.9413	0.7738762	1.731703	0.5436989	7.743855
1098	-8106.39	-8364.3	257.9096	0.8055324	1.731703	0.5436989	7.743855
1104	-8140.129	-8398.626	258.4974	0.7986437	1.435636	0.6303068	7.476224
1110	-8129.292	-8387.257	257.9652	0.8000614	1.617025	0.5268367	7.772611
1116	-8132.284	-8388.665	256.381	0.7553273	1.752194	0.5677203	8.558109
1122	-8117.587	-8374.169	256.5822	0.7848771	1.752194	0.5677203	8.435522
1128	-8120.924	-8376.869	255.9458	0.8703076	1.480475	0.5677203	8.828064
1134	-8117.734	-8375.48	257.7458	0.7788399	1.480475	0.5677203	7.919495
1140	-8118.805	-8378.174	259.3683	0.8518916	1.824394	0.5808603	6.873606
1146	-8123.756	-8381.051	257.2947	0.8892396	1.70192	0.6263443	7.972624
1152	-8110.457	-8370.141	259.6844	0.9604924	1.503754	0.4947219	6.835039
1158	-8123.734	-8381.701	257.9672	0.8156643	1.503754	0.5211939	7.811132
1164	-8131.869	-8389.307	257.4378	0.8420812	1.485145	0.727579	7.930511
1170	-8120.762	-8380.114	259.3526	0.8672613	1.485145	0.7843313	6.852549
1176	-8128.944	-8388.173	259.2289	0.9180346	1.586251	0.7843313	6.852549
1182	-8119.99	-8379.155	259.1654	0.9064029	1.467515	0.5098035	7.144704
1188	-8126.087	-8384.587	258.5	0.7960417	1.416483	0.4950137	7.594655
1194	-8150.03	-8408.506	258.4766	0.9588254	1.565227	0.4198724	7.532082
1200	-8117.794	-8376.531	258.7362	0.8769735	1.600681	0.5756726	7.284187
1206	-8116.493	-8376.777	260.2835	0.9480169	1.741088	0.5983328	6.341581
1212	-8116.607	-8374.797	258.1903	0.8432719	2.053414	0.4638779	7.538213
1218	-8115.376	-8373.414	258.0372	0.861585	1.527252	0.541565	7.722785
1224	-8116.516	-8374.141	257.6244	0.8001811	1.506336	0.541565	7.984187
1230	-8111.491	-8369.518	258.027	0.8146905	1.822372	0.5674756	7.625455
1236	-8104.833	-8363.374	258.5411	0.8188356	1.76496	0.5674756	7.367461
1242	-8101.071	-8360.061	258.9896	0.8733934	1.76496	0.5674756	7.097244
1248	-8120.84	-8381.404	260.5641	0.9153686	1.764729	0.5674756	6.223406
1254	-8107.989	-8367.342	259.3527	0.9037648	1.641342	0.5674756	6.929695
1260	-8111.706	-8371.091	259.385	0.8939984	1.641342	0.5527266	6.929695
1266	-8114.517	-8372.988	258.4717	0.8732909	1.943788	0.5651957	7.317593
1272	-8112.68	-8370.29	257.6096	0.7778257	1.497691	0.5651957	7.987943
1278	-8123.107	-8381.359	258.2514	0.8802985	1.721755	0.4760523	7.583608
1284	-8114.139	-8371.729	257.59	0.8255277	1.697522	0.5556471	7.906085
1290	-8119.374	-8377.982	258.6084	0.8888887	1.553396	0.5556471	7.380575
1296	-8122.637	-8381.057	258.4202	0.9061619	1.788036	0.6503769	7.313485
1302	-8109.004	-8367.009	258.0046	0.8040994	1.548484	0.5830369	7.729046
1308	-8123.963	-8383.394	259.4314	0.9072063	1.548484	0.6426472	6.861892
1314	-8116.744	-8377.539	260.7953	1.01194	1.641156	0.6426472	6.030535
1320	-8101.422	-8360.149	258.7265	0.9138783	1.646395	0.518261	7.300477
1326	-8120.382	-8378.801	258.419	0.8013614	1.546879	0.6945906	7.426115
1332	-8114.663	-8372.118	257.4552	0.8178954	1.566096	0.5942811	7.999444
1338	-8122.223	-8380.182	257.9584	0.730514	1.566096	0.5057009	7.850737
1344	-8120.917	-8378.585	257.6684	0.7814392	1.65155	0.5360681	7.920571
1350	-8126.129	-8383.383	257.2534	0.8446127	1.65155	0.4123417	8.221575
1356	-8112.807	-8371.001	258.1936	0.7881912	1.441746	0.605852	7.660641
1362	-8120.632	-8379.917	259.2847	0.8210211	1.543917	0.605852	7.017165
1368	-8114.518	-8372.394	257.8759	0.8091521	1.383719	0.6660398	7.798256
1374	-8112.958	-8371.437	258.4784	0.7564425	1.383719	0.5457338	7.597323
1380	-8102.631	-8359.388	256.7574	0.7920585	1.383719	0.5589395	8.485084
1386	-8104.763	-8363.188	258.4247	0.7647233	1.661307	0.5589395	7.502646
1392	-8106.957	-8365.789	258.8318	0.8302896	1.623501	0.5589395	7.26302
1398	-8124.184	-8383.991	259.8072	0.8578627	1.623501	0.5696979	6.71407
1404	-8123.754	-8382.069	258.3144	0.8792602	1.76418	0.534818	7.48392
1410	-8108.723	-8367.641	258.9183	0.8740106	1.77811	0.5241638	7.166892
1416	-8116.87	-8375.747	258.8768	0.8464227	1.554634	0.5241638	7.28532
1422	-8118.862	-8376.424	257.5623	0.7826491	1.606596	0.5241638	8.003162
1428	-8112.656	-8369.296	256.6406	0.8063387	1.606596	0.5241638	8.481133
1434	-8125.304	-8383.679	258.3752	0.7780847	1.586762	0.4918085	7.607006
1440	-8122.387	-8380.524	258.1367	0.8602148	1.379875	0.5465248	7.725543
1446	-8113.027	-8371.907	258.8802	0.7855151	1.480772	0.5465248	7.32612
1452	-8107.614	-8367.058	259.4445	0.8940748	1.710643	0.5295923	6.891919
1458	-8102.375	-8361.503	259.128	0.8574852	1.586323	0.6411296	7.038768
1464	-8114.03	-8373.774	259.744	0.9089664	1.548172	0.6155571	6.712851
1470	-8123.939	-8380.389	256.4503	0.6925252	1.704432	0.5398566	8.594124
1476	-8118.94	-8376.167	257.2271	0.74757	2.032341	0.5574129	8.028947
1482	-8112.339	-8370.822	258.4823	0.7322043	1.992713	0.5869806	7.354475
1488	-8113.737	-8372.321	258.5837	0.7857553	1.742788	0.5869806	7.354475
1494	-8130.52	-8389.228	258.7087	0.7833667	1.742788	0.5080284	7.354475
1500	-8119.526	-8376.668	257.1427	0.7724714	1.742788	0.5751995	8.141188
1506	-8118.407	-8375.33	256.923	0.7643855	1.627554	0.6779429	8.226411
1512	-8117.555	-8374.624	257.0682	0.8186835	1.503499	0.5980046	8.226411
1518	-8116.629	-8374.817	258.1877	0.7343919	1.536255	0.6059481	7.655141
1524	-8118.111	-8374.293	256.1823	0.767544	1.944343	0.4968904	8.652945
1530	-8119.853	-8376.528	256.6754	0.767544	1.60457	0.4980332	8.506654
1536	-8124.379	-8380.824	256.4446	0.7685854	1.827352	0.4980332	8.550334
1542	-8125.908	-8383.174	257.2663	0.8005103	1.516325	0.5430836	8.169704
1548	-8113.088	-8371.854	258.7661	0.8348452	1.504268	0.5699439	7.33238
1554	-8123.731	-8381.959	258.2282	0.8055842	1.563064	0.5883992	7.598844
1560	-8122.179	-8380.749	258.5704	0.8191374	1.563064	0.612224	7.389669
1566	-8130.336	-8389.65	259.3145	0.8019803	1.560654	0.612224	6.999985
1572	-8114.425	-8371.778	257.3529	0.8173672	1.538573	0.612224	8.050939
1578	-8111.447	-8368.361	256.9137	0.7236864	1.724838	0.612224	8.26645
1584	-8112.102	-8369.674	257.5718	0.7236821	1.773733	0.4929598	7.997044
1590	-8119.318	-8376.893	257.5754	0.8581215	1.749035	0.4929598	7.931902
1596	-8114.29	-8371.151	256.8605	0.8411337	1.579688	0.4929598	8.382918
1602	-8104.748	-8362.364	257.6161	0.7779892	1.645389	0.5510755	7.940116
1608	-8107.219	-8365.458	258.2392	0.8789907	1.590166	0.4781939	7.636795
1614	-8111.27	-8370.45	259.1802	0.8931988	1.469889	0.5800507	7.084029
1620	-8108.362	-8366.346	257.9843	0.8945238	1.493723	0.5800507	7.715171
1626	-8105.255	-8363.864	258.6088	0.7867808	1.539858	0.5536623	7.441931
1632	-8131.732	-8387.659	255.9272	0.7088052	1.539858	0.6684881	8.824427
1638	-8108.969	-8367.466	258.4976	0.8553109	1.63429	0.6161993	7.379578
1644	-8122.608	-8381.539	258.9306	0.8352937	1.63429	0.6161993	7.157807
1650	-8120.944	-8379.691	258.7468	0.8126201	1.957158	0.6161993	7.157807
1656	-8110.749	-8369.886	259.1368	0.8602201	1.576309	0.6161993	7.055248
1662	-8108.631	-8366.499	257.8688	0.8420668	1.628483	0.5553018	7.773648
1668	-8109.752	-8368.313	258.5605	0.8420668	1.73337	0.5553018	7.365576
1674	-8113.747	-8372.195	258.4481	0.8652906	1.511433	0.5720683	7.482051
1680	-8126.291	-8382.602	256.3113	0.7988765	1.553913	0.5720683	8.640242
1686	-8115.652	-8372.724	257.0727	0.7722488	1.577535	0.5805058	8.234127
1692	-8125.982	-8384.852	258.8697	0.9221973	1.744139	0.5805058	7.132228
1698	-8129.192	-8388.121	258.929	0.8082642	1.473096	0.5657741	7.274937
1704	-8125.513	-8384.232	258.7184	0.9032982	1.758416	0.5657741	7.230606
1710	-8127.539	-8385.844	258.3042	0.8667986	1.758416	0.5376108	7.495724
1716	-8127.638	-8385.916	258.2774	0.7876251	1.376868	0.5721198	7.66946
1722	-8134.686	-8392.348	257.6622	0.7173382	1.585702	0.6075431	7.92501
1728	-8129.943	-8387.405	257.462	0.8079377	1.555256	0.6440696	7.967471
1734	-8128.68	-8387.513	258.8328	0.7298462	1.344752	0.6810359	7.334104
1740	-8113.536	-8372.301	258.7646	0.7428903	1.552384	0.5502717	7.379919
1746	-8122.309	-8382.051	259.7424	0.8964533	1.570241	0.5502717	6.764345
1752	-8117.513	-8376.96	259.4469	0.8798936	1.634038	0.5502717	6.908657
1758	-8122.177	-8380.995	258.8174	0.8566679	1.627029	0.5495924	7.263001
1764	-8136.734	-8395.677	258.9431	0.8464326	1.338847	0.5545063	7.311789
1770	-8135.244	-8393.63	258.3868	0.834765	1.627029	0.6784521	7.406678
1776	-8136.515	-8395.185	258.6702	0.8869605	1.627029	0.6784521	7.226621
1782	-8155.609	-8415.157	259.5486	0.7935842	1.701565	0.6020933	6.833941
1788	-8143.27	-8402.832	259.5625	0.8043197	1.701565	0.6675586	6.771282
1794	-8134.205	-8393.269	259.0631	0.8769687	1.352596	0.6202549	7.172898
1800	-8139.137	-8395.987	256.8497	0.8370629	1.55461	0.5682009	8.336783
1806	-8131.975	-8391.281	259.3065	0.84591	1.868143	0.5682009	6.905685
1812	-8122.821	-8382.02	259.199	0.7991638	1.678132	0.5410408	7.077216
1818	-8130.671	-8388.74	258.0698	0.9047941	1.678132	0.5410408	7.626398
1824	-8126.7	-8385.423	258.7222	0.794058	1.45509	0.6244304	7.354723
1830	-8116.471	-8374.524	258.0534	0.7566712	1.579139	0.6244304	7.684605
1836	-8118.759	-8375.076	256.3177	0.7259469	1.605591	0.6252379	8.615099
1842	-8111.805	-8370.017	258.2125	0.8216579	1.717433	0.6661237	7.483306
1848	-8109.265	-8367.359	258.0944	0.9248605	1.770328	0.5444821	7.567098
1854	-8103.522	-8361.318	257.7958	0.8102869	1.55714	0.5580607	7.854085
1860	-8100.056	-8359.702	259.6458	0.8556971	1.628934	0.5608659	6.807568
1866	-8101.226	-8360.669	259.4432	0.8876747	1.726496	0.6327373	6.807568
1872	-8101.555	-8359.706	258.1512	0.8460601	1.589788	0.6037789	7.596266
1878	-8100.95	-8359.469	258.5186	0.8259615	1.627166	0.4861276	7.494644
1884	-8107.027	-8365.749	258.7218	0.8548984	1.56041	0.6066172	7.294616
1890	-8129.592	-8389.694	260.1018	0.9568817	1.56041	0.6011623	6.499876
1896	-8147.812	-8405.906	258.0946	0.8021758	1.461559	0.6284633	7.680869
1902	-8133.192	-8391.012	257.8199	0.7225819	1.529245	0.6303647	7.842188
1908	-8125.278	-8383.541	258.2631	0.8739992	1.529245	0.665129	7.498536
1914	-8120.914	-8379.338	258.4239	0.8020309	1.424791	0.6569269	7.498536
1920	-8126.106	-8385.271	259.165	0.7712929	1.471512	0.6569269	7.098287
1926	-8110.169	-8367.892	257.7228	0.7794558	1.748502	0.5472394	7.848807
1932	-8110.205	-8368.798	258.5927	0.8653132	1.465056	0.5762579	7.419522
1938	-8110.905	-8369.872	258.9668	0.8607222	1.516909	0.5257413	7.242594
1944	-8111.935	-8370.848	258.9126	0.8012725	1.516909	0.6318739	7.218491
1950	-8111.704	-8370.524	258.8199	0.8125804	1.516909	0.5191452	7.352985
1956	-8110.469	-8369.521	259.0515	0.888075	1.805334	0.5191452	7.082673
1962	-8112.455	-8370.053	257.598	0.8738603	1.744689	0.5035338	7.903628
1968	-8106.143	-8364.917	258.7736	0.8324023	1.435302	0.630603	7.30995
1974	-8131.252	-8389.657	258.4048	0.8802729	1.415377	0.6018452	7.512174
1980	-8123.951	-8382.124	258.173	0.8426476	1.415377	0.6189339	7.64323
1986	-8135.674	-8396.089	260.4148	0.9531517	1.613929	0.6189339	6.297858
1992	-8134.503	-8394.279	259.7752	0.842949	1.424235	0.6500489	6.755089
1998	-8138.125	-8398.075	259.95	0.8874469	1.438505	0.4958165	6.756404
2004	-8144.192	-8402.252	258.0604	0.7543174	1.438505	0.576381	7.77443
2010	-8122.271	-8380.01	257.7397	0.8177734	1.710274	0.6207769	7.77443
2016	-8121.016	-8378.093	257.0768	0.8377752	1.621335	0.6207769	8.149563
2022	-8108.757	-8367.207	258.4493	0.854585	1.663747	0.6361821	7.379984
2028	-8116.779	-8374.797	258.0177	0.7929256	1.743241	0.6361821	7.615891
2034	-8113.359	-8372.306	258.9468	0.8633935	1.743241	0.6361821	7.079609
2040	-8112.125	-8369.688	257.5633	0.8029192	1.743241	0.5967257	7.88351
2046	-8127.01	-8385.637	258.6271	0.8872353	1.723879	0.4497332	7.402467
2052	-8120.186	-8379.343	259.1566	0.9049128	1.562551	0.5263613	7.098636
2058	-8123.169	-8380.194	257.0248	0.787671	1.562551	0.4524959	8.367439
2064	-8115.371	-8372.512	257.1414	0.7926024	1.456213	0.5921511	8.224589
2070	-8134.886	-8393.709	258.8227	0.7975029	1.466853	0.6853981	7.24952
2076	-8125.996	-8383.536	257.5398	0.8185735	1.935805	0.5132195	7.891852
2082	-8131.368	-8389.745	258.3773	0.8357357	1.537001	0.6268686	7.483137
2088	-8133.839	-8392.219	258.3806	0.8798401	1.643942	0.6301314	7.41504
2094	-8134.075	-8392.333	258.2587	0.9033748	1.642911	0.5705016	7.514591
2100	-8120.523	-8378.463	257.9398	0.8175193	1.642911	0.643348	7.674955
2106	-8117.417	-8375.289	257.8725	0.8138947	1.749259	0.643348	7.674955
2112	-8117.185	-8376.24	259.0552	0.9254027	1.749259	0.643348	6.980426
2118	-8119.261	-8377.026	257.7648	0.8712644	1.61335	0.5820427	7.797634
2124	-8129.596	-8386.972	257.3759	0.7863609	1.507862	0.5280892	8.134726
2130	-8127.722	-8386.424	258.7014	0.8562345	1.777214	0.5280892	7.289899
2136	-8129.939	-8388.578	258.6387	0.8743439	1.476126	0.5280892	7.425439
2142	-8136.664	-8395.524	258.8599	0.8442659	1.540116	0.5280892	7.297796
2148	-8122.003	-8378.836	256.8336	0.7278785	1.540116	0.5965098	8.386541
2154	-8123.949	-8380.963	257.0138	0.8240517	1.62997	0.5453642	8.246875
2160	-8127.531	-8385.067	257.5356	0.7292185	1.793836	0.5453642	7.961463
2166	-8122.943	-8380.139	257.1963	0.7805022	1.827771	0.481808	8.158558
2172	-8110.432	-8369.721	259.2889	0.9070964	1.618585	0.538161	6.995042
2178	-8121.003	-8380.41	259.4065	0.9529578	1.618585	0.5275478	6.916014
2184	-8128.29	-8387.305	259.0151	0.7994953	1.664708	0.6202022	7.117423
2190	-8121.663	-8380.48	258.8171	0.9355137	1.408995	0.4723299	7.37365
2196	-8122.066	-8380.642	258.5757	0.8022292	1.408995	0.5152809	7.536052
2202	-8139.504	-8399.014	259.5103	0.9569129	1.691477	0.6555113	6.729486
2208	-8128.26	-8386.672	258.4121	0.7982437	1.86642	0.6148038	7.375966
2214	-8124.573	-8382.459	257.8858	0.7605966	1.490446	0.4875477	7.918778
2220	-8117.948	-8377.029	259.0812	0.8727706	1.520872	0.5538385	7.149434
2226	-8119.382	-8377.403	258.0214	0.8474916	1.520872	0.5538385	7.73108
2232	-8127.426	-8386.028	258.6016	0.8223873	1.447524	0.5836694	7.438905
2238	-8126.832	-8383.749	256.9174	0.7278644	1.644683	0.5836694	8.313049
2244	-8112.759	-8370.941	258.1826	0.8737498	1.644683	0.570938	7.570185
2250	-8111.279	-8370.506	259.227	0.870055	1.728516	0.537995	7.008562
2256	-8109.618	-8367.344	257.726	0.8473217	1.533255	0.5345437	7.900264
2262	-8107.488	-8364.969	257.4817	0.7722913	1.533255	0.6326562	7.992894
2268	-8111.72	-8369.178	257.4586	0.7644004	1.522112	0.6326562	8.013737
2274	-8114.658	-8372.688	258.0308	0.8455121	1.729553	0.6757341	7.556668
2280	-8123.084	-8381.153	258.0693	0.7803835	1.804756	0.5585977	7.634366
2286	-8134.942	-8391.851	256.9087	0.7692971	2.005068	0.5747775	8.181502
2292	-8119.266	-8376.337	257.071	0.8448545	1.593656	0.5916817	8.181502
2298	-8124.535	-8381.745	257.2101	0.7902778	1.659857	0.5916817	8.112166
2304	-8118.358	-8375.6	257.2427	0.8381253	1.544638	0.5916817	8.112166
2310	-8103.597	-8361.972	258.375	0.7964326	1.659121	0.5916817	7.486786
2316	-8115.619	-8374.177	258.5578	0.8763744	1.646835	0.5625798	7.373719
2322	-8127.832	-8385.26	257.4277	0.9163471	1.793441	0.5407224	7.923203
2328	-8128.673	-8388.22	259.5469	0.9761355	1.617084	0.5204576	6.834503
2334	-8122.442	-8380.111	257.6693	0.7742054	1.648454	0.6071013	7.868005
2340	-8113.514	-8371.769	258.2549	0.7880222	1.782853	0.5640749	7.533939
2346	-8121.633	-8379.946	258.3126	0.8367932	1.622986	0.5640749	7.533939
2352	-8123.468	-8381.972	258.5046	0.8672819	1.648531	0.5640749	7.405301
2358	-8135.294	-8394.357	259.0632	0.8517479	1.648531	0.5640749	7.1137
2364	-8146.661	-8404.32	257.6593	0.8807843	1.411499	0.5155258	7.982607
2370	-8134.351	-8392.687	258.3366	0.8510197	1.738483	0.6706845	7.390347
2376	-8125.327	-8384.975	259.6476	0.9287212	1.536693	0.4963743	6.857614
2382	-8123.184	-8381.671	258.4866	0.7640119	1.536693	0.5062998	7.561098
2388	-8116.971	-8375.229	258.2572	0.7514163	1.400784	0.5305311	7.723979
2394	-8127.643	-8385.331	257.6884	0.842246	1.361459	0.5305311	7.995622
2400	-8112.463	-8370.55	258.0869	0.822467	1.456347	0.5305311	7.754378
2406	-8108.1	-8366.492	258.3921	0.7829947	1.456347	0.5574638	7.589816
2412	-8107.325	-8365.836	258.5109	0.7521806	1.456347	0.5652235	7.536362
2418	-8109.282	-8367.133	257.8508	0.8179377	1.456347	0.5549322	7.862589
2424	-8115.37	-8373.506	258.1365	0.825745	1.456347	0.5549322	7.70575
2430	-8126.857	-8385.49	258.6334	0.8176245	1.487607	0.6609542	7.349613
2436	-8118.536	-8375.839	257.3032	0.7968369	1.775245	0.6609542	7.966287
2442	-8120.059	-8377.593	257.5342	0.7795919	1.755851	0.4744073	8.010189
2448	-8130.938	-8389.855	258.9171	0.8618061	1.813936	0.5604284	7.13139
2454	-8125.455	-8382.415	256.9601	0.7851006	1.464604	0.5477404	8.357297
2460	-8129.979	-8389.131	259.1517	0.9234127	2.109704	0.5298919	6.902504
2466	-8118.344	-8377.766	259.4217	0.8697491	1.915075	0.6146405	6.778319
2472	-8136.92	-8396.592	259.6715	0.9265355	1.522253	0.5268215	6.82483
2478	-8139.015	-8397.314	258.2992	0.8854741	1.562293	0.5472778	7.551627
2484	-8124.84	-8382.454	257.614	0.73645	1.76645	0.5472778	7.923575
2490	-8118.375	-8376.098	257.7225	0.8159235	1.767003	0.6340422	7.754791
2496	-8120.943	-8379.478	258.5349	0.8772517	1.644494	0.6390299	7.326779
2502	-8129.826	-8389.03	259.2042	0.8759305	1.700561	0.5560682	7.012527
2508	-8117.794	-8375.94	258.1461	0.8378523	1.836927	0.6447594	7.484614
2514	-8126.82	-8384.622	257.8018	0.827685	1.836927	0.4973627	7.793391
2520	-8110.832	-8369.014	258.1819	0.8530196	1.836927	0.5566226	7.525978
2526	-8111.68	-8369.743	258.0633	0.7969848	1.836927	0.5602417	7.616509
2532	-8122.173	-8380.927	258.7537	0.7989597	1.588375	0.6653106	7.252946
2538	-8131.119	-8387.308	256.1895	0.839545	1.588375	0.7694499	8.529166
2544	-8120.63	-8378.49	257.8601	0.8047635	1.359373	0.671666	7.815237
2550	-8122.554	-8380.228	257.6737	0.8427907	1.625304	0.6432939	7.810219
2556	-8126.348	-8384.224	257.8756	0.7344512	1.625304	0.6540992	7.752267
2562	-8131.333	-8389.508	258.1747	0.7165495	1.343249	0.6540992	7.713777
2568	-8126.644	-8384.485	257.8414	0.8063023	1.670457	0.6540992	7.715664
2574	-8116.735	-8374.99	258.2552	0.7891966	1.668493	0.6031469	7.542476
2580	-8130.388	-8388.533	258.1455	0.8095804	1.804695	0.6031469	7.542476
2586	-8121.947	-8380.395	258.4488	0.784785	1.577139	0.6031469	7.474948
2592	-8118.616	-8377.02	258.4043	0.7897639	1.633875	0.6031469	7.474948
2598	-8128.027	-8388.027	260.0001	0.7897639	1.862427	0.6329911	6.512277
2604	-8129.112	-8387.45	258.3378	0.8070191	1.7667	0.5137739	7.527247
2610	-8120.955	-8379.147	258.1926	0.8234128	1.7667	0.5137739	7.59618
2616	-8112.183	-8370.709	258.5269	0.8281033	1.604879	0.513102	7.473365
2622	-8119.398	-8378.422	259.0244	0.8497628	1.604192	0.5444188	7.16832
2628	-8115.228	-8373.172	257.9441	0.8254313	1.670201	0.5444188	7.736107
2634	-8108.837	-8368.84	260.0035	0.8997459	1.674863	0.5444188	6.587298
2640	-8121.084	-8379.945	258.8615	0.8735352	1.676578	0.5444188	7.216394
2646	-8128.924	-8388.886	259.962	0.911735	1.676578	0.5872742	6.567452
2652	-8126.913	-8386.73	259.8175	0.9264546	1.706151	0.5536279	6.654389
2658	-8109.879	-8369.37	259.4908	0.930297	1.669856	0.5536279	6.841885
2664	-8124.51	-8383.519	259.0093	0.7897638	1.669856	0.5536279	7.176791
2670	-8109.621	-8369.115	259.4935	0.8398851	1.716036	0.6673021	6.784336
2676	-8127.254	-8386.802	259.5486	0.940138	1.716036	0.4396772	6.891065
2682	-8128.233	-8386.931	258.6975	0.8080641	1.716036	0.5957014	7.283962
2688	-8117.872	-8375.875	258.0038	0.8513769	1.475548	0.6956484	7.648861
2694	-8123.331	-8381.581	258.2503	0.7494343	1.475548	0.6956484	7.571492
2700	-8117.86	-8376.037	258.1763	0.8127721	1.489937	0.6956484	7.571492
2706	-8115.064	-8373.697	258.6336	0.839943	1.489937	0.5386501	7.432184
2712	-8108.045	-8366.434	258.3885	0.8857782	1.589691	0.4804561	7.551347
2718	-8109.471	-8366.99	257.5182	0.8693572	1.67938	0.5844754	7.904326
2724	-8110.429	-8368.04	257.6114	0.8942426	1.455601	0.506554	7.990857
2730	-8114.195	-8372.051	257.8564	0.7493222	1.756759	0.5770817	7.766366
2736	-8108.763	-8368.158	259.3948	0.8792814	1.840353	0.5559514	6.859449
2742	-8113.345	-8371.879	258.5337	0.9060769	1.785602	0.4885555	7.384954
2748	-8114.398	-8372.852	258.4538	0.880369	1.785602	0.4830954	7.446517
2754	-8124.07	-8381.316	257.2458	0.7850147	1.584281	0.5617316	8.147648
2760	-8124.339	-8383.56	259.2208	0.8466436	1.584281	0.5643992	7.055329
2766	-8133.083	-8392.296	259.2132	0.8336383	1.773032	0.4448905	7.103952
2772	-8138.728	-8397.573	258.8442	0.8391024	1.849637	0.5207696	7.204044
2778	-8124.452	-8383.265	258.8132	0.8251072	1.80296	0.5193613	7.245261
2784	-8128.872	-8387.638	258.7657	0.847719	1.661027	0.596448	7.245261
2790	-8120.284	-8378.228	257.9438	0.8179611	1.661027	0.4990739	7.782461
2796	-8108.296	-8365.936	257.6401	0.8369703	1.64752	0.6047999	7.852191
2802	-8101.691	-8360.146	258.4547	0.794697	1.64752	0.5491383	7.483582
2808	-8104.449	-8362.702	258.2525	0.8853639	1.808393	0.5493951	7.48644
2814	-8110.682	-8368.821	258.139	0.8187273	1.666559	0.6196363	7.576911
2820	-8101.636	-8359.46	257.8234	0.7910412	1.585084	0.6196363	7.790569
2826	-8116.863	-8373.821	256.9577	0.8796565	1.478818	0.5435824	8.306085
2832	-8119.059	-8377.132	258.0729	0.8426674	1.687127	0.5435824	7.652591
2838	-8110.553	-8367.692	257.1395	0.7734202	1.625966	0.5435824	8.20986
2844	-8123.852	-8382.963	259.1106	0.8798693	1.579777	0.5831022	7.083334
2850	-8113.657	-8372.122	258.465	0.7570849	1.788732	0.6186523	7.392916
2856	-8118.405	-8376.385	257.9798	0.8445417	1.503314	0.6186523	7.710531
2862	-8127.197	-8384.123	256.9267	0.864392	1.413558	0.6079004	8.30567
2868	-8117.657	-8373.25	255.5929	0.7464803	1.362079	0.6267318	9.082916
2874	-8106.875	-8363.406	256.5312	0.7142325	1.671501	0.6267318	8.482857
2880	-8104.772	-8362.31	257.5377	0.7950203	1.522131	0.5523059	8.018095
2886	-8104.793	-8364.353	259.5607	0.8305234	1.559938	0.5719576	6.884063
2892	-8124.409	-8384.044	259.6345	0.865184	1.581718	0.5719576	6.817219
2898	-8139.742	-8398.834	259.0914	0.8898703	1.584995	0.5719576	7.095261
2904	-8126.88	-8385.206	258.3257	0.8500525	1.870474	0.4973233	7.48997
2910	-8123.831	-8381.975	258.1441	0.7679255	1.676283	0.5412293	7.660347
2916	-8129.546	-8387.257	257.711	0.9020136	1.689924	0.5015773	7.849334
2922	-8136.303	-8394.367	258.0636	0.814915	1.518862	0.5015773	7.771211
2928	-8139.397	-8397.465	258.0684	0.9092327	1.547761	0.4324692	7.771211
2934	-8129.342	-8387.965	258.6233	0.9502072	1.870322	0.6680031	7.140021
2940	-8119.622	-8378.557	258.9353	0.7902247	1.665986	0.6680031	7.129301
2946	-8118.445	-8378.046	259.601	0.9675639	1.535075	0.5039985	6.855651
2952	-8107.046	-8367.598	260.5527	0.9575367	1.535075	0.5969495	6.268084
2958	-8112.456	-8370.708	258.2514	0.8905948	1.535075	0.4860353	7.637905
2964	-8111.747	-8370.95	259.2037	0.8317381	1.773882	0.5191954	7.041879
2970	-8133.641	-8394.175	260.5342	0.9254162	1.732695	0.5118162	6.29294
2976	-8132.236	-8391.755	259.5191	0.8785795	1.831662	0.5406261	6.808532
2982	-8124.451	-8383.653	259.2025	0.8798559	1.769028	0.6097542	6.944171
2988	-8117.98	-8377.14	259.1602	0.8969528	1.824964	0.6024841	6.944171
2994	-8131.628	-8392.411	260.7836	0.9401429	1.824964	0.6024841	6.041243
3000	-8125.521	-8385.867	260.3461	0.9344826	1.657417	0.6024841	6.341951
3006	-8123.188	-8383.209	260.021	0.8442206	1.665913	0.5703715	6.589588
3012	-8125.611	-8385.123	259.5121	0.9946776	1.665913	0.6097865	6.752024
3018	-8127.735	-8387.013	259.278	0.9278813	1.82206	0.5776496	6.884737
3024	-8128.911	-8388.473	259.5617	0.9037689	1.55343	0.6820187	6.762713
3030	-8127.278	-8386.07	258.7925	0.8996104	1.401564	0.7514666	7.192221
3036	-8121.701	-8379.513	257.8115	0.8036803	1.605088	0.7514666	7.689419
3042	-8114.622	-8372.743	258.1212	0.7820754	1.531637	0.5773977	7.689419
3048	-8114.453	-8374.087	259.634	0.9591699	1.631854	0.5826977	6.739293
3054	-8111.511	-8369.157	257.6463	0.8551627	1.443546	0.5826977	7.934656
3060	-8113.288	-8371.519	258.2309	0.8073498	1.624558	0.5826977	7.577882
3066	-8113.384	-8371.636	258.2516	0.8657523	1.470638	0.6040325	7.577882
3072	-8108.58	-8366.327	257.7478	0.8365922	1.470638	0.5152156	7.935338
3078	-8118.386	-8376.15	257.7646	0.7488073	1.534059	0.5304856	7.935338
3084	-8117.934	-8374.835	256.9014	0.6996431	1.657533	0.5304856	8.375292
3090	-8119.638	-8378.662	259.0245	0.9130278	1.657533	0.5836836	7.082423
3096	-8107.306	-8367.213	259.9072	0.8347649	1.594609	0.6410029	6.627636
3102	-8110.466	-8369.504	259.0378	0.8610611	1.589268	0.6126644	7.10584
3108	-8114.87	-8372.192	257.3219	0.7751773	1.668391	0.6126644	8.041354
3114	-8110.634	-8368.294	257.6598	0.7791228	1.552301	0.5831156	7.925019
3120	-8115.442	-8373.012	257.5694	0.8055536	1.376851	0.534199	8.069116
3126	-8113.144	-8372.205	259.0614	0.8722456	1.354606	0.534199	7.244636
3132	-8105.193	-8362.173	256.9799	0.7668899	1.349761	0.5519818	8.400107
3138	-8120.297	-8377.656	257.3594	0.7804861	1.675819	0.5519818	8.063921
3144	-8104.398	-8362.291	257.8923	0.8493324	1.798815	0.6414721	7.629699
3150	-8116.508	-8375.711	259.2029	0.8126999	1.598096	0.6414721	7.017891
3156	-8125.359	-8383.364	258.0053	0.8717096	1.543096	0.5760448	7.700127
3162	-8114.051	-8371.943	257.8924	0.8408091	1.896305	0.6416367	7.601478
3168	-8120.358	-8377.947	257.5886	0.830223	1.761856	0.4949979	7.933524
3174	-8122.33	-8380.914	258.5836	0.8174707	1.956399	0.4841614	7.353018
3180	-8118.227	-8376.812	258.5851	0.8782941	1.708616	0.5071612	7.382666
3186	-8130.109	-8387.677	257.5682	0.859635	1.814693	0.5071612	7.899939
3192	-8131.912	-8390.954	259.0425	0.8313396	1.641296	0.6731402	7.054856
3198	-8112.837	-8372.239	259.4016	0.8882631	1.546797	0.4875222	7.016032
3204	-8111.15	-8369.184	258.0335	0.861913	1.552389	0.4875222	7.761783
3210	-8108.712	-8367.203	258.4906	0.8678067	1.884937	0.4696685	7.412382
3216	-8112.968	-8372.704	259.7368	0.8678067	1.806433	0.5622998	6.687313
3222	-8116.651	-8375.429	258.778	0.8398923	1.559372	0.5474251	7.320387
3228	-8113.216	-8371.704	258.488	0.9211417	1.659687	0.5474251	7.394956
3234	-8114.201	-8372.854	258.6533	0.9383432	1.659687	0.5914531	7.261377
3240	-8120.044	-8379.586	259.5421	0.8184956	1.659687	0.5914531	6.847541
3246	-8130.086	-8387.245	257.1598	0.7639439	1.90228	0.4245141	8.216243
3252	-8108.898	-8368.263	259.3651	0.9226647	1.959764	0.4629198	6.894756
3258	-8118.62	-8377.792	259.1724	0.9884344	1.492583	0.6365751	6.9841
3264	-8110.936	-8369.201	258.2643	0.9350257	1.947149	0.5054014	7.445171
3270	-8122.167	-8380.127	257.9595	0.8904535	1.827904	0.5054014	7.67145
3276	-8115.916	-8374.436	258.5202	0.9704419	1.63923	0.5361153	7.368218
3282	-8128.831	-8387.717	258.8869	0.8621698	1.853587	0.510772	7.176097
3288	-8120.501	-8379.534	259.0329	0.827601	1.713725	0.4975884	7.176097
3294	-8127.072	-8384.969	257.8976	0.8122109	1.919289	0.4851904	7.734206
3300	-8117.881	-8377.094	259.2132	0.8812291	1.758029	0.5784528	6.966222
3306	-8115.661	-8373.75	258.089	0.8236594	1.769538	0.5307028	7.635983
3312	-8127.866	-8386.131	258.2645	0.7785658	1.769538	0.5307028	7.566193
3318	-8109.544	-8368.525	258.9809	0.9553776	1.567137	0.5307028	7.160506
3324	-8120.954	-8380.124	259.1704	0.823752	1.614823	0.6751333	6.998515
3330	-8119.847	-8379.175	259.3289	0.8833239	1.614823	0.6751333	6.880983
3336	-8113.605	-8372.372	258.7678	0.9321138	1.614823	0.6026738	7.210944
3342	-8109.728	-8368.234	258.506	0.78502	1.730155	0.6026738	7.388674
3348	-8117.137	-8374.577	257.4406	0.7710227	1.730155	0.4843873	8.064546
3354	-8131.792	-8388.438	256.6464	0.8471912	1.909816	0.4843873	8.386342
3360	-8126.168	-8383.131	256.9628	0.7804219	1.732073	0.6222049	8.200027
3366	-8119.51	-8376.584	257.0739	0.740652	1.732073	0.6282028	8.157507
3372	-8113.023	-8371.428	258.4045	0.8571048	1.862737	0.6003862	7.360796
3378	-8124.196	-8382.504	258.3083	0.8747438	1.862737	0.4354906	7.546129
3384	-8132.04	-8390.079	258.0384	0.7744883	1.790327	0.5896754	7.634039
3390	-8137.198	-8394.434	257.2362	0.8637969	1.880883	0.5896754	7.984514
3396	-8120.581	-8378.18	257.5996	0.7784702	1.46968	0.5896754	7.984514
3402	-8134.739	-8392.32	257.5801	0.7296965	1.658434	0.6130047	7.931228
3408	-8105.491	-8363.69	258.1994	0.7603647	1.738348	0.5809072	7.580371
3414	-8117.17	-8376.72	259.5493	0.868305	1.738348	0.5846102	6.793933
3420	-8118.284	-8377.608	259.3234	0.8901998	1.815743	0.566522	6.891724
3426	-8136.821	-8395.532	258.7108	0.8364742	1.661955	0.5485781	7.319051
3432	-8112.778	-8371.566	258.7879	0.888528	1.55301	0.5845245	7.261206
3438	-8114.369	-8371.671	257.3026	0.7320655	1.55301	0.5845245	8.139189
3444	-8120.653	-8376.808	256.1548	0.7947168	1.513559	0.5845245	8.731076
3450	-8106.7	-8364.167	257.4674	0.8631999	1.513559	0.646984	7.949062
3456	-8112.008	-8370.906	258.8974	0.8166335	1.774884	0.5275244	7.207212
3462	-8106.933	-8364.636	257.7026	0.8767361	1.748039	0.5485068	7.806759
3468	-8114.527	-8373.703	259.1764	0.797283	1.465818	0.6229956	7.105799
3474	-8121.342	-8380.339	258.9975	0.88615	1.590182	0.6229956	7.105799
3480	-8122.005	-8380.208	258.2034	0.8608274	1.590182	0.5710607	7.586107
3486	-8114.662	-8372.587	257.9244	0.7908568	1.55497	0.5861637	7.774034
3492	-8126.89	-8382.792	255.902	0.8156756	1.55497	0.5921801	8.832186
3498	-8133.745	-8392.293	258.5475	0.8726106	1.531968	0.5921801	7.400809
3504	-8120.062	-8378.87	258.8081	0.8273142	1.886841	0.5777144	7.170029
3510	-8119.768	-8377.944	258.1759	0.7412821	1.531968	0.6170459	7.650902
3516	-8106.594	-8364.575	257.9817	0.8420662	1.531968	0.573522	7.734921
3522	-8121.503	-8380.514	259.0114	0.8030098	1.581455	0.573522	7.185064
3528	-8127.221	-8386.604	259.3831	0.8337177	1.621784	0.573522	6.953428
3534	-8123.902	-8381.448	257.5456	0.7664318	1.73877	0.5369389	7.962292
3540	-8127.733	-8384.241	256.5082	0.7382653	1.368354	0.573522	8.640624
3546	-8130.423	-8388.65	258.2273	0.8012443	1.67651	0.665229	7.501559
3552	-8121.28	-8379.314	258.034	0.8407137	1.626345	0.5580635	7.684606
3558	-8130.747	-8388.541	257.7937	0.7815257	1.614789	0.5822028	7.829451
3564	-8129.005	-8389.176	260.171	0.9134487	1.775283	0.5043215	6.488103
3570	-8130.466	-8390.717	260.2516	0.9452084	1.888447	0.5043215	6.388626
3576	-8126.405	-8384.066	257.6607	0.835025	1.546157	0.5555788	7.919223
3582	-8121.946	-8378.843	256.8969	0.7802853	1.546157	0.5555788	8.355296
3588	-8118.69	-8375.355	256.6657	0.7512102	1.928556	0.5615181	8.355296
3594	-8114.214	-8372.253	258.0395	0.8562913	1.928149	0.5328902	7.590166
3600	-8143.074	-8402.689	259.6147	0.9190217	1.771363	0.5558255	6.743081
3606	-8137.168	-8396.528	259.3599	0.8769224	1.587501	0.5619709	6.96493
3612	-8135.101	-8394.351	259.2507	0.9860922	1.587501	0.5619709	6.96493
3618	-8128.456	-8386.674	258.2177	0.8891622	1.661555	0.6721498	7.460034
3624	-8123.887	-8382.293	258.4063	0.8977698	1.775037	0.5148946	7.438061
3630	-8105.03	-8364.287	259.2566	0.8912473	1.775037	0.6001049	6.91431
3636	-8110.563	-8367.845	257.2822	0.7664689	1.775037	0.7012426	7.96522
3642	-8133.07	-8391.705	258.6349	0.8034469	1.775037	0.6119255	7.286788
3648	-8131.553	-8390.766	259.2128	0.9569931	1.904135	0.4490921	6.989474
3654	-8132.843	-8391.075	258.2326	0.8672431	1.777662	0.5108409	7.55011
3660	-8123.812	-8381.161	257.3499	0.7127022	1.809181	0.6427413	7.98798
3666	-8116.633	-8374.929	258.2959	0.8252639	1.791489	0.5680138	7.485907
3672	-8122.17	-8381.951	259.7811	0.9062193	1.44565	0.5675751	6.77309
3678	-8119.451	-8378.685	259.2346	0.893978	1.438522	0.527314	7.110731
3684	-8122.834	-8381.392	258.5589	0.8526307	1.546852	0.5171749	7.461555
3690	-8131.289	-8389.394	258.1053	0.8630907	1.379805	0.5984857	7.69902
3696	-8139.556	-8396.766	257.2097	0.7807489	1.435623	0.6373101	8.16844
3702	-8126.036	-8384.279	258.2428	0.9044301	1.640266	0.6752464	7.443982
3708	-8120.584	-8380.606	260.0222	0.8347915	1.640266	0.541137	6.627793
3714	-8127.296	-8385.27	257.9742	0.8508224	1.673147	0.4716593	7.769032
3720	-8123.905	-8381.713	257.8082	0.897588	1.880814	0.4632718	7.769032
3726	-8114.072	-8373.505	259.4332	0.8922946	1.880814	0.4632718	6.899814
3732	-8115.868	-8373.012	257.1442	0.842275	2.084723	0.4378963	8.112594
3738	-8119.257	-8376.614	257.3571	0.7880726	1.680739	0.5444027	8.065593
3744	-8132.457	-8391.285	258.8282	0.8089222	1.673187	0.5444027	7.270239
3750	-8123.661	-8382.393	258.7323	0.9048088	1.673187	0.5444027	7.270239
3756	-8115.761	-8375.266	259.5048	0.8922597	1.46611	0.5252503	6.956833
3762	-8121.621	-8380.408	258.7866	0.8383977	1.607445	0.5252503	7.317176
3768	-8129.801	-8388.38	258.579	0.8383977	1.734553	0.6054068	7.317176
3774	-8128.344	-8386.295	257.9508	0.8384973	1.594368	0.6054068	7.704491
3780	-8123.479	-8382.589	259.1098	0.8784891	1.518333	0.5727883	7.116496
3786	-8129.839	-8388.029	258.1905	0.8663046	1.702479	0.5727883	7.547594
3792	-8122.256	-8380.65	258.3937	0.8577576	1.710708	0.5727883	7.440385
3798	-8114.463	-8374.662	260.1989	0.8798702	1.590779	0.5727883	6.500088
3804	-8122.038	-8381.212	259.1735	0.8798702	1.62376	0.5727883	7.041289
3810	-8126.034	-8385.697	259.6632	0.9244486	1.62376	0.4585903	6.853187
3816	-8111.946	-8371.343	259.3974	0.9704163	1.62376	0.5303401	6.907181
3822	-8123.892	-8382.861	258.9686	0.8603827	1.62376	0.5660167	7.167472
3828	-8119.259	-8378.305	259.0466	0.9634832	1.648797	0.4454457	7.167472
3834	-8119.122	-8378.237	259.1145	0.8956127	1.648797	0.4454457	7.167472
3840	-8121.459	-8379.008	257.5494	0.8446048	1.730988	0.4302704	8.017808
3846	-8115.707	-8373.915	258.2079	0.7962001	1.912123	0.6200783	7.467476
3852	-8117.486	-8374.026	256.5395	0.8047617	1.579965	0.4768802	8.58712
3858	-8124.719	-8380.597	255.8774	0.7339411	1.579965	0.594984	8.876949
3864	-8121.015	-8379.464	258.4488	0.7958585	1.572032	0.5582825	7.506705
3870	-8113.232	-8371.637	258.4048	0.9019538	1.474061	0.5062782	7.555635
3876	-8117.313	-8375.621	258.3087	0.8807082	1.638382	0.5062782	7.555635
3882	-8111.141	-8370.725	259.584	0.891411	1.506467	0.5062782	6.915044
3888	-8115.812	-8375.509	259.6969	0.975329	1.689784	0.5062782	6.739681
3894	-8115.789	-8375.492	259.703	0.991507	1.528031	0.5634709	6.739681
3900	-8120.087	-8377.669	257.5819	0.8475127	1.693555	0.4621381	7.981734
3906	-8132.502	-8388.86	256.3584	0.8221215	1.693555	0.5215603	8.593363
3912	-8127.982	-8384.56	256.5779	0.757109	1.808091	0.5215603	8.471711
3918	-8112.397	-8369.973	257.5762	0.7505733	1.477577	0.5855927	8.011906
3924	-8115.114	-8373.023	257.9092	0.7893941	1.477577	0.5855927	7.813489
3930	-8120.258	-8378.099	257.8409	0.7365849	1.666043	0.5825889	7.809219
3936	-8111.33	-8368.199	256.8694	0.7956453	1.565469	0.5128376	8.3903
3942	-8135.07	-8391.633	256.5625	0.7886	1.776807	0.6260277	8.3903
3948	-8126.189	-8384.32	258.1317	0.7987847	1.776807	0.6260277	7.54772
3954	-8118.911	-8376.333	257.4218	0.8673165	1.688186	0.4840195	8.038424
3960	-8120.262	-8378.728	258.4663	0.8389789	1.799595	0.4840195	7.456331
3966	-8118.204	-8375.781	257.5773	0.8784818	1.778061	0.4981938	7.905379
3972	-8120.186	-8378.219	258.0321	0.862299	1.66184	0.4981938	7.712059
3978	-8136.37	-8393.269	256.8981	0.7345927	1.647753	0.5981331	8.307287
3984	-8140.443	-8398.17	257.7276	0.6861587	1.650238	0.5439715	7.933704
3990	-8124.842	-8384.514	259.6722	0.9115691	1.666239	0.4205895	6.876693
3996	-8126.414	-8385.82	259.406	0.8932121	1.666239	0.6346907	6.844881
4002	-8124.614	-8384.525	259.9103	0.8231128	1.741945	0.5493879	6.650856
4008	-8126.607	-8384.131	257.5239	0.8150136	1.741945	0.5127217	7.967517
4014	-8128.389	-8385.143	256.7535	0.7831804	1.675689	0.6346907	8.320575
4020	-8123.568	-8379.539	255.971	0.7197578	1.560466	0.6027248	8.836233
4026	-8123.855	-8382.269	258.414	0.8830429	1.620428	0.5721347	7.449236
4032	-8132.123	-8390.137	258.014	0.8291559	1.574685	0.5721347	7.709327
4038	-8128.783	-8387.518	258.7351	0.8377651	1.579925	0.5721347	7.316508
4044	-8114.755	-8373.595	258.8403	0.8211604	1.579925	0.5153119	7.316508
4050	-8118.436	-8377.073	258.6376	0.7769382	1.746897	0.6027017	7.316508
4056	-8117.586	-8375.391	257.8051	0.907391	1.674992	0.5632919	7.749311
4062	-8121.07	-8381.128	260.058	0.8959113	1.699374	0.5007678	6.588834
4068	-8127.127	-8387.456	260.3288	0.9239349	1.883736	0.5007678	6.363011
4074	-8124.013	-8383.653	259.64	0.9325049	1.791907	0.5461136	6.72312
4080	-8120.927	-8380.247	259.32	0.9126616	1.733519	0.4974425	6.968962
4086	-8121.629	-8380.945	259.3166	0.8506946	1.71871	0.5441815	6.968962
4092	-8122.628	-8382.549	259.9202	0.8881728	1.71871	0.5012084	6.660253
4098	-8131.12	-8389.933	258.8127	0.8484198	1.683145	0.5012084	7.290923
4104	-8125.233	-8384.024	258.7909	0.8323067	1.683145	0.5553822	7.265023
4110	-8113.434	-8372.012	258.5778	0.861932	1.849975	0.5553822	7.305546
4116	-8119.257	-8377.175	257.9176	0.8278539	1.744189	0.5791438	7.694393
4122	-8120.647	-8378.813	258.1667	0.8100297	1.744189	0.5791438	7.570667
4128	-8131.957	-8389.195	257.2376	0.793933	1.556022	0.5846938	8.13956
4134	-8130.732	-8388.564	257.8315	0.7829635	1.823122	0.5378118	7.771142
4140	-8140.759	-8399.481	258.7214	0.952345	1.587021	0.7061651	7.159362
4146	-8141.123	-8399.461	258.3385	0.9745417	1.630397	0.4995781	7.498266
4152	-8127.721	-8385.651	257.9294	0.8391756	1.630397	0.4995781	7.789573
4158	-8125.805	-8383.587	257.7819	0.8939535	1.790986	0.4912532	7.789573
4164	-8129.635	-8388.512	258.8771	0.8938593	1.790986	0.5076897	7.188252
4170	-8126.558	-8384.985	258.4269	0.8578976	1.766309	0.5706606	7.404719
4176	-8133.281	-8391.227	257.9462	0.8125306	1.766309	0.56717	7.689216
4182	-8138.065	-8395.574	257.5098	0.7348574	1.546819	0.5653056	8.044977
4188	-8131.559	-8390.093	258.5339	0.8808079	1.546819	0.6842045	7.329233
4194	-8129.87	-8388.924	259.0544	0.9056877	1.546819	0.624987	7.079716
4200	-8130.786	-8389.175	258.3889	0.925504	1.781223	0.425891	7.512789
4206	-8121.871	-8380.642	258.7711	0.9329113	1.686908	0.425891	7.337097
4212	-8115.388	-8374.496	259.1081	0.9259829	1.575342	0.6084801	7.041605
4218	-8126.235	-8386.293	260.0575	0.9401493	1.813115	0.5500559	6.482538
4224	-8117.934	-8377.243	259.3084	0.8912124	1.597732	0.5158846	7.020032
4230	-8119.116	-8378.395	259.2789	0.8294671	1.546879	0.5988926	7.020032
4236	-8127.244	-8385.345	258.1012	0.8719274	1.85359	0.4181044	7.678704
4242	-8128.449	-8386.181	257.7319	0.8591286	1.743208	0.4992186	7.844333
4248	-8123.174	-8382.009	258.8356	0.9037158	1.743208	0.5763585	7.164193
4254	-8127.559	-8384.644	257.0854	0.8172875	1.743208	0.510064	8.201852
4260	-8131.838	-8392.533	260.6949	0.9058939	1.743208	0.5154031	6.20935
4266	-8142.017	-8401.354	259.3374	0.9131525	1.743208	0.5927567	6.875898
4272	-8129.526	-8387.194	257.6682	0.8550903	1.452241	0.5927567	7.91158
4278	-8112.164	-8371.164	258.9994	0.8229277	1.606942	0.5927567	7.155888
4284	-8117.141	-8376.049	258.9083	0.9290072	1.45133	0.6033898	7.200029
4290	-8118.805	-8376.604	257.7988	0.8382189	1.67278	0.6033898	7.758648
4296	-8107.038	-8363.269	256.2312	0.7660024	1.487457	0.5900393	8.71164
4302	-8125.157	-8383.841	258.6842	0.6987351	1.487457	0.5900393	7.439859
4308	-8114.703	-8373.059	258.3566	0.8907911	1.792492	0.5202164	7.457832
4314	-8134.539	-8394.642	260.1026	0.9364147	1.733805	0.4855168	6.544235
4320	-8121.795	-8381.226	259.4312	1.036594	1.717824	0.4452639	6.896323
4326	-8129.223	-8387.423	258.1996	0.9225423	1.778737	0.4513846	7.591868
4332	-8135.144	-8392.329	257.1843	0.8341482	1.478602	0.5539482	8.201275
4338	-8136.909	-8394.451	257.5419	0.7779855	1.604458	0.5539482	7.992375
4344	-8135.612	-8393.866	258.2538	0.8300997	1.778737	0.4710883	7.593887
4350	-8128.474	-8385.698	257.2235	0.8478173	1.520335	0.4710883	8.228577
4356	-8144.252	-8401.505	257.2533	0.8180503	1.520335	0.4710883	8.228577
4362	-8131.28	-8389.563	258.2835	0.839077	1.526167	0.5609352	7.587497
4368	-8149.762	-8407.073	257.3104	0.8453716	1.694003	0.6190793	7.995984
4374	-8132.838	-8390.309	257.4713	0.7318428	1.397909	0.6316949	8.074691
4380	-8126.551	-8382.444	255.8926	0.8382185	1.743887	0.597083	8.75304
4386	-8120.506	-8378.755	258.2487	0.7731924	1.546118	0.5826006	7.61625
4392	-8124.961	-8383.788	258.8271	0.7897184	1.661369	0.5826006	7.254248
4398	-8125.596	-8383.622	258.0265	0.882403	1.71939	0.5965702	7.601915
4404	-8125.629	-8384.878	259.2486	0.9237615	1.69728	0.5965702	6.931336
4410	-8123.16	-8383.114	259.9539	0.8815534	1.656059	0.5965702	6.588313
4416	-8119.257	-8378.377	259.1199	0.9628261	1.670239	0.5103027	7.060992
4422	-8117.36	-8376.898	259.5384	0.8435239	1.670239	0.5522622	6.863997
4428	-8126.099	-8385.232	259.133	0.8013914	1.786338	0.5535307	7.062901
4434	-8117.616	-8374.081	256.4648	0.7421836	1.786338	0.5535307	8.520383
4440	-8114.455	-8372.833	258.378	0.9008945	1.693094	0.5535307	7.447667
4446	-8121.556	-8379.712	258.1559	0.7860802	1.574686	0.5535307	7.671629
4452	-8126.998	-8384.745	257.7472	0.936835	1.553425	0.7071453	7.702015
4458	-8126.496	-8385.722	259.2264	0.8465851	1.475187	0.6151038	7.054621
4464	-8120.758	-8378.921	258.163	0.8105519	1.475187	0.5701075	7.679822
4470	-8131.423	-8388.612	257.1893	0.8058549	1.417321	0.5713167	8.224236
4476	-8136.852	-8395.426	258.5734	0.8855997	1.477366	0.5713167	7.418046
4482	-8125.953	-8384.622	258.6685	0.8658019	1.477366	0.5227884	7.418046
4488	-8128.253	-8386.219	257.9657	0.9069106	1.602928	0.6293296	7.638548
4494	-8122.009	-8379.968	257.9591	0.7842894	1.602928	0.64755	7.694089
4500	-8123.298	-8380.854	257.5557	0.7899227	1.602928	0.5306776	7.998606
4506	-8122.716	-8380.39	257.6736	0.8991523	1.402604	0.4575984	8.020944
4512	-8121.836	-8379.501	257.6645	0.803449	1.402604	0.5199324	8.020944
4518	-8132.628	-8390.323	257.6948	0.7186333	1.402604	0.6515567	7.94593
4524	-8126.219	-8384.409	258.1905	0.815378	1.516321	0.5232203	7.685311
4530	-8131.921	-8390.017	258.0957	0.8550507	1.765094	0.5559784	7.59606
4536	-8129.858	-8389.586	259.7282	0.8896122	1.556771	0.5559784	6.776129
4542	-8123.411	-8383.632	260.2207	1.015975	1.556771	0.431775	6.553878
4548	-8126.762	-8386.036	259.2738	0.983402	1.738787	0.5954847	6.871693
4554	-8129.181	-8389.249	260.0678	0.8964717	1.774913	0.5746846	6.49351
4560	-8121.857	-8381.065	259.2084	0.8539382	1.946971	0.5344508	6.956401
4566	-8130.208	-8389.638	259.4293	0.8724557	1.946971	0.5344508	6.827363
4572	-8133.544	-8392.235	258.6903	0.8366679	1.590096	0.5344508	7.368403
4578	-8121.032	-8378.898	257.866	0.8285262	1.819497	0.515013	7.749026
4584	-8127.092	-8384.5	257.4084	0.8485935	1.677209	0.5766807	7.980982
4590	-8126.464	-8383.872	257.4079	0.8167598	1.725685	0.5766807	7.980982
4596	-8126.59	-8384.087	257.4964	0.7872776	1.591371	0.5985237	7.980982
4602	-8124.075	-8381.923	257.8479	0.8187031	1.780366	0.5985237	7.708746
4608	-8116.782	-8374.028	257.2458	0.7932931	1.633799	0.5067248	8.171147
4614	-8121.417	-8378.569	257.1518	0.8219631	1.774522	0.4896752	8.171147
4620	-8132.166	-8390.39	258.2231	0.8810012	1.809476	0.4708669	7.572789
4626	-8127.91	-8386.156	258.2461	0.8856801	1.797244	0.459423	7.572789
4632	-8122.394	-8379.797	257.403	0.8052445	1.757663	0.6509223	7.921894
4638	-8119.556	-8378.57	259.014	0.8386979	1.757663	0.5617171	7.110009
4644	-8117.503	-8377.452	259.9494	0.9578766	1.757663	0.5731818	6.531669
4650	-8141.916	-8400.063	258.1464	0.8096697	1.707614	0.5947112	7.582284
4656	-8111.063	-8371.018	259.9545	0.9097145	1.707614	0.5469597	6.594407
4662	-8126.288	-8383.887	257.5985	0.7961557	1.528122	0.6978266	7.872853
4668	-8143.437	-8400.89	257.4534	0.77988	1.781033	0.689419	7.872853
4674	-8130.769	-8388.634	257.8656	0.8074586	1.475308	0.5307868	7.872853
4680	-8120.424	-8378.225	257.8003	0.8994011	1.69904	0.7084783	7.638984
4686	-8119.75	-8377.617	257.8675	0.8878398	1.617216	0.7084783	7.638984
4692	-8110.227	-8367.854	257.6276	0.8699521	1.624816	0.6688576	7.801906
4698	-8113.544	-8371.114	257.5696	0.7933473	1.829086	0.6688576	7.801906
4704	-8109.294	-8368.296	259.001	0.8732739	1.653393	0.6124674	7.095366
4710	-8118.776	-8376.569	257.7931	0.8072958	1.612456	0.5762666	7.821622
4716	-8114.498	-8372.478	257.9806	0.8187787	1.612456	0.5719112	7.718754
4722	-8132.272	-8390.865	258.5926	0.8090308	1.686171	0.5719112	7.369356
4728	-8126.131	-8384.757	258.6263	0.8111492	1.732712	0.5702787	7.334901
4734	-8119.551	-8378.311	258.7592	0.8108559	1.657066	0.5573082	7.301413
4740	-8119.648	-8376.572	256.9241	0.8412261	1.686016	0.5573082	8.255414
4746	-8116.592	-8375.067	258.4743	0.8869629	1.692018	0.5383021	7.416576
4752	-8115.542	-8373.32	257.7773	0.7873356	1.692018	0.5606081	7.824412
4758	-8131.266	-8388.734	257.4685	0.8613953	1.692018	0.5606081	7.949703
4764	-8129.886	-8386.717	256.8306	0.7770246	1.805732	0.525081	8.324552
4770	-8125.769	-8383.099	257.3302	0.8712909	1.866091	0.525081	7.988064
4776	-8122.831	-8381.142	258.3108	0.8013826	1.764793	0.525081	7.535626
4782	-8114.857	-8373.292	258.4349	0.8101427	1.764793	0.6177094	7.389585
4788	-8115.643	-8372.53	256.8865	0.8406889	1.660572	0.5702132	8.274397
4794	-8113.988	-8372.565	258.5774	0.8495845	1.474569	0.705933	7.335725
4800	-8129.734	-8387.006	257.2719	0.7544655	1.485975	0.5074385	8.233441
4806	-8125.884	-8383.206	257.3224	0.8112934	1.40411	0.5074385	8.209202
4812	-8132.039	-8391.131	259.0926	0.8203673	1.793612	0.5924146	7.040444
4818	-8139.056	-8395.936	256.8803	0.8126245	1.64433	0.6133525	8.264824
4824	-8118.989	-8378.059	259.0697	0.9079923	1.518878	0.5073385	7.177138
4830	-8116.329	-8375.334	259.0047	0.8285264	1.636716	0.4974718	7.218767
4836	-8121.862	-8381.29	259.4282	0.9142802	1.636716	0.4974718	6.944803
4842	-8117.582	-8374.553	256.9706	0.9142802	1.502782	0.4974718	8.310891
4848	-8112.714	-8371.121	258.407	0.8682864	1.606945	0.4974718	7.529071
4854	-8113.217	-8368.884	255.6665	0.786101	1.606945	0.5690771	8.971419
4860	-8109.415	-8367.058	257.6424	0.7494636	1.606945	0.6258661	7.896532
4866	-8116.145	-8372.799	256.6533	0.7705584	1.592007	0.5520687	8.475522
4872	-8122.25	-8379.24	256.9894	0.7674737	1.79666	0.5520687	8.22567
4878	-8119.71	-8376.801	257.0909	0.7674737	1.642979	0.5520687	8.22567
4884	-8113.741	-8371.462	257.7213	0.7416849	1.750793	0.6241233	7.808182
4890	-8126.708	-8382.838	256.1305	0.667081	1.814441	0.5921551	8.697401
4896	-8123.631	-8381.882	258.2504	0.7987501	1.613378	0.6048505	7.558835
4902	-8115.037	-8373.484	258.4471	0.8311575	1.613378	0.5594572	7.472237
4908	-8114.714	-8373.033	258.3191	0.7424213	1.517047	0.5594572	7.624924
4914	-8109.329	-8366.57	257.2415	0.7939753	1.556809	0.5833887	8.138196
4920	-8112.934	-8371.643	258.7085	0.8042167	1.556809	0.5833887	7.348545
4926	-8121.691	-8379.269	257.5783	0.794342	1.556809	0.534749	7.998141
4932	-8115.471	-8374.039	258.5677	0.7631221	1.691925	0.543797	7.428344
4938	-8109.833	-8368.708	258.8748	0.8116283	1.691925	0.543797	7.237534
4944	-8116.357	-8375.193	258.8355	0.8140284	1.592753	0.543797	7.293785
4950	-8099.826	-8358.701	258.8751	0.8472189	1.692255	0.6623114	7.125702
4956	-8118.301	-8376.982	258.6811	0.9095936	1.692255	0.6837326	7.18103
4962	-8114.594	-8373.807	259.2128	0.7961347	1.456598	0.6434873	7.075114
4968	-8105.06	-8363.047	257.987	0.80233	1.513028	0.5438766	7.784906
4974	-8130.125	-8389.462	259.3376	0.8712466	1.644079	0.5559225	6.963838
4980	-8115.973	-8373.389	257.4165	0.8188414	1.544838	0.5299938	8.079887
4986	-8125.158	-8383.151	257.9932	0.7589889	1.444714	0.5299938	7.84352
4992	-8129.013	-8386.912	257.8982	0.7306756	1.472146	0.5974979	7.84352
4998	-8122.787	-8379.789	257.0023	0.7317329	1.472146	0.6791891	8.25998
5004	-8129.378	-8386.768	257.3895	0.8193204	1.559114	0.5308621	8.087845
5010	-8139.991	-8397.675	257.6847	0.7461029	1.635739	0.6111886	7.876268
5016	-8122.036	-8380.469	258.4329	0.8654078	1.607347	0.5886181	7.440272
5022	-8129.261	-8388.958	259.6972	0.9124247	1.607347	0.491878	6.816692
5028	-8136.153	-8395.472	259.3185	0.8175688	1.607347	0.491878	7.071878
5034	-8136.551	-8395.713	259.1622	0.8816144	1.719945	0.5014918	7.071878
5040	-8133.532	-8392.055	258.5237	0.8540152	1.719945	0.5373576	7.398626
5046	-8122.387	-8381.216	258.8289	0.8406297	1.612818	0.6425822	7.197656
5052	-8118.758	-8377.442	258.6831	0.9443802	1.586279	0.4862996	7.358043
5058	-8124.713	-8383.388	258.6757	0.8849222	1.586279	0.527141	7.358043
5064	-8138.104	-8397.878	259.7747	0.9640136	1.90267	0.4916516	6.643389
5070	-8134.503	-8394.281	259.778	1.015106	1.657267	0.6053261	6.603903
5076	-8124.004	-8383.847	259.8437	0.954664	1.824903	0.600631	6.545397
5082	-8124.029	-8383.479	259.4501	0.9181532	1.705704	0.5850308	6.831885
5088	-8131.036	-8387.95	256.9141	0.7865864	1.705704	0.5062267	8.325887
5094	-8129.605	-8387.081	257.4757	0.80765	1.816907	0.5155955	7.968926
5100	-8123.604	-8381.929	258.3243	0.8787684	1.670259	0.5830482	7.472628
5106	-8129.73	-8387.093	257.3633	0.8254249	1.606718	0.5579116	8.058222
5112	-8129.785	-8389.782	259.9967	0.8791811	1.815572	0.6350214	6.480087
5118	-8122.523	-8381.176	258.6533	0.8385149	1.815572	0.5453262	7.29753
5124	-8126.456	-8385.076	258.6208	0.8753843	1.637605	0.6213793	7.29753
5130	-8135.238	-8393.855	258.6175	0.8319907	1.570209	0.6521671	7.324793
5136	-8136.359	-8394.893	258.5344	0.8566914	1.659847	0.6521671	7.322764
5142	-8123.482	-8380.235	256.7533	0.8537229	1.659847	0.5271277	8.37407
5148	-8137.415	-8396.253	258.8376	0.8723799	1.659847	0.5323973	7.246086
5154	-8108.816	-8366.783	257.9671	0.8367485	1.534354	0.4818482	7.822716
5160	-8119.731	-8378.732	259.0014	0.8367485	1.64098	0.5412355	7.17668
5166	-8119.718	-8377.235	257.5174	0.8015493	1.64098	0.5611518	7.973558
5172	-8118.582	-8377.768	259.1867	0.8430159	1.577246	0.5766312	7.068397
5178	-8118.785	-8378.013	259.2279	0.853761	1.505033	0.5766312	7.068397
5184	-8111.038	-8370.021	258.9837	0.8453699	1.401356	0.5669569	7.25393
5190	-8118.287	-8377.088	258.8018	0.8285276	1.340174	0.5974873	7.362076
5196	-8121.672	-8378.209	256.5369	0.8346681	1.507209	0.4949374	8.584206
5202	-8121.423	-8379.776	258.3524	0.8466356	1.691535	0.4772211	7.557266
5208	-8117.092	-8374.226	257.1334	0.8235952	1.630961	0.5219557	8.202756
5214	-8127.441	-8385.334	257.8933	0.8035311	1.599151	0.5356794	7.808349
5220	-8125.108	-8383.858	258.7502	0.8456382	1.861729	0.5994111	7.182435
5226	-8120.36	-8379.324	258.9636	0.8555347	1.69013	0.5254525	7.182435
5232	-8119.532	-8378.471	258.9385	0.8741806	1.670701	0.5254525	7.192923
5238	-8118.78	-8375.85	257.0699	0.7895383	2.122472	0.519888	8.094404
5244	-8121.729	-8379.448	257.7185	0.7669942	1.687643	0.6206196	7.821114
5250	-8128.05	-8387.132	259.0818	0.9544428	1.687643	0.4970666	7.091402
5256	-8108.932	-8367.906	258.9743	0.7833992	1.687643	0.5417974	7.202466
5262	-8120.184	-8378.645	258.4607	0.8716743	1.687643	0.5417974	7.43069
5268	-8119.03	-8377.347	258.3177	0.9162766	1.687643	0.5417974	7.483457
5274	-8112.304	-8371.03	258.7263	0.8067524	1.736276	0.5264085	7.318803
5280	-8121.128	-8380.264	259.1359	0.8653559	1.729163	0.6019067	7.00799
5286	-8124.427	-8382.623	258.1957	0.8249618	1.514328	0.5588387	7.648382
5292	-8122.582	-8380.411	257.8297	0.8701406	1.851397	0.4987072	7.749749
5298	-8123.673	-8381.663	257.9906	0.7940659	1.851397	0.4493104	7.749749
5304	-8114.268	-8373.5	259.232	0.8925184	1.744293	0.5436529	6.9834
5310	-8140.121	-8397.612	257.491	0.7738513	1.577853	0.5507059	8.034354
5316	-8141.545	-8399.283	257.7382	0.8335172	1.925254	0.5050283	7.78843
5322	-8114.083	-8372.274	258.1906	0.8016944	1.58899	0.5933781	7.607299
5328	-8116.958	-8375.199	258.2412	0.734496	1.774377	0.5933781	7.549457
5334	-8121.268	-8379.56	258.2917	0.8393419	1.774377	0.5125353	7.533025
5340	-8131.932	-8390.771	258.839	0.8648362	1.663348	0.567012	7.219355
5346	-8120.004	-8379.544	259.5404	0.8829716	1.663348	0.6426151	6.772992
5352	-8147.109	-8406.895	259.7855	0.9380152	1.396553	0.7459173	6.642094
5358	-8127.406	-8385.392	257.9858	0.8785804	1.396553	0.7459173	7.641755
5364	-8125.611	-8383.38	257.7693	0.8361479	1.681338	0.6137744	7.764477
5370	-8124.1	-8382.886	258.7861	0.9454984	1.681338	0.5266034	7.231614
5376	-8129.059	-8386.172	257.1121	0.8626309	1.681338	0.5989227	8.112462
5382	-8117.268	-8375.564	258.2964	0.8124029	1.620053	0.5989227	7.528994
5388	-8105.447	-8363.714	258.2671	0.8659544	1.595796	0.5938926	7.528994
5394	-8125.446	-8385.141	259.6952	0.8330748	1.613486	0.5938926	6.77224
5400	-8109.077	-8368.021	258.944	0.8802784	1.613486	0.604406	7.143284
5406	-8116.453	-8375.42	258.9662	0.8962626	1.578019	0.5951735	7.143284
5412	-8118.787	-8377.752	258.965	0.8802872	1.792232	0.5129687	7.143284
5418	-8123.955	-8382.589	258.634	0.8888813	1.4761	0.6615295	7.315197
5424	-8133.061	-8390.818	257.757	0.7378913	1.884318	0.5054383	7.842426
5430	-8125.876	-8383.967	258.0905	0.7638193	1.573927	0.5984553	7.682807
5436	-8119.184	-8377.046	257.8619	0.8884754	1.823817	0.5564471	7.682807
5442	-8111.473	-8369.509	258.0358	0.8132963	1.616248	0.5564471	7.703375
5448	-8122.099	-8379.758	257.6584	0.8380418	1.616248	0.6334726	7.83157
5454	-8131.202	-8390.122	258.9198	0.8089374	1.690242	0.6504986	7.131637
5460	-8121.783	-8381.057	259.2749	0.8220836	1.808911	0.5779414	6.947645
5466	-8129.644	-8388.594	258.9494	0.8306159	1.965535	0.71468	6.964814
5472	-8116.936	-8374.906	257.9698	0.8474983	1.700254	0.6018467	7.653608
5478	-8127.074	-8383.551	256.4765	0.82425	1.864461	0.5576448	8.441053
5484	-8131.131	-8388.751	257.62	0.8909837	1.640812	0.6813107	7.779925
5490	-8106.094	-8364.229	258.1354	0.8137914	1.737743	0.6720415	7.517407
5496	-8112.851	-8370.284	257.4332	0.7894022	1.52973	0.6720415	7.982225
5502	-8109.518	-8367.253	257.7349	0.7602912	1.481619	0.5176191	7.976474
5508	-8108.159	-8365.601	257.4417	0.7361861	1.4905	0.631766	8.050794
5514	-8118.035	-8376.309	258.2735	0.8101867	1.786182	0.5561156	7.517506
5520	-8117.516	-8375.597	258.0809	0.8199606	1.735112	0.677745	7.540102
5526	-8118.455	-8376.83	258.3752	0.8694547	1.508068	0.5477202	7.540102
5532	-8118.952	-8375.593	256.641	0.6957257	1.713877	0.5394311	8.488196
5538	-8128.422	-8387.152	258.7292	0.9402188	1.497369	0.5394311	7.323541
5544	-8120.118	-8377.355	257.2366	0.8211543	1.508507	0.4938856	8.219818
5550	-8117.541	-8375.373	257.8323	0.839199	1.612528	0.4656875	7.878681
5556	-8126.924	-8385.841	258.9162	0.9489903	1.612528	0.4656875	7.239521
5562	-8113.464	-8373.815	260.351	0.9399379	1.681737	0.4656875	6.444883
5568	-8115.818	-8376.009	260.1915	0.9969962	1.681737	0.6047673	6.381215
5574	-8128.581	-8389.397	260.8158	1.030126	1.584265	0.6252187	6.044231
5580	-8139.363	-8396.117	256.7546	0.855645	1.504257	0.4752514	8.476245
5586	-8122.849	-8379.02	256.1708	0.7478733	1.442735	0.5109972	8.835835
5592	-8119.711	-8376.914	257.2032	0.7875595	1.919742	0.5109972	8.095006
5598	-8104.548	-8363.07	258.5226	0.788519	1.686922	0.5109972	7.468683
5604	-8111.823	-8370.582	258.7581	0.8666633	1.868056	0.5380602	7.214625
5610	-8111.643	-8370.012	258.3693	0.8323728	1.799246	0.555343	7.450405
5616	-8127.73	-8386.397	258.6663	0.8323728	1.86871	0.5184269	7.298903
5622	-8125.209	-8383.65	258.4414	0.7624282	1.674183	0.5968127	7.459964
5628	-8130.388	-8390.576	260.1883	0.8593844	1.674183	0.6189758	6.449268
5634	-8117.985	-8376.78	258.7947	0.8658273	1.699522	0.5328565	7.257938
5640	-8123.897	-8383.338	259.4409	0.9091144	1.699522	0.479628	6.934012
5646	-8109.62	-8368.754	259.1339	0.9091144	1.791775	0.5350499	7.01805
5652	-8118.644	-8377.938	259.2944	0.8631759	1.804682	0.5490132	6.940181
5658	-8117.509	-8376.477	258.9676	0.8180639	1.520006	0.5490132	7.244189
5664	-8146.58	-8404.778	258.1976	0.7726014	1.536392	0.60579	7.629503
5670	-8131.699	-8389.725	258.0266	0.8285362	1.509442	0.5453381	7.749926
5676	-8136.516	-8394.447	257.9316	0.9240152	1.467446	0.499828	7.80523
5682	-8140.871	-8398.71	257.839	0.8485402	1.706333	0.499828	7.80523
5688	-8133.737	-8391.81	258.073	0.7236439	1.355895	0.5929265	7.80523
5694	-8140.838	-8400.514	259.6757	0.8231586	1.640358	0.5185043	6.840575
5700	-8135.879	-8394.865	258.9865	0.7984074	1.568255	0.540553	7.233093
5706	-8140.903	-8397.747	256.8444	0.7939355	1.726242	0.6281829	8.253416
5712	-8136.89	-8393.372	256.4815	0.7485534	1.657381	0.5715335	8.538799
5718	-8136.966	-8396.042	259.0762	0.7729479	1.435209	0.5924601	7.20879
5724	-8132.393	-8391.673	259.2796	0.8189376	1.644687	0.5647387	7.015742
5730	-8115.708	-8373.756	258.0485	0.9302577	1.541872	0.5861176	7.638204
5736	-8116.359	-8374.256	257.8968	0.9302577	1.870466	0.5419448	7.638204
5742	-8124.146	-8383.394	259.2475	0.9104868	1.751294	0.5774449	6.935123
5748	-8130.587	-8389.35	258.7635	0.8722654	1.751294	0.4997364	7.281649
5754	-8117.707	-8376.832	259.1248	0.86596	1.854358	0.5443042	7.017123
5760	-8135.202	-8394.212	259.0098	0.7634797	1.751719	0.5993589	7.124712
5766	-8134.632	-8393.232	258.6001	0.8222646	1.700059	0.7049983	7.253683
5772	-8107.158	-8366.144	258.9865	0.8880325	1.642277	0.6062235	7.104186
5778	-8113.382	-8370.326	256.9443	0.7440184	1.710945	0.4627911	8.369673
5784	-8116.769	-8375.54	258.7707	0.8401262	1.710945	0.4858958	7.321689
5790	-8102.269	-8361.103	258.8339	0.7900308	1.717181	0.5666884	7.243193
5796	-8107.903	-8366.166	258.263	0.7673751	1.783136	0.5666884	7.538429
5802	-8107.455	-8365.67	258.2154	0.7931608	1.783136	0.5666884	7.55015
5808	-8111.078	-8369.091	258.0133	0.7957701	1.556122	0.5394842	7.761432
5814	-8123.628	-8380.739	257.1103	0.8054341	1.556122	0.5345346	8.242008
5820	-8130.549	-8388.151	257.6018	0.7735242	1.556122	0.5262872	8.004133
5826	-8120.196	-8376.663	256.4677	0.776072	1.556122	0.5001465	8.628663
5832	-8117.611	-8373.62	256.009	0.7210363	1.556122	0.6451043	8.785295
5838	-8122.963	-8379.66	256.6969	0.7276315	1.764442	0.5183547	8.441712
5844	-8123.526	-8382.272	258.7461	0.8263084	2.044611	0.5555929	7.171461
5850	-8109.291	-8367.238	257.9468	0.8429521	1.788358	0.4915808	7.729328
5856	-8119.72	-8377.37	257.6502	0.8471203	1.81497	0.5089984	7.861133
5862	-8111.407	-8370.044	258.6368	0.8347656	1.648908	0.572872	7.344596
5868	-8106.659	-8365.619	258.9606	0.8853282	1.703849	0.550702	7.141799
5874	-8113.96	-8371.704	257.7438	0.9223362	1.703849	0.550702	7.774092
5880	-8118.875	-8376.751	257.8759	0.9137848	1.703849	0.5633439	7.697711
5886	-8118.557	-8376.627	258.0707	0.7913064	1.852293	0.5343842	7.631891
5892	-8128.616	-8386.025	257.4089	0.7982829	1.622696	0.6108707	8.000664
5898	-8133.04	-8389.758	256.7188	0.7951765	1.621342	0.6072401	8.373068
5904	-8127.011	-8382.038	255.0272	0.7287165	1.563737	0.5070329	9.407423
5910	-8122.825	-8377.813	254.9883	0.7369895	1.644397	0.5070329	9.393921
5916	-8121.439	-8377.933	256.4939	0.8105295	1.788035	0.6088213	8.424306
5922	-8117.403	-8376.287	258.8833	0.821308	1.462374	0.689424	7.203105
5928	-8115.046	-8373.828	258.7818	0.8495045	1.695008	0.6226969	7.203105
5934	-8129.399	-8388.32	258.9207	0.8492273	1.641379	0.5533007	7.203105
5940	-8118.6	-8375.592	256.992	0.7550485	1.758724	0.5884471	8.214678
5946	-8127.386	-8384.519	257.1335	0.7994321	1.73818	0.5884471	8.12284
5952	-8126.517	-8385.57	259.0522	0.8716522	1.458738	0.645833	7.118301
5958	-8118.714	-8377.715	259.0007	0.8431174	1.568483	0.645833	7.118301
5964	-8125.048	-8383.965	258.917	0.8431174	1.689885	0.645833	7.118301
5970	-8118.584	-8376.839	258.2553	0.9129333	1.666273	0.6106845	7.471107
5976	-8123.585	-8380.524	256.9386	0.8028081	1.518011	0.6106845	8.288411
5982	-8125.434	-8383.243	257.8093	0.7574061	1.812987	0.5902632	7.757517
5988	-8116.37	-8374.536	258.1656	0.8611206	1.636228	0.5958522	7.569368
5994	-8125.175	-8384.188	259.0132	0.8627383	1.852312	0.5974568	7.036481
6000	-8136.359	-8394.676	258.3173	0.7959362	1.599935	0.5548673	7.569368
6006	-8141.799	-8400.081	258.2815	0.8629265	1.504953	0.5791848	7.569368
6012	-8133.615	-8391.915	258.3003	0.8452535	1.698244	0.5412667	7.527484
6018	-8135.919	-8394.138	258.2188	0.8302735	1.809383	0.5431402	7.538866
6024	-8123.415	-8381.508	258.0927	0.8818028	1.7618	0.5066619	7.626335
6030	-8125.992	-8383.502	257.5098	0.7615481	1.65682	0.4775037	8.065065
6036	-8131.864	-8389.328	257.4638	0.8036006	1.591555	0.5068138	8.065065
6042	-8123.251	-8381.672	258.4209	0.8036195	1.602032	0.4374301	7.613807
6048	-8121.981	-8380.108	258.1273	0.793011	1.538421	0.4733258	7.766707
6054	-8133.174	-8390.411	257.237	0.7316275	1.754194	0.6334995	8.06378
6060	-8130.953	-8389.122	258.1686	0.8393104	1.746647	0.6326309	7.511708
6066	-8118.604	-8376.737	258.1334	0.8983096	1.6955	0.6104174	7.533918
6072	-8118.525	-8377.669	259.1438	0.8209175	1.6955	0.5610831	7.072302
6078	-8113.422	-8372.455	259.0332	0.9315468	1.6955	0.5610831	7.072302
6084	-8113.66	-8372.127	258.4672	0.8298268	1.59957	0.5610831	7.465996
6090	-8111.1	-8368.603	257.5029	0.798996	1.689329	0.5174225	8.001781
6096	-8120.839	-8378.18	257.3404	0.851539	1.772759	0.5174225	8.031143
6102	-8116.343	-8373.584	257.2414	0.8766975	1.828083	0.6714367	7.931111
6108	-8113.485	-8372.215	258.7301	0.8766975	1.466944	0.5503852	7.360048
6114	-8117.004	-8375.436	258.4325	0.8766975	1.968326	0.5503852	7.341076
6120	-8111.979	-8371.276	259.2974	0.8391715	1.699983	0.58313	6.960327
6126	-8125.149	-8381.941	256.7925	0.8351993	1.699983	0.5479521	8.331321
6132	-8126.013	-8384.676	258.6625	0.8374077	1.815011	0.612221	7.23978
6138	-8134.768	-8393.815	259.0473	0.846105	1.54904	0.612221	7.124464
6144	-8134.612	-8394.358	259.746	0.9308423	1.697439	0.604503	6.65279
6150	-8135.177	-8393.657	258.4802	0.7433995	1.488768	0.628108	7.49539
6156	-8135.271	-8393.384	258.1125	0.8713701	1.495936	0.628108	7.620911
6162	-8137.244	-8395.838	258.5937	0.8835493	1.688385	0.521136	7.370295
6168	-8128.115	-8388.167	260.0521	0.9651357	1.863497	0.4594847	6.535528
6174	-8127.807	-8385.85	258.0431	0.8816901	1.918919	0.6107824	7.514839
6180	-8110.37	-8369.332	258.9616	0.8562663	1.635164	0.6107824	7.133725
6186	-8114.511	-8373.288	258.7772	0.8364432	1.635164	0.6107824	7.243499
6192	-8115.284	-8373.878	258.5935	0.8551664	1.771701	0.6639482	7.243499
6198	-8108.586	-8367.549	258.9633	0.8419289	1.690277	0.581688	7.143302
6204	-8114.885	-8373.113	258.2272	0.8450747	1.595785	0.5324567	7.611568
6210	-8118.116	-8376.242	258.1262	0.8796256	1.610131	0.569017	7.611568
6216	-8136.98	-8396.53	259.55	1.002861	1.623641	0.569017	6.775135
6222	-8110.037	-8367.866	257.8297	0.8059956	1.825371	0.4933786	7.797496
6228	-8122.184	-8380.068	257.8845	0.8037606	1.588107	0.4933786	7.853683
6234	-8137.167	-8395.518	258.3504	0.9043071	1.51079	0.4933786	7.580412
6240	-8123.961	-8382.309	258.348	0.8844719	1.51079	0.4933786	7.592352
6246	-8115.545	-8373.413	257.8678	0.8844719	1.65537	0.5225786	7.769108
6252	-8105.638	-8363.693	258.0554	0.8789152	1.65537	0.5852558	7.620187
6258	-8111.467	-8371.17	259.7033	0.8789152	1.65537	0.5384553	6.772982
6264	-8103.125	-8362.988	259.863	0.9070654	1.65537	0.5384553	6.671463
6270	-8118.701	-8378.109	259.408	0.9370693	1.561481	0.6174818	6.872422
6276	-8111.965	-8371.036	259.0714	0.9432663	1.561481	0.5421651	7.110818
6282	-8116.329	-8374.133	257.8045	0.7995649	1.755449	0.574939	7.769409
6288	-8115.852	-8374.485	258.6334	0.7630063	1.61242	0.6393083	7.346907
6294	-8129.459	-8387.316	257.8571	0.7942714	1.541056	0.5663785	7.829268
6300	-8124.028	-8381.852	257.8245	0.7783981	1.631368	0.5565455	7.829268
6306	-8128.071	-8386.672	258.6019	0.800082	1.333258	0.6522361	7.446062
6312	-8123.887	-8382.397	258.5099	0.8022222	1.529281	0.5581663	7.48707
6318	-8123.413	-8381.825	258.4122	0.799909	1.681262	0.5425237	7.496856
6324	-8127.499	-8384.974	257.4748	0.7777532	1.61313	0.5923509	7.994335
6330	-8121.212	-8380.115	258.9032	0.855965	1.680633	0.5102306	7.231244
6336	-8119.988	-8378.856	258.8684	0.8093552	1.680633	0.5619384	7.231244
6342	-8138.321	-8397.125	258.8036	0.8462572	1.605915	0.5619384	7.273665
6348	-8131.204	-8389.227	258.0224	0.8560664	1.596806	0.6206449	7.64426
6354	-8131.613	-8391.593	259.9798	0.9495549	1.491167	0.5074855	6.675062
6360	-8130.119	-8391.043	260.9243	1.036868	1.88478	0.537066	5.945297
6366	-8139.79	-8400.415	260.6253	1.058968	1.809497	0.5192395	6.137326
6372	-8127.236	-8385.864	258.6283	0.8707143	1.862262	0.5192395	7.300166
6378	-8136.691	-8394.839	258.1472	0.918691	1.938943	0.5727757	7.462663
6384	-8115.998	-8373.85	257.8526	0.7899107	1.760427	0.5915122	7.733992
6390	-8118.16	-8376.168	258.0077	0.80874	1.507628	0.5915122	7.733992
6396	-8110.355	-8369.571	259.2159	0.9291398	1.461171	0.592266	7.03927
6402	-8117.317	-8376.66	259.3426	0.9020336	1.524132	0.4985654	7.03927
6408	-8124.871	-8383.948	259.0771	0.8658165	1.524132	0.7054208	7.03927
6414	-8123.544	-8382.593	259.0499	0.8501793	1.660207	0.6817557	7.027627
6420	-8110.814	-8368.656	257.8415	0.774385	1.806002	0.5693377	7.750264
6426	-8118.208	-8376.396	258.1878	0.8059458	1.591131	0.5693377	7.624837
6432	-8118.32	-8376.792	258.4714	0.887807	1.727042	0.5298347	7.41238
6438	-8122.286	-8380.754	258.4681	0.8015147	1.493437	0.5709972	7.513407
6444	-8125.39	-8382.947	257.5574	0.8291265	1.644681	0.5709972	7.92819
6450	-8137.978	-8392.886	254.9071	0.7458022	1.871346	0.6568768	9.236254
6456	-8132.847	-8390.425	257.5779	0.8256775	1.50045	0.5905574	7.958041
6462	-8127.639	-8385.177	257.5381	0.7278169	1.622031	0.626036	7.958041
6468	-8119.173	-8377.28	258.1069	0.8220695	1.554803	0.5444585	7.693657
6474	-8135.868	-8393.903	258.0351	0.8336899	1.588356	0.5682031	7.693657
6480	-8124.824	-8384.684	259.8597	0.8966823	1.677762	0.6280197	6.598752
6486	-8130.062	-8390.136	260.0741	0.8795756	1.509767	0.5349114	6.630725
6492	-8126.52	-8383.891	257.3712	0.8099929	1.786549	0.6818203	7.904143
6498	-8111.705	-8369.983	258.2779	0.830187	1.679275	0.5716266	7.529366
6504	-8108.169	-8364.798	256.6297	0.7960752	1.66907	0.5716266	8.430482
6510	-8114.856	-8373.48	258.6232	0.8175947	1.575989	0.4888759	7.459725
6516	-8119.6	-8376.175	256.5746	0.73526	1.479145	0.6397164	8.511253
6522	-8105.398	-8363.075	257.6769	0.7293118	1.643727	0.6397164	7.864983
6528	-8103.713	-8361.339	257.6257	0.7745862	1.564384	0.5916028	7.934346
6534	-8114.176	-8371.319	257.1428	0.8097658	1.631243	0.5916028	8.148115
6540	-8106.151	-8363.841	257.6909	0.7933198	1.779813	0.5916028	7.811848
6546	-8109.159	-8368.123	258.9636	0.7648897	1.425207	0.624513	7.252929
6552	-8102.214	-8359.889	257.6752	0.7320493	1.425207	0.5913392	7.985529
6558	-8113.059	-8371.15	258.0911	0.825287	1.539725	0.5913392	7.668228
6564	-8116.818	-8373.437	256.6186	0.7183355	1.539725	0.5140604	8.573349
6570	-8109.304	-8368.432	259.1282	0.7995954	1.539725	0.6227089	7.101522
6576	-8139.798	-8396.971	257.1736	0.7473162	1.374225	0.6227089	8.241613
6582	-8123.613	-8380.823	257.2098	0.8627004	1.374225	0.522024	8.241613
6588	-8111.895	-8368.767	256.8715	0.7896906	1.645469	0.522024	8.354848
6594	-8125.323	-8383.808	258.4851	0.7626352	1.64752	0.6247496	7.424597
6600	-8124.864	-8382.572	257.7075	0.8176254	1.748951	0.5768218	7.812349
6606	-8122.865	-8380.722	257.8564	0.8081775	1.748328	0.4890211	7.812349
6612	-8131.362	-8389.688	258.3254	0.7574151	1.737233	0.5787314	7.516591
6618	-8119.051	-8376.788	257.7362	0.8253682	1.797858	0.5787314	7.774529
6624	-8132.421	-8389.95	257.5283	0.8418957	1.592664	0.6058997	7.928637
6630	-8117.669	-8375.269	257.5995	0.8261699	1.481695	0.6230635	7.928637
6636	-8135.051	-8392.622	257.5708	0.8007505	1.759964	0.5304879	7.928637
6642	-8147.709	-8406.346	258.637	0.8746219	1.760111	0.6362665	7.234143
6648	-8132.696	-8391.406	258.7105	0.8544532	1.760111	0.5750155	7.253036
6654	-8118.65	-8376.295	257.6453	0.8417233	1.760111	0.5985664	7.811707
6660	-8115.012	-8373.291	258.2789	0.8227098	1.760111	0.654518	7.440628
6666	-8117.13	-8374.839	257.7086	0.8680749	1.691859	0.4709996	7.895535
6672	-8112.325	-8369.112	256.7877	0.7884036	1.744465	0.6329332	8.276634
6678	-8115.193	-8372.913	257.72	0.7490955	1.710061	0.5150873	7.907201
6684	-8116.536	-8372.776	256.2401	0.7776663	1.669578	0.5150873	8.693839
6690	-8126.808	-8385.004	258.1956	0.7594259	1.590302	0.6181712	7.607621
6696	-8125.329	-8382.675	257.3454	0.7401919	1.590302	0.5749081	8.105592
6702	-8110.05	-8368.219	258.1691	0.8239859	1.448095	0.5749081	7.67639
6708	-8104.455	-8361.923	257.4679	0.7733203	1.448095	0.5749081	8.07777
6714	-8138.819	-8397.139	258.3199	0.7904338	1.660959	0.6550651	7.470773
6720	-8134.725	-8390.707	255.9826	0.6994491	1.448095	0.5749081	8.906165
6726	-8113.804	-8369.784	255.9793	0.7791526	1.448095	0.5255073	8.906165
6732	-8140.151	-8399.343	259.1917	0.9030548	1.725382	0.5261551	7.020976
6738	-8125.789	-8383.703	257.9145	0.8305984	1.791409	0.5261551	7.721972
6744	-8123.682	-8381.909	258.2265	0.8289321	1.534257	0.6552807	7.547532
6750	-8136.512	-8395.009	258.4966	0.8457726	1.668321	0.6171318	7.37208
6756	-8129.642	-8387.355	257.7125	0.7953129	1.471074	0.6148495	7.895235
6762	-8115.405	-8374.005	258.5994	0.846399	1.617205	0.6237959	7.33027
6768	-8114.945	-8373.877	258.9323	0.9705482	1.68409	0.6237959	7.060177
6774	-8118.528	-8379.582	261.0539	1.009973	1.646004	0.6237959	5.90305
6780	-8119.995	-8379.657	259.6624	0.8835329	1.646004	0.5078428	6.822454
6786	-8116.654	-8375.565	258.9115	0.8835329	1.68241	0.4873873	7.231695
6792	-8118.457	-8377.086	258.6288	0.8536334	1.470873	0.4962093	7.471726
6798	-8122.269	-8381.291	259.0221	0.9017501	1.472883	0.6462517	7.112273
6804	-8126.681	-8384.978	258.2969	0.8491056	1.741447	0.5982092	7.465887
6810	-8119.765	-8378.603	258.8385	0.8094037	1.627482	0.6585536	7.192037
6816	-8121.49	-8380.196	258.7058	0.797677	1.80527	0.6585536	7.206458
6822	-8119.956	-8379.697	259.7414	0.8882777	1.579382	0.599841	6.725677
6828	-8125.702	-8385.385	259.6831	0.8975285	1.495002	0.5305555	6.841772
6834	-8114.517	-8373.678	259.1613	0.8250727	1.495002	0.614718	7.09368
6840	-8135.197	-8393.842	258.6455	0.7842767	1.495002	0.6658407	7.354507
6846	-8119.995	-8379.174	259.1792	0.8307091	1.654095	0.5956612	7.035252
6852	-8125.707	-8383.492	257.7854	0.7725995	1.355065	0.5956612	7.930856
6858	-8111.469	-8369.725	258.2556	0.758352	1.355065	0.5956612	7.687285
6864	-8128.58	-8387.376	258.7957	0.8535129	1.411137	0.5304847	7.376736
6870	-8122.503	-8380.052	257.5487	0.7409586	1.771108	0.5363712	7.963487
6876	-8125.5	-8383.663	258.1635	0.8156452	1.771108	0.620401	7.527879
6882	-8113.565	-8371.92	258.3553	0.8245251	1.497143	0.620401	7.521389
6888	-8119.46	-8379.081	259.6215	0.822863	1.865501	0.5972043	6.725783
6894	-8117.294	-8374.655	257.361	0.7842599	1.777555	0.5500975	8.026891
6900	-8134.391	-8391.806	257.415	0.8302038	1.627488	0.5500975	8.026891
6906	-8128.136	-8387.591	259.4548	0.8287168	1.627488	0.526455	6.954605
6912	-8114.411	-8372.52	258.1088	0.8084059	1.627488	0.5427323	7.674122
6918	-8117.69	-8375.601	257.9111	0.7876854	1.627488	0.6959307	7.674122
6924	-8110.562	-8368.725	258.1636	0.7845655	1.432479	0.6959307	7.616251
6930	-8102.885	-8361.768	258.8832	0.8243667	1.670039	0.5903711	7.19621
