Iteration	Posterior	Likelihood	Prior	rate_log_sd	rate_loss	rate_neo	tree_length
0	-8111.652	-8369.935	258.2828	0.805134	1.610402	0.520874	7.607619
6	-8118.712	-8378.495	259.7833	0.9983669	1.488085	0.4662975	6.793515
12	-8121.699	-8379.224	257.5249	0.8079093	1.967412	0.5039727	7.903436
18	-8128.945	-8386.938	257.9935	0.8209043	2.023524	0.4967129	7.634896
24	-8116.322	-8374.929	258.6076	0.7981151	1.556569	0.5339571	7.446581
30	-8133.592	-8391.088	257.4962	0.8487772	2.003732	0.5549719	7.842236
36	-8124.724	-8383.856	259.1316	0.8611975	1.698685	0.5215717	7.08933
42	-8132.916	-8390.529	257.6134	0.8071513	1.44892	0.572609	7.983695
48	-8128.905	-8387.289	258.3834	0.8071513	1.43955	0.6961894	7.483377
54	-8134.035	-8391.519	257.484	0.8200328	1.716026	0.6966731	7.852661
60	-8129.35	-8387.159	257.809	0.8018633	1.724697	0.6154942	7.744839
66	-8115.41	-8373.805	258.3948	0.8276419	1.593584	0.5824984	7.490909
72	-8123.198	-8382.187	258.9886	0.9152221	1.593584	0.6374034	7.082787
78	-8111.141	-8369.994	258.853	0.8644192	1.818798	0.6914491	7.063156
84	-8118.886	-8377.915	259.0285	0.8532435	1.818798	0.5705161	7.066172
90	-8115.838	-8374.367	258.5293	0.9359238	1.902829	0.5705161	7.262023
96	-8116.144	-8374.836	258.6914	0.8961918	2.074636	0.4810024	7.218727
102	-8118.494	-8376.386	257.8926	0.8432119	2.074636	0.506747	7.65234
108	-8118.206	-8377.391	259.1842	0.8063887	1.495173	0.506747	7.180031
114	-8123.046	-8380.721	257.6752	0.7795537	1.674551	0.6180807	7.844114
120	-8113.221	-8371.739	258.5178	0.9076312	1.79738	0.5533019	7.332763
126	-8111.363	-8370.169	258.8067	0.8585297	1.540525	0.6174857	7.246334
132	-8115.217	-8373.915	258.6983	0.7977117	1.790224	0.6174857	7.246334
138	-8106.848	-8365.705	258.8568	0.8351871	1.544929	0.6174857	7.23028
144	-8113.084	-8372.389	259.3052	0.8731692	1.656347	0.5729468	6.961804
150	-8120.995	-8380.275	259.2808	0.8975522	1.656347	0.5729468	6.961804
156	-8116.463	-8376.128	259.6656	0.938629	1.625462	0.5176465	6.790009
162	-8121.618	-8377.838	256.2208	0.7827306	1.545173	0.5176465	8.745142
168	-8109.398	-8367.629	258.2313	0.7595359	1.638225	0.6328381	7.559533
174	-8111.181	-8368.502	257.3213	0.7818759	1.638225	0.5845466	8.070885
180	-8125.747	-8384.767	259.0192	0.8076053	1.641636	0.5845466	7.147122
186	-8119.36	-8376.339	256.9791	0.7949575	1.641636	0.4977614	8.317265
192	-8120.679	-8379.493	258.8143	0.8891918	1.422887	0.5498643	7.326491
198	-8117.489	-8375.096	257.6066	0.8377861	1.377836	0.5498643	8.018586
204	-8115.451	-8375.895	260.4439	0.8656564	1.501483	0.5921414	6.394126
210	-8106.206	-8363.551	257.3456	0.7841123	1.501483	0.4917541	8.186126
216	-8114.823	-8372.742	257.9194	0.8621291	1.501483	0.4917541	7.838508
222	-8111.532	-8370.602	259.0702	0.8168172	1.639155	0.4917541	7.194099
228	-8112.646	-8370.484	257.8379	0.762045	1.639155	0.6344903	7.767063
234	-8109.636	-8368.186	258.5503	0.8136094	1.639155	0.6344903	7.35805
240	-8122.99	-8383.122	260.1326	0.848679	1.600054	0.6344903	6.500929
246	-8126.466	-8385.646	259.1796	0.8182802	1.625493	0.594767	7.052969
252	-8108.921	-8365.703	256.7823	0.770906	1.754529	0.5468258	8.352808
258	-8107.017	-8366.191	259.1737	0.8568943	1.570779	0.5244054	7.113794
264	-8113.443	-8372.294	258.8512	0.8557445	1.406198	0.5331808	7.345527
270	-8115.937	-8372.945	257.008	0.6826785	1.406198	0.5331808	8.422023
276	-8120.985	-8378.736	257.7504	0.827105	1.406198	0.5331808	7.949738
282	-8123.959	-8381.892	257.9327	0.8235957	1.406198	0.5430993	7.845982
288	-8122.955	-8379.253	256.298	0.7833925	1.703642	0.5615752	8.609182
294	-8127.273	-8384.548	257.2748	0.7355539	1.594825	0.5643558	8.152497
300	-8118.3	-8376.999	258.6991	0.8709134	1.594825	0.6139866	7.279443
306	-8111.914	-8371.818	259.9035	0.9084581	2.07569	0.6139866	6.446232
312	-8117.241	-8375.531	258.2899	0.8807249	1.821179	0.4727803	7.531419
318	-8137.721	-8395.912	258.191	0.9796598	1.821179	0.4727803	7.531419
324	-8112.911	-8370.548	257.6372	0.7953	1.821179	0.5117325	7.891251
330	-8119.176	-8377.778	258.6017	0.8445245	1.790674	0.5293289	7.34401
336	-8108.632	-8366.65	258.0182	0.8141077	1.790674	0.5792467	7.631781
342	-8109.759	-8368.508	258.749	0.8446772	1.694136	0.5792467	7.257529
348	-8108.976	-8367.76	258.7836	0.8780122	1.694136	0.5994492	7.205058
354	-8123.118	-8382.646	259.5288	0.8994126	1.567585	0.5994492	6.83925
360	-8139.841	-8397.722	257.8813	0.8931768	1.61873	0.5176895	7.774887
366	-8127.399	-8386.548	259.1491	0.9017291	1.61873	0.5176895	7.09068
372	-8118.691	-8377.211	258.5198	0.8873863	1.487743	0.5176895	7.4865
378	-8114.696	-8374.326	259.6301	0.8807011	1.680377	0.5176895	6.820216
384	-8117.785	-8376.903	259.1187	0.8807011	1.736373	0.6180653	6.993891
390	-8119.391	-8379.384	259.9931	0.954937	1.699606	0.6151588	6.496955
396	-8132.423	-8391.217	258.7944	0.9016423	1.699606	0.6354553	7.156998
402	-8106.601	-8365.397	258.7961	0.8268125	1.798922	0.6415458	7.156998
408	-8107.017	-8365.314	258.2971	0.8995242	1.495338	0.6586208	7.484626
414	-8122.834	-8381.628	258.7941	0.8506859	1.668069	0.5598242	7.255206
420	-8122.097	-8380.091	257.9941	0.8336359	1.562125	0.5598242	7.732324
426	-8123.158	-8380.757	257.5999	0.7785145	1.562125	0.6389758	7.910777
432	-8128.139	-8386.274	258.1346	0.8578068	1.562125	0.6072332	7.606654
438	-8132.686	-8388.937	256.2511	0.7546102	1.765164	0.6633325	8.550448
444	-8118.46	-8374.906	256.4461	0.7892215	1.816508	0.4887391	8.550448
450	-8118.397	-8377.776	259.3786	0.9202446	1.816508	0.5855932	6.830124
456	-8131.743	-8390.489	258.746	0.8187137	1.427696	0.6226002	7.341263
462	-8152.435	-8410.344	257.9086	0.800317	1.526938	0.6562004	7.735047
468	-8130.103	-8388.043	257.94	0.8497862	1.526938	0.598798	7.735047
474	-8140.735	-8400.635	259.9004	0.9469298	1.77729	0.5952336	6.539519
480	-8131.974	-8389.925	257.9506	0.90117	1.867053	0.5952336	7.583025
486	-8138.07	-8397.808	259.7378	0.8816359	1.867053	0.5653577	6.656235
492	-8149.242	-8407.03	257.7879	0.737018	1.7453	0.6578747	7.751969
498	-8133.372	-8391.979	258.6064	0.7745365	1.7453	0.6578747	7.293524
504	-8135.866	-8392.82	256.954	0.7623393	1.864285	0.5878908	8.195847
510	-8125.293	-8382.841	257.5475	0.8252922	1.864285	0.5878908	7.845798
516	-8128.834	-8387.299	258.4647	0.8173971	1.74963	0.6205863	7.372816
522	-8132.49	-8391.64	259.1501	0.8890667	1.436645	0.5052079	7.178798
528	-8125.576	-8385.23	259.6535	0.8665957	1.432412	0.5211295	6.907751
534	-8119.547	-8378.269	258.7225	0.8419043	1.57173	0.5980744	7.303547
540	-8114.111	-8373.021	258.9105	0.8660329	1.535839	0.5980744	7.203409
546	-8105.589	-8365.688	260.0997	0.9080236	1.74727	0.5921364	6.465654
552	-8119.193	-8378.317	259.1237	0.8621175	1.678516	0.5921364	7.042103
558	-8118.367	-8374.891	256.5233	0.7025296	1.58078	0.5710687	8.56954
564	-8116.881	-8373.387	256.5053	0.7055461	1.518369	0.4962024	8.66404
570	-8132.545	-8389.858	257.3134	0.8382283	1.621145	0.4962024	8.125116
576	-8135.881	-8393.44	257.5581	0.713058	1.821333	0.4962024	7.990903
582	-8127.117	-8383.459	256.3415	0.7507314	1.438433	0.4675552	8.784244
588	-8133.046	-8389.263	256.2167	0.7713753	1.438433	0.5452635	8.771886
594	-8138.742	-8398.222	259.4796	0.9015545	1.78428	0.4660448	6.899912
600	-8134.997	-8392.922	257.9252	0.8918728	1.95159	0.4660448	7.683993
606	-8119.23	-8377.969	258.7395	0.8069331	1.718825	0.5559522	7.292999
612	-8153.486	-8410.803	257.3171	0.8906591	1.965373	0.5275605	7.950449
618	-8129.376	-8386.202	256.8261	0.793165	1.758856	0.5792913	8.289882
624	-8127.05	-8386.106	259.0557	0.8639859	1.776174	0.5792913	7.053289
630	-8114.622	-8372.703	258.0804	0.8568188	1.503902	0.5062261	7.741603
636	-8115.225	-8373.798	258.573	0.8324894	1.54896	0.5670733	7.422156
642	-8120.068	-8377.655	257.5873	0.8483482	1.550837	0.5406237	7.961847
648	-8124.144	-8381.703	257.5592	0.7809016	1.528303	0.6757265	7.917444
654	-8113.801	-8372.087	258.2867	0.8064793	1.633486	0.6757265	7.475082
660	-8108.283	-8365.438	257.1551	0.7987613	1.591149	0.539257	8.204537
666	-8131.334	-8389.232	257.8985	0.8149648	1.520405	0.5462603	7.820592
672	-8109.493	-8366.827	257.334	0.7963728	1.477003	0.5540029	8.142235
678	-8121.533	-8378.407	256.8747	0.7519834	1.560086	0.5594502	8.373724
684	-8112.196	-8369.676	257.4795	0.761269	1.508866	0.5594502	8.06644
690	-8110.749	-8368.421	257.6725	0.7670899	1.701897	0.5995499	7.856686
696	-8121.708	-8379.494	257.7863	0.7817126	1.580301	0.5691055	7.856686
702	-8121.265	-8377.959	256.6938	0.7786307	1.580301	0.5176671	8.482934
708	-8120.99	-8377.15	256.16	0.7598826	1.577706	0.636095	8.683114
714	-8123.791	-8380.551	256.76	0.7285484	1.368137	0.636095	8.464108
720	-8137.512	-8395.213	257.7012	0.741709	1.382269	0.5772772	7.995298
726	-8121.412	-8379.348	257.9366	0.8427631	1.455429	0.5801079	7.783526
732	-8124.733	-8383.037	258.3039	0.876275	1.60076	0.5180996	7.564251
738	-8131.863	-8391.326	259.4627	0.8972074	1.718354	0.5071329	6.897194
744	-8129.178	-8386.289	257.1108	0.7263947	1.514388	0.5234816	8.309145
750	-8124.815	-8382.785	257.9698	0.743203	1.58581	0.7209999	7.664738
756	-8119.996	-8377.673	257.677	0.8347825	1.561419	0.7209999	7.781549
762	-8118.212	-8376	257.7879	0.8134449	1.38366	0.5621894	7.922353
768	-8144.939	-8403.443	258.5046	0.8945665	1.346198	0.5621894	7.511619
774	-8119.485	-8377.53	258.0452	0.8623096	1.513984	0.6255465	7.656619
780	-8122.258	-8380.375	258.1166	0.8240236	1.469146	0.6255465	7.656619
786	-8129.599	-8387.862	258.2629	0.8049688	1.504693	0.6255465	7.574463
792	-8122.196	-8380.476	258.2802	0.8084675	1.504693	0.5921667	7.589043
798	-8120.235	-8378.629	258.3942	0.8413759	1.415946	0.5391429	7.589043
804	-8113.301	-8372.18	258.8792	0.7889972	1.801448	0.5391429	7.212851
810	-8116.067	-8373.595	257.5282	0.7876251	1.801448	0.5486927	7.928929
816	-8120.687	-8378.841	258.1541	0.7997322	1.801448	0.5486927	7.587896
822	-8139.932	-8397.361	257.4291	0.8706445	1.838732	0.5486927	7.924926
828	-8143.315	-8401.065	257.7505	0.834869	1.680431	0.7427702	7.683573
834	-8122.515	-8380.417	257.9024	0.8101822	1.510719	0.7361008	7.683573
840	-8131.88	-8389.674	257.7948	0.8030752	1.67418	0.7361008	7.683573
846	-8129.864	-8387.926	258.0626	0.8024265	1.67418	0.7458068	7.53411
852	-8118.592	-8377.115	258.5233	0.8505391	1.67418	0.7458068	7.26127
858	-8121.909	-8381.979	260.0707	0.8835165	1.42261	0.6314587	6.588051
864	-8151.402	-8409.688	258.2859	0.8190636	1.639776	0.5952332	7.526676
870	-8124.827	-8383.047	258.2203	0.7565595	1.746966	0.6314587	7.529147
876	-8126.599	-8384.368	257.769	0.796039	1.824178	0.5262213	7.807012
882	-8124.454	-8382.341	257.8874	0.8487009	1.813216	0.501624	7.740634
888	-8117.748	-8376.029	258.2813	0.8478212	1.813216	0.6826725	7.387315
894	-8121.095	-8377.939	256.8445	0.7620536	1.495783	0.6826725	8.31605
900	-8129.697	-8388.99	259.2933	0.8681679	1.595231	0.6898852	6.905186
906	-8112.028	-8368.881	256.8532	0.814183	1.595231	0.5613595	8.33731
912	-8142.754	-8401.325	258.5705	0.8401175	1.595231	0.5613095	7.406554
918	-8123.649	-8382.506	258.8566	0.8118618	1.638868	0.5613095	7.251959
924	-8134.3	-8392.854	258.5542	0.8371702	1.547448	0.5667573	7.430559
930	-8131.319	-8389.172	257.853	0.8246368	1.55363	0.6523026	7.744373
936	-8135.072	-8392.487	257.4153	0.7944166	1.608755	0.6523026	7.973487
942	-8131.548	-8390.614	259.0661	0.8916556	1.439798	0.4911976	7.233743
948	-8111.479	-8370.432	258.9523	0.8959304	1.442628	0.5714253	7.223068
954	-8114.696	-8372.652	257.9566	0.7752379	1.506157	0.6648804	7.724621
960	-8120.341	-8377.115	256.7741	0.8297025	1.535994	0.6648804	8.314589
966	-8114.422	-8372.172	257.7496	0.8923272	1.535994	0.4919667	7.899478
972	-8115.443	-8373.185	257.7415	0.7879331	1.698322	0.4919667	7.899478
978	-8125.836	-8384.244	258.4082	0.8539506	1.485061	0.4919667	7.587819
984	-8120.125	-8379.318	259.1932	0.9267127	1.485061	0.4982788	7.122025
990	-8108.294	-8368.048	259.7545	0.9940709	1.592399	0.5793955	6.672754
996	-8107.659	-8367.512	259.853	0.8738748	1.592399	0.5793955	6.684499
1002	-8114.521	-8374.133	259.612	0.9610532	1.556326	0.55623	6.800247
1008	-8114.616	-8374.997	260.3805	0.9070936	1.690218	0.4665678	6.442789
1014	-8112.882	-8373.289	260.4071	0.9306809	1.690218	0.438288	6.442789
1020	-8120.575	-8379.75	259.1754	0.8687905	1.690218	0.438288	7.141036
1026	-8117.435	-8377.222	259.7865	0.8793719	1.690218	0.4234984	6.820787
1032	-8112.726	-8373.292	260.5655	0.9312252	1.868988	0.5152546	6.222539
1038	-8110.759	-8369.492	258.7329	0.8626373	1.868988	0.5743517	7.200082
1044	-8109.019	-8368.091	259.072	0.8224061	1.545046	0.5206713	7.200082
1050	-8109.633	-8369.599	259.9662	0.9707762	1.780814	0.5840709	6.498683
1056	-8112.389	-8369.811	257.4217	0.8320534	1.780814	0.513496	7.998801
1062	-8119.948	-8379.211	259.2631	0.9275307	1.757228	0.6202577	6.881873
1068	-8124.274	-8381.438	257.1639	0.8564195	1.951302	0.6202577	7.980649
1074	-8109.085	-8368.375	259.2902	0.8803857	1.61203	0.5867698	6.971309
1080	-8118.908	-8375.794	256.8863	0.7122483	1.61203	0.5867698	8.347435
1086	-8111.669	-8370.396	258.727	0.8530946	1.53582	0.5867698	7.317791
1092	-8107.157	-8365.499	258.3418	0.8615383	1.53582	0.558395	7.542611
1098	-8131.554	-8389.024	257.4705	0.8074492	1.532657	0.558395	8.038254
1104	-8127.1	-8385.773	258.673	0.7736885	1.713305	0.4868984	7.407998
1110	-8114.728	-8372.554	257.8263	0.8489691	1.713305	0.5348775	7.779047
1116	-8110.991	-8369.733	258.7422	0.9065234	1.621246	0.6318575	7.213737
1122	-8115.515	-8374.204	258.6895	0.9035797	1.703295	0.6318575	7.213737
1128	-8123.638	-8381.841	258.2033	0.7986573	1.703295	0.6318575	7.530786
1134	-8123.016	-8381.411	258.395	0.8271895	1.729137	0.600622	7.427495
1140	-8135.711	-8392.861	257.151	0.8068438	1.596352	0.6557758	8.109843
1146	-8132.836	-8390.437	257.6006	0.7040825	1.65724	0.6557758	7.902502
1152	-8138.482	-8395.672	257.1902	0.8961541	1.83541	0.6365522	7.971054
1158	-8135.913	-8393.115	257.2017	0.777359	1.83541	0.5174176	8.123388
1164	-8133.875	-8394.13	260.2555	0.9634549	1.928702	0.5786019	6.300174
1170	-8132.371	-8392.132	259.7615	0.9166183	1.928702	0.6069937	6.570823
1176	-8124.391	-8384.319	259.9281	0.9445307	1.742124	0.5011158	6.617266
1182	-8127.491	-8387.683	260.1925	0.9424371	1.850851	0.5513918	6.394111
1188	-8125.149	-8382.86	257.711	0.7923607	1.585333	0.5513918	7.903756
1194	-8131.534	-8387.715	256.1815	0.7619231	1.585333	0.581275	8.709629
1200	-8127.493	-8386.163	258.6697	0.8475564	1.584584	0.5132795	7.393851
1206	-8121.792	-8379.716	257.9237	0.8004577	1.584584	0.6119641	7.737964
1212	-8124.963	-8384.553	259.5901	0.9978168	1.584584	0.6119641	6.736797
1218	-8134.412	-8394.181	259.769	0.9788785	1.769576	0.5880797	6.601753
1224	-8131.921	-8391.039	259.1186	0.8596022	1.591433	0.5650145	7.100161
1230	-8144.944	-8403.426	258.4821	0.7885278	1.478778	0.531888	7.55101
1236	-8149.354	-8408.128	258.7745	0.7872413	1.478778	0.531888	7.395028
1242	-8132.354	-8390.252	257.8983	0.8638291	1.377037	0.5761179	7.828053
1248	-8122.793	-8382.021	259.228	0.8576279	1.392615	0.5761179	7.11227
1254	-8126.136	-8384.346	258.2097	0.8264055	1.392615	0.621582	7.639704
1260	-8117.105	-8375.695	258.5902	0.8279678	1.392615	0.5864309	7.462342
1266	-8119.004	-8377.702	258.6973	0.7647513	1.763514	0.6010113	7.286495
1272	-8108.755	-8367.079	258.3245	0.8991209	1.763514	0.5420783	7.46198
1278	-8118.1	-8377.217	259.1166	0.8703072	1.763514	0.5865306	7.015723
1284	-8133.214	-8392.959	259.745	0.9525817	1.678579	0.5865306	6.66261
1290	-8125.211	-8385.035	259.8238	0.9266055	1.678579	0.5865306	6.634039
1296	-8116.017	-8374.941	258.9245	0.8944906	1.678579	0.6937121	7.056108
1302	-8122.305	-8381.284	258.9794	0.8641216	1.697356	0.6720053	7.051614
1308	-8113.697	-8372.496	258.7995	0.8911653	1.697356	0.5895461	7.196088
1314	-8106.661	-8364.289	257.6271	0.735784	1.697356	0.5504727	7.938544
1320	-8121.392	-8380.328	258.9362	0.8879464	1.525703	0.5147887	7.250414
1326	-8114.53	-8373.842	259.3125	0.9129706	1.525703	0.5203739	7.029792
1332	-8125.801	-8385.949	260.1482	0.8454418	1.597225	0.5036369	6.602538
1338	-8108.498	-8366.734	258.2358	0.9259817	1.650233	0.5036369	7.568423
1344	-8108.876	-8367.906	259.0304	0.83828	1.7768	0.5706637	7.087465
1350	-8115.95	-8373.481	257.531	0.719213	1.652494	0.5567966	8.009544
1356	-8122.251	-8382.502	260.2509	0.9186972	1.668364	0.4951186	6.488405
1362	-8122.154	-8381.359	259.2056	0.9003099	1.483192	0.4951186	7.133121
1368	-8131.179	-8389.495	258.3159	0.7771749	1.483192	0.7181313	7.502898
1374	-8129.261	-8389.369	260.1081	0.9350915	1.770153	0.5631991	6.46182
1380	-8108.356	-8365.881	257.525	0.8172902	1.554981	0.5631991	7.991531
1386	-8129.82	-8388.592	258.7712	0.8911007	1.554981	0.556545	7.290679
1392	-8132.394	-8391.253	258.8594	0.8167051	1.541557	0.556545	7.288467
1398	-8133.388	-8389.514	256.1266	0.7100225	1.554241	0.556545	8.797758
1404	-8114.984	-8374.268	259.2843	0.7731512	1.554241	0.5134231	7.115225
1410	-8109.78	-8369.697	259.9164	0.8993396	1.554241	0.6309114	6.610786
1416	-8099.57	-8359.318	259.7488	0.8319858	1.554241	0.5778838	6.779217
1422	-8098.928	-8357.658	258.7301	0.8220806	1.554241	0.6386607	7.285781
1428	-8119.723	-8378.977	259.254	0.8108998	1.554241	0.6135532	7.029155
1434	-8126.653	-8386.131	259.4783	0.8712706	1.554241	0.5932617	6.891674
1440	-8123.846	-8381.034	257.1873	0.7812882	1.576025	0.4943166	8.241035
1446	-8113.438	-8371.646	258.2081	0.7563915	1.430624	0.6079153	7.672809
1452	-8137.884	-8398.948	261.0639	0.8773688	1.605206	0.5633458	6.033663
1458	-8132.774	-8392.044	259.2698	0.9335578	1.832537	0.5633458	6.894115
1464	-8122.975	-8381.798	258.8225	0.8682806	1.429468	0.6058188	7.285755
1470	-8133.365	-8392.953	259.5881	0.9089108	1.689947	0.6058188	6.751639
1476	-8133.509	-8391.736	258.2272	0.8678032	1.52745	0.5748369	7.590523
1482	-8111.749	-8369.761	258.0117	0.8249754	1.523345	0.560482	7.741926
1488	-8144.058	-8400.553	256.495	0.7303244	1.63009	0.5087399	8.603482
1494	-8127.527	-8385.084	257.5568	0.8666814	1.710443	0.6264319	7.841709
1500	-8130.577	-8388.563	257.9858	0.7799291	1.53115	0.4847826	7.841709
1506	-8138.508	-8396.22	257.712	0.9297498	1.486122	0.4847826	7.925428
1512	-8133.58	-8393.215	259.6346	0.8740221	1.48177	0.5863498	6.839831
1518	-8124.859	-8383	258.1412	0.7506109	1.796563	0.5823116	7.595496
1524	-8143.802	-8401.411	257.6086	0.7488817	1.796563	0.525822	7.927515
1530	-8131.917	-8389.304	257.3866	0.8404751	1.760601	0.525822	8.009424
1536	-8124.515	-8382.999	258.4836	0.8534586	1.504315	0.5166393	7.518407
1542	-8126.037	-8385.003	258.9664	0.8379123	1.504315	0.5832733	7.212461
1548	-8131.776	-8391.477	259.7004	0.913825	1.615701	0.581758	6.734659
1554	-8128.399	-8387.667	259.2681	0.8665277	1.615701	0.5951003	6.98275
1560	-8120.541	-8379.826	259.2844	0.8665277	1.592213	0.5951003	6.98275
1566	-8125.064	-8384.201	259.137	0.8938848	1.704139	0.6512652	6.963458
1572	-8126.794	-8384.229	257.4349	0.7733314	1.899783	0.5169305	7.980414
1578	-8110.479	-8368.487	258.0074	0.8762778	1.695249	0.5169305	7.689393
1584	-8108.822	-8366.76	257.9379	0.8559014	1.562122	0.6382188	7.689393
1590	-8106.357	-8365.272	258.9153	0.8233289	1.644166	0.6205456	7.165494
1596	-8113.831	-8371.595	257.7642	0.7435183	1.557991	0.5953146	7.876506
1602	-8115.326	-8372.057	256.7307	0.8410842	1.557991	0.5687086	8.396216
1608	-8109.155	-8365.977	256.8225	0.7478536	1.557991	0.5696812	8.396216
1614	-8119.623	-8376.938	257.315	0.8119679	1.643836	0.5603955	8.075502
1620	-8120.695	-8378.934	258.2385	0.728844	1.643836	0.5603955	7.626702
1626	-8118.344	-8376.231	257.8874	0.8135983	1.755327	0.5287274	7.755784
1632	-8127.841	-8384.295	256.4544	0.7499911	1.755327	0.5140702	8.565481
1638	-8117.264	-8376.448	259.1842	0.8287771	1.662078	0.5140702	7.098215
1644	-8115.379	-8373.511	258.132	0.8882715	1.666425	0.4616652	7.676344
1650	-8114.64	-8373.732	259.0914	0.8315759	1.666425	0.4665674	7.187851
1656	-8116.582	-8374.966	258.3843	0.8886439	1.65702	0.6118072	7.417504
1662	-8119.151	-8377.489	258.3385	0.8263829	1.942767	0.5612386	7.417747
1668	-8103.351	-8361.949	258.5983	0.8380137	1.52985	0.5612386	7.417747
1674	-8118.788	-8376.921	258.1333	0.8991841	1.52985	0.5873265	7.613094
1680	-8122.372	-8380.734	258.3614	0.8584434	1.766932	0.5873265	7.426011
1686	-8121.789	-8379.866	258.0777	0.8837493	1.612817	0.6304842	7.586413
1692	-8124.109	-8382.624	258.5153	0.8320181	1.533597	0.528919	7.490998
1698	-8122.427	-8380.165	257.7375	0.8644195	1.692073	0.5809129	7.788129
1704	-8123.361	-8381.859	258.4973	0.7826091	1.816219	0.5343475	7.420213
1710	-8124.644	-8382.978	258.3339	0.8419807	1.622866	0.6260624	7.471209
1716	-8110.06	-8367.902	257.8422	0.8396934	2.072413	0.6260624	7.584961
1722	-8111.937	-8370.208	258.2714	0.8798009	1.733306	0.5970393	7.466877
1728	-8129.365	-8388.725	259.3606	0.9405356	1.733306	0.6464821	6.810894
1734	-8115.194	-8373.24	258.0462	0.7582069	1.800184	0.6006222	7.626645
1740	-8113.202	-8371.832	258.63	0.8681592	1.589444	0.6006222	7.330371
1746	-8114.482	-8373.645	259.1632	0.8687174	1.550356	0.5617402	7.089563
1752	-8112.81	-8371.051	258.2411	0.7697116	1.745153	0.5779787	7.553022
1758	-8123.871	-8381.259	257.3884	0.79901	1.745153	0.581914	7.98991
1764	-8121.766	-8380.702	258.9357	0.7461545	1.745153	0.5761525	7.194515
1770	-8116.277	-8374.892	258.6147	0.8324247	1.686111	0.5761525	7.341538
1776	-8106.802	-8365.091	258.2883	0.7744019	1.686111	0.6182798	7.514654
1782	-8107.011	-8365.37	258.3593	0.8129789	1.528755	0.6182798	7.514654
1788	-8109.898	-8368.768	258.8702	0.8227609	1.558208	0.6021409	7.23647
1794	-8108.79	-8367.903	259.1126	0.8975586	1.749791	0.5986627	6.998426
1800	-8116.615	-8373.749	257.1346	0.8261917	1.749791	0.5417746	8.141688
1806	-8115.612	-8373.261	257.6486	0.8010482	1.399646	0.5229438	8.029315
1812	-8104.812	-8362.821	258.0083	0.8171653	1.425178	0.6321048	7.730991
1818	-8116.953	-8374.669	257.7155	0.7853161	1.425178	0.6645219	7.880619
1824	-8126.699	-8384.026	257.3269	0.7165758	1.475109	0.6160604	8.140336
1830	-8121.822	-8380.006	258.1841	0.7663047	1.613315	0.6160604	7.603081
1836	-8121.747	-8379.467	257.7202	0.7460552	1.536605	0.5355892	7.955182
1842	-8111.126	-8369.275	258.1495	0.7786715	1.536605	0.5643193	7.684756
1848	-8117.392	-8375.692	258.2997	0.7562035	1.536605	0.4845105	7.684756
1854	-8125.642	-8382.811	257.1685	0.7457141	1.483708	0.621856	8.201369
1860	-8124.069	-8381.475	257.4055	0.7878787	1.483708	0.6965723	7.998472
1866	-8133.627	-8392.691	259.0648	0.9175166	1.745933	0.4503679	7.142824
1872	-8133.481	-8392.006	258.5251	0.8824036	1.745933	0.4506066	7.45115
1878	-8139.081	-8397.442	258.3608	0.8561685	1.810582	0.4506066	7.530934
1884	-8135.546	-8392.527	256.9807	0.7304039	1.586446	0.732991	8.191092
1890	-8134.237	-8392.12	257.8825	0.8588452	1.689276	0.6320517	7.675139
1896	-8132.02	-8390.726	258.706	0.7787549	1.689276	0.6239666	7.282883
1902	-8150.339	-8408.369	258.0301	0.806206	1.689276	0.6845134	7.586121
1908	-8129.806	-8388.102	258.2953	0.7943129	1.496201	0.547829	7.627651
1914	-8137.07	-8396.034	258.9639	0.8229394	1.48054	0.6760811	7.161128
1920	-8143.602	-8401.614	258.0121	0.7875012	1.568803	0.49091	7.803681
1926	-8121.477	-8379.302	257.8249	0.8109392	1.670186	0.549076	7.803681
1932	-8127.781	-8385.264	257.4834	0.7603032	1.670186	0.5249814	8.03317
1938	-8127.154	-8384.339	257.1845	0.8563325	1.670186	0.5156946	8.14928
1944	-8124.56	-8382.477	257.9166	0.7965317	1.820177	0.580549	7.684495
1950	-8132.537	-8390.336	257.7987	0.7719647	1.799295	0.516345	7.820881
1956	-8130.046	-8388.039	257.9925	0.8287254	1.799295	0.5443118	7.663265
1962	-8126.247	-8384.499	258.2525	0.8388445	1.433354	0.5443118	7.654773
1968	-8118.345	-8377.845	259.5009	0.8907833	1.655059	0.5443118	6.870933
1974	-8141.007	-8397.714	256.7066	0.7547623	1.706287	0.4806665	8.47555
1980	-8129.933	-8388.416	258.4834	0.8671232	1.706287	0.5808196	7.382433
1986	-8116.365	-8375.329	258.9636	0.9044014	1.706287	0.5529829	7.127127
1992	-8120.496	-8379.592	259.0964	0.8634749	1.572281	0.5529829	7.127127
1998	-8129.5	-8386.895	257.3949	0.7694699	1.572281	0.5691844	8.074969
2004	-8136.518	-8394.545	258.0269	0.7181755	1.824632	0.6392538	7.620723
2010	-8114.305	-8372.817	258.5119	0.7528711	1.627345	0.6572771	7.398715
2016	-8106.133	-8366.237	260.1044	0.8932017	1.627345	0.546	6.552413
2022	-8109.952	-8369.392	259.4398	0.8609925	1.725219	0.5395633	6.898595
2028	-8127.301	-8386.149	258.8478	0.8866669	1.684844	0.6742217	7.113216
2034	-8119.726	-8378.541	258.8145	0.8519316	1.786993	0.6742217	7.113791
2040	-8119.36	-8378.276	258.9165	0.8100711	1.585259	0.528682	7.268044
2046	-8119.127	-8377.411	258.2835	0.8670786	1.577078	0.5045386	7.600795
2052	-8116.399	-8375.629	259.2295	0.8631003	1.577078	0.6054665	7.011811
2058	-8114.509	-8371.09	256.581	0.8641037	1.605226	0.5115464	8.493451
2064	-8115.875	-8373.169	257.2941	0.8043968	1.605226	0.5683975	8.098362
2070	-8140.814	-8398.928	258.1144	0.8600547	1.937794	0.574128	7.510964
2076	-8137.134	-8395.5	258.3669	0.7358667	1.748395	0.574128	7.505723
2082	-8134.787	-8393.081	258.2933	0.7422713	1.626773	0.5263205	7.624933
2088	-8122.789	-8381.837	259.0476	0.900494	1.601004	0.5263205	7.145112
2094	-8145.628	-8405.801	260.1728	0.9873536	1.713633	0.5376246	6.439889
2100	-8132.724	-8393.53	260.8061	0.9113688	1.917699	0.5177101	6.084022
2106	-8130.482	-8390.539	260.0566	0.8481329	1.819763	0.4527091	6.617675
2112	-8136.281	-8396.343	260.0622	0.9476665	1.592828	0.4951028	6.603053
2118	-8120.116	-8379.979	259.863	0.9108816	1.592828	0.6517404	6.603053
2124	-8113.328	-8372.516	259.1879	0.8547813	1.8194	0.5334408	7.010133
2130	-8123.793	-8384.077	260.2838	0.8836088	1.8194	0.6213306	6.331096
2136	-8114.928	-8374.207	259.2794	0.9158795	1.483009	0.6213306	6.980928
2142	-8125.4	-8383.935	258.5349	0.8713048	1.671339	0.6941167	7.280314
2148	-8139.003	-8397.825	258.8225	0.9074566	1.667521	0.669355	7.125389
2154	-8117.389	-8375.669	258.2795	0.9355752	1.53169	0.5473808	7.547005
2160	-8120.787	-8379.096	258.3083	0.8874696	1.53169	0.5739279	7.535639
2166	-8113.416	-8371.216	257.8	0.7898668	1.595825	0.7134624	7.731979
2172	-8115.568	-8373.693	258.1258	0.7800339	1.483043	0.5468091	7.731979
2178	-8114.726	-8373.179	258.4526	0.7839458	1.460883	0.5468091	7.563872
2184	-8121.299	-8379.29	257.9906	0.819775	1.540004	0.5579194	7.751606
2190	-8124.313	-8384.029	259.7156	0.891279	1.52182	0.6236162	6.741819
2196	-8117.881	-8378.312	260.4309	0.9812019	1.460882	0.6236162	6.330214
2202	-8127.094	-8386.001	258.9065	0.9451335	1.460882	0.7003336	7.117037
2208	-8117.39	-8376.565	259.1749	0.9007805	1.687213	0.5665312	7.011124
2214	-8128.213	-8389.108	260.8952	0.959095	1.687213	0.5665312	6.047899
2220	-8127.814	-8386.97	259.1567	0.8277085	1.687213	0.5665312	7.060236
2226	-8120.579	-8378.453	257.8734	0.8031792	1.687213	0.6448084	7.701019
2232	-8125.409	-8384.38	258.9715	0.873194	1.687213	0.6448084	7.074532
2238	-8128.85	-8388.491	259.6406	0.9476909	1.885902	0.633587	6.613095
2244	-8120.129	-8377.851	257.7223	0.8485767	1.970968	0.5046787	7.774547
2250	-8112.923	-8372.842	259.9188	0.9205248	1.822637	0.5190042	6.591501
2256	-8123.417	-8382.289	258.8723	0.9265449	1.823775	0.5190042	7.152227
2262	-8130.106	-8390.007	259.9007	0.9504975	1.823775	0.4738951	6.62528
2268	-8117.206	-8374.918	257.7119	0.8067271	1.673428	0.5691101	7.84876
2274	-8122.489	-8381.237	258.7476	0.8994836	1.676658	0.5691101	7.243282
2280	-8119.532	-8377.699	258.1665	0.8123952	1.676658	0.5819711	7.5912
2286	-8128.337	-8385.625	257.2884	0.8407926	1.676658	0.5027349	8.111117
2292	-8129.896	-8386.186	256.2895	0.8184018	1.407636	0.5324284	8.731469
2298	-8129.944	-8386.662	256.7186	0.7764687	1.875656	0.5324284	8.354905
2304	-8128.256	-8384.616	256.3606	0.7383359	1.500194	0.5324284	8.699292
2310	-8120.995	-8379.416	258.4213	0.8433901	1.715805	0.5324284	7.464854
2316	-8121.639	-8380.071	258.4319	0.8366315	1.715805	0.5331963	7.462104
2322	-8127.159	-8385.516	258.3569	0.7959035	1.549186	0.6937053	7.462104
2328	-8138.528	-8396.314	257.7863	0.909582	1.549186	0.7412363	7.674196
2334	-8124.197	-8382.57	258.3736	0.8320985	1.632338	0.6077427	7.465702
2340	-8118.311	-8376.32	258.0088	0.8031798	1.80268	0.6077427	7.616226
2346	-8128.858	-8386.759	257.9009	0.7891044	1.591368	0.674091	7.707725
2352	-8117.692	-8376.762	259.0708	0.8273692	1.93257	0.5202109	7.061702
2358	-8118.273	-8376.16	257.8874	0.7485572	1.413508	0.4985444	7.945487
2364	-8119.212	-8377.608	258.3964	0.8381646	1.380928	0.5860603	7.565903
2370	-8112.798	-8371.571	258.773	0.8356318	1.437303	0.617284	7.317814
2376	-8126.013	-8384.495	258.4825	0.8293813	1.437303	0.4956881	7.577073
2382	-8115.776	-8374.472	258.6966	0.8318936	1.76147	0.5726022	7.274072
2388	-8126.596	-8384.222	257.6264	0.7812252	2.177459	0.5862576	7.730943
2394	-8126.137	-8384.111	257.9743	0.8240501	1.929427	0.5732318	7.608655
2400	-8125.315	-8384.267	258.9526	0.8388144	1.872622	0.5732318	7.094458
2406	-8126.661	-8385.07	258.4092	0.7613278	1.508779	0.5904105	7.545002
2412	-8123.11	-8381.349	258.2387	0.8611867	1.508779	0.5904105	7.582828
2418	-8116.208	-8374.384	258.1758	0.778042	1.476931	0.7199889	7.578713
2424	-8130.301	-8388.659	258.3578	0.787099	1.476931	0.6233815	7.545833
2430	-8120.398	-8377.607	257.2087	0.7255776	1.42225	0.6638799	8.184333
2436	-8127.004	-8382.569	255.5648	0.6616971	1.42225	0.5454326	9.18152
2442	-8113.326	-8371.032	257.7057	0.7084599	1.42225	0.4959113	8.062509
2448	-8120.628	-8378.578	257.9506	0.7720301	1.659794	0.4959113	7.806629
2454	-8100.194	-8357.604	257.4095	0.7735414	1.659794	0.4959113	8.09452
2460	-8109.824	-8369.086	259.2621	0.8546525	1.858509	0.4959113	6.989777
2466	-8130.997	-8389.843	258.8462	0.8965756	1.957267	0.558268	7.105182
2472	-8124.138	-8382.449	258.3109	0.878064	1.957267	0.5645845	7.397449
2478	-8137.036	-8397.003	259.9669	0.9739803	1.648545	0.552839	6.569501
2484	-8133.087	-8392.14	259.0536	0.783825	1.575435	0.5071231	7.230915
2490	-8136.997	-8394.406	257.409	0.8013312	1.575435	0.6162567	8.012471
2496	-8139.078	-8397.947	258.8692	0.9215453	1.575435	0.6162567	7.166484
2502	-8123.582	-8381.769	258.1874	0.7805908	1.684705	0.6162567	7.567462
2508	-8130.05	-8386.101	256.0513	0.8039275	1.684705	0.6122774	8.696213
2514	-8116.687	-8374.933	258.2469	0.8474465	1.638267	0.6061366	7.524409
2520	-8127.89	-8385.98	258.09	0.7884834	1.638267	0.6061366	7.639995
2526	-8133.4	-8391.213	257.8127	0.7784238	1.638267	0.633037	7.773169
2532	-8139.428	-8397.938	258.5099	0.8708345	1.807037	0.5215415	7.380238
2538	-8140.848	-8397.815	256.9668	0.7689184	1.64415	0.5215415	8.31608
2544	-8128.48	-8386.863	258.3829	0.8103926	1.500606	0.6661841	7.478865
2550	-8129.861	-8387.478	257.6172	0.7934233	1.720192	0.608802	7.858553
2556	-8131.298	-8390.307	259.0087	0.8479467	1.720192	0.6465368	7.055012
2562	-8131.655	-8388.829	257.1738	0.9753044	1.852047	0.5297532	8.016678
2568	-8130.803	-8388.24	257.437	0.8939147	1.577724	0.5297532	8.016678
2574	-8135.017	-8392.216	257.1997	0.8026114	1.692441	0.6122087	8.083552
2580	-8144.922	-8402.629	257.707	0.8926446	1.863969	0.7136937	7.632222
2586	-8150.874	-8409.632	258.7579	0.8871488	1.863969	0.5769307	7.173081
2592	-8134.621	-8391.645	257.0244	0.7992636	1.683189	0.5602875	8.222919
2598	-8153.653	-8412.519	258.8659	0.8411025	1.382475	0.6052895	7.296917
2604	-8132.081	-8389.17	257.0888	0.7278449	1.603288	0.6443786	8.190822
2610	-8122.662	-8380.444	257.782	0.8266144	1.603288	0.6456874	7.767367
2616	-8117.662	-8375.12	257.4577	0.7990158	1.51983	0.5365757	8.072583
2622	-8119.511	-8377.908	258.3967	0.8454973	1.51983	0.5365757	7.546144
2628	-8106.988	-8365.825	258.8374	0.824584	1.607591	0.5365757	7.287606
2634	-8110.545	-8369.803	259.2583	0.8705768	1.554365	0.5365757	7.056836
2640	-8120.721	-8378.054	257.333	0.7874599	1.759185	0.531759	8.061713
2646	-8115.678	-8373.404	257.7264	0.8003551	1.675095	0.667899	7.768659
2652	-8117.209	-8375.547	258.3379	0.831928	1.675095	0.4962584	7.561646
2658	-8131.045	-8387.493	256.4483	0.795882	1.882618	0.4744741	8.536699
2664	-8126.962	-8385.397	258.4354	0.8709246	1.949254	0.5131069	7.380431
2670	-8131.603	-8390.028	258.4252	0.8370901	1.629609	0.6780473	7.384201
2676	-8132.127	-8390.505	258.378	0.9475559	1.986003	0.6966402	7.215307
2682	-8127.987	-8385.92	257.9333	0.8097571	1.638353	0.5236905	7.779292
2688	-8127.701	-8384.055	256.3534	0.7809699	1.640371	0.5251571	8.633927
2694	-8108.2	-8366.814	258.6145	0.9277864	1.713784	0.5251571	7.322895
2700	-8142.854	-8401.789	258.9345	0.8371167	1.709477	0.6184919	7.125722
2706	-8124.126	-8381.35	257.2243	0.8211255	1.709477	0.6184919	8.04976
2712	-8121	-8378.512	257.5121	0.8249766	1.564195	0.4937235	8.04976
2718	-8121.532	-8380.45	258.918	0.838619	1.564195	0.5961118	7.204717
2724	-8109.657	-8368.03	258.3728	0.8195492	1.51188	0.5961118	7.527597
2730	-8115.81	-8374.796	258.986	0.8195492	1.520438	0.5517759	7.23106
2736	-8125.713	-8384.433	258.72	0.8581059	1.632705	0.7230726	7.182049
2742	-8127.083	-8386.045	258.9618	0.817808	1.632705	0.6357931	7.136203
2748	-8135.393	-8394.075	258.6821	0.838392	1.770546	0.6000534	7.253451
2754	-8126.482	-8384.227	257.7454	0.7826751	1.745375	0.5357319	7.845726
2760	-8135.175	-8393.046	257.8718	0.8198587	1.575341	0.6217121	7.75139
2766	-8138.622	-8396.14	257.5182	0.795265	1.575341	0.598075	7.971461
2772	-8127.261	-8385.679	258.4179	0.8001671	1.545683	0.598075	7.499193
2778	-8129.601	-8388.166	258.5647	0.8271851	1.545683	0.5956972	7.407906
2784	-8116.632	-8374.427	257.7949	0.7678714	1.386253	0.5212145	7.976043
2790	-8124.964	-8385.016	260.0517	0.8600506	1.502974	0.5051313	6.681983
2796	-8121.007	-8378.876	257.8685	0.8220335	1.469844	0.5585665	7.842572
2802	-8124.387	-8382.802	258.4151	0.7161058	1.473657	0.5568682	7.606879
2808	-8112.212	-8370.189	257.9765	0.8355519	1.5422	0.7113098	7.634988
2814	-8127.933	-8385.565	257.632	0.8714464	1.841836	0.4528246	7.899825
2820	-8132.688	-8390.304	257.6161	0.7682368	1.849913	0.4528246	7.960695
2826	-8123.899	-8382.749	258.8496	0.8607963	1.613327	0.5383325	7.257985
2832	-8134.168	-8392.289	258.1207	0.8674221	1.613327	0.5020323	7.676368
2838	-8128.018	-8385.953	257.9346	0.8341827	1.60487	0.5020323	7.796724
2844	-8126.403	-8383.472	257.0689	0.7998012	1.60487	0.5038326	8.275075
2850	-8114.26	-8372.597	258.3362	0.8373381	1.527134	0.5242523	7.590508
2856	-8113.569	-8371.027	257.4578	0.8429299	1.5916	0.5713056	7.993308
2862	-8119.747	-8377.726	257.979	0.750386	1.465949	0.5687613	7.815123
2868	-8122.902	-8381.5	258.5984	0.8139062	1.465949	0.5687613	7.449707
2874	-8108.34	-8366.784	258.4442	0.8429767	1.863764	0.6391507	7.317224
2880	-8133.457	-8391.014	257.557	0.8725538	1.915755	0.4550594	7.912837
2886	-8136.375	-8394.028	257.6528	0.9316341	1.599402	0.4845207	7.912837
2892	-8129.941	-8388.562	258.6213	0.844327	1.847893	0.5258045	7.317224
2898	-8128.861	-8386.57	257.7089	0.8434454	1.413077	0.568905	7.930907
2904	-8137.276	-8396.967	259.6907	0.8797767	1.394807	0.568905	6.856099
2910	-8126.87	-8383.953	257.083	0.794971	1.457568	0.4942961	8.335171
2916	-8122.836	-8381.469	258.6336	0.8368585	1.469909	0.4942961	7.480215
2922	-8124.85	-8383.326	258.4758	0.8368585	1.469909	0.5955311	7.480215
2928	-8123.859	-8382.105	258.246	0.882435	1.841151	0.5496256	7.480215
2934	-8115.4	-8374.196	258.7964	0.8419953	1.523302	0.5860135	7.291925
2940	-8113.752	-8371.786	258.0338	0.8605492	1.611866	0.4994391	7.729316
2946	-8122.12	-8379.718	257.598	0.7927283	1.666581	0.4994391	7.978217
2952	-8134.899	-8390.73	255.8316	0.6946391	1.484223	0.5192568	9.02018
2958	-8114.451	-8373.288	258.8367	0.8607353	1.637475	0.5902632	7.213604
2964	-8120.206	-8377.778	257.5721	0.7764139	1.893854	0.5902632	7.847161
2970	-8125.284	-8384.483	259.1995	0.9299176	1.727737	0.5081561	7.017107
2976	-8122.717	-8381.79	259.0731	0.934116	1.541779	0.5830049	7.088981
2982	-8123.819	-8381.531	257.7125	0.8533139	1.932798	0.5325226	7.765449
2988	-8130.011	-8386.884	256.8731	0.7385264	1.659452	0.5603693	8.344233
2994	-8123.609	-8380.429	256.8195	0.81531	1.659452	0.5453147	8.344233
3000	-8112.591	-8371.566	258.9753	0.8200436	1.610208	0.6369067	7.13523
3006	-8112.412	-8371.248	258.836	0.8199254	1.778457	0.6300417	7.154911
3012	-8113.015	-8371.753	258.7377	0.8186585	1.73468	0.6300417	7.22371
3018	-8119.674	-8377.127	257.4528	0.7706768	1.468485	0.5929627	8.064832
3024	-8109.562	-8368.229	258.6671	0.8333639	1.64142	0.5929627	7.315822
3030	-8100.499	-8359.464	258.9654	0.8784624	1.688776	0.5535394	7.145934
3036	-8110.499	-8369.13	258.6315	0.8184746	1.525407	0.5975569	7.383114
3042	-8101.987	-8360.599	258.612	0.8379896	1.525407	0.5975569	7.383114
3048	-8121.009	-8379.58	258.5712	0.858722	1.77615	0.4953093	7.387416
3054	-8121.301	-8378.278	256.9771	0.7025118	1.415119	0.5426326	8.416353
3060	-8126.682	-8384.688	258.0068	0.8097069	1.834885	0.525819	7.669336
3066	-8133.807	-8391.349	257.5421	0.7959132	1.544059	0.59699	7.971098
3072	-8123.4	-8380.943	257.5433	0.7341136	1.630346	0.59699	7.971098
3078	-8115.164	-8372.076	256.9122	0.6929406	1.630346	0.5334517	8.380498
3084	-8129.171	-8386.346	257.1755	0.7826646	1.765294	0.526472	8.150585
3090	-8127.98	-8386.541	258.5617	0.9219143	1.765294	0.5183437	7.342167
3096	-8114.363	-8373.077	258.7141	0.8377858	1.765294	0.4415813	7.375677
3102	-8108.715	-8367.245	258.5305	0.8684115	1.765294	0.4568335	7.443094
3108	-8115.78	-8373.897	258.1169	0.8619127	1.702611	0.4999688	7.650688
3114	-8113.143	-8372.453	259.3097	0.8132605	1.626542	0.4745062	7.087581
3120	-8102.717	-8362.115	259.3981	0.9016503	1.607411	0.6357167	6.865581
3126	-8121.214	-8381.078	259.8641	0.9757372	1.607411	0.5448848	6.646185
3132	-8130.582	-8391.44	260.8577	0.9684891	1.607411	0.6154607	6.053751
3138	-8126.934	-8386.08	259.1457	0.8496796	1.403632	0.6154607	7.125297
3144	-8128.279	-8386.807	258.5284	0.7966666	1.65987	0.6154607	7.385727
3150	-8119.483	-8378.534	259.0511	0.8202305	1.65987	0.7752927	6.97954
3156	-8124.08	-8383.297	259.2167	0.9443415	1.65987	0.5610698	6.97954
3162	-8105.195	-8365.287	260.092	0.9176828	1.862743	0.5615777	6.449572
3168	-8111.482	-8372.303	260.8214	0.9425645	1.862743	0.6089732	6.001355
3174	-8106.019	-8363.83	257.8111	0.7858075	1.46038	0.6089732	7.856452
3180	-8113.68	-8371.705	258.0254	0.7789627	1.557928	0.6647975	7.665886
3186	-8107.414	-8366.266	258.8526	0.795478	1.557928	0.625258	7.242956
3192	-8125.117	-8385.092	259.9751	0.8666074	1.486119	0.5472255	6.690201
3198	-8124.998	-8384.211	259.2124	0.8284701	1.660016	0.6353601	6.98588
3204	-8113.87	-8371.014	257.1442	0.8207072	1.460358	0.5936788	8.205286
3210	-8128.694	-8386.784	258.0892	0.8032159	1.517197	0.5712944	7.705707
3216	-8130.643	-8388.848	258.2056	0.7702691	1.520846	0.6271775	7.616171
3222	-8118.091	-8376.377	258.2862	0.8669701	1.577487	0.4855661	7.616171
3228	-8114.839	-8371.561	256.7221	0.9049156	1.730824	0.5471598	8.321477
3234	-8117.993	-8375.896	257.9033	0.822117	1.449543	0.4992553	7.882429
3240	-8124.871	-8382.751	257.8802	0.8126151	1.501864	0.5952089	7.799426
3246	-8120.677	-8379.666	258.9892	0.9370586	1.501864	0.5497128	7.175217
3252	-8137.768	-8395.273	257.5056	0.8208822	1.442911	0.5333666	8.06853
3258	-8129.547	-8386.53	256.9832	0.8124838	1.442911	0.5727797	8.318798
3264	-8119.898	-8379.602	259.7041	0.8170295	1.442911	0.5768663	6.856358
3270	-8116.195	-8375.264	259.069	0.8781727	1.442911	0.652056	7.107531
3276	-8111.067	-8368.312	257.2453	0.7880111	1.386775	0.6281307	8.172455
3282	-8102.083	-8361.289	259.2061	0.9389075	1.746454	0.5832314	6.939202
3288	-8111.492	-8370.959	259.4666	0.89228	1.722312	0.6028474	6.816889
3294	-8115.426	-8372.6	257.1746	0.7718204	1.506616	0.5473997	8.234025
3300	-8109.702	-8367.516	257.8144	0.8095587	1.648938	0.5331597	7.831039
3306	-8120.559	-8376.988	256.4296	0.7604874	1.648938	0.5959479	8.543855
3312	-8116.956	-8375.356	258.4	0.8378838	1.523377	0.5959479	7.498875
3318	-8102.109	-8361.053	258.9444	0.8169526	1.566477	0.5959479	7.201423
3324	-8120.389	-8378.023	257.6337	0.8084946	1.542837	0.6175449	7.900203
3330	-8130.257	-8388.184	257.9271	0.8452172	1.542837	0.6481171	7.700942
3336	-8117.875	-8375.326	257.4502	0.8355194	1.542837	0.5703198	8.020576
3342	-8127.443	-8387.212	259.769	0.9139468	1.508682	0.5757371	6.743539
3348	-8116.096	-8376.542	260.4454	0.9424851	1.641725	0.5757371	6.31088
3354	-8114.751	-8373.587	258.8356	0.8690482	1.641725	0.5426738	7.246908
3360	-8122.769	-8381.925	259.1562	0.897762	1.641725	0.6258684	6.992731
3366	-8118.553	-8378.215	259.6622	0.8307209	1.860074	0.6258684	6.679174
3372	-8102.706	-8361.788	259.0817	0.8669612	1.860074	0.6258684	6.97277
3378	-8108.851	-8366.718	257.8667	0.8669612	1.766243	0.5006446	7.758869
3384	-8122.738	-8381.135	258.3968	0.8693957	1.443353	0.5556625	7.547743
3390	-8114.237	-8372.706	258.4689	0.9463604	1.598188	0.558643	7.405153
3396	-8111.6	-8371.586	259.9869	1.001741	1.694723	0.558643	6.521985
3402	-8129.876	-8387.513	257.6366	0.7987223	1.531589	0.5326596	7.976092
3408	-8131.362	-8389.372	258.01	0.8401732	1.639439	0.6596889	7.614588
3414	-8141.514	-8398.755	257.2402	0.7806248	1.821177	0.4500384	8.166711
3420	-8130.152	-8388.568	258.4159	0.9014727	1.734982	0.4415109	7.511982
3426	-8130.194	-8387.943	257.7489	0.7996159	1.815988	0.5691703	7.783004
3432	-8121.39	-8379.211	257.8215	0.8286526	1.815988	0.5691703	7.728703
3438	-8130.924	-8388.647	257.7222	0.7464017	1.55407	0.539369	7.944115
3444	-8129.583	-8386.557	256.9747	0.7893873	1.678274	0.539369	8.273633
3450	-8137.486	-8395.165	257.6794	0.8193502	1.697149	0.6572318	7.783434
3456	-8142.99	-8399.964	256.9742	0.8021067	1.715933	0.6572318	8.162144
3462	-8140.317	-8399.47	259.1539	0.8414717	1.410984	0.7929033	6.998149
3468	-8147.755	-8406.236	258.4805	0.8573215	1.531642	0.6241201	7.420411
3474	-8136.53	-8395.136	258.6059	0.9546176	1.592079	0.5140958	7.367116
3480	-8133.156	-8392.786	259.6302	0.8818613	1.616306	0.5944349	6.779508
3486	-8122.657	-8380.623	257.9657	0.804807	1.455311	0.5430153	7.818481
3492	-8106.916	-8366.337	259.4215	0.8595131	1.549214	0.5430153	6.971456
3498	-8116.412	-8374.47	258.0586	0.761844	1.634093	0.5430153	7.723183
3504	-8125.616	-8384.56	258.9438	0.8468204	1.634093	0.6059735	7.152501
3510	-8131.234	-8390.141	258.9072	0.8833684	1.634093	0.6059735	7.152501
3516	-8132.263	-8390.625	258.3623	0.8198625	1.479636	0.6059735	7.538103
3522	-8122.932	-8381.881	258.9494	0.8845714	1.470063	0.5185494	7.263831
3528	-8126.854	-8384.761	257.9074	0.8184655	1.689175	0.5067474	7.784756
3534	-8123.042	-8382.156	259.1142	0.8361238	1.438865	0.5253105	7.208136
3540	-8109.114	-8367.995	258.8811	0.9033267	1.772796	0.4843951	7.208136
3546	-8112.702	-8371.538	258.836	0.9028404	1.575568	0.5984233	7.208136
3552	-8121.189	-8379.351	258.1614	0.8780033	1.605137	0.4482249	7.701272
3558	-8124.282	-8380.586	256.3036	0.7734052	1.56201	0.5370036	8.683435
3564	-8117.257	-8374.737	257.4801	0.8238748	1.56201	0.5370036	8.030858
3570	-8132.401	-8390.593	258.192	0.7137239	1.56201	0.5250738	7.719705
3576	-8135.212	-8390.716	255.5042	0.7475088	1.575658	0.5761534	9.083724
3582	-8129.363	-8386.083	256.7203	0.8543087	1.575658	0.6456049	8.329029
3588	-8129.758	-8388.319	258.5612	0.8016909	1.575658	0.6456049	7.374031
3594	-8133.882	-8392.124	258.2428	0.7371621	1.686579	0.6456049	7.538313
3600	-8116.956	-8375.908	258.9515	0.8529414	1.702551	0.5457819	7.16866
3606	-8106.102	-8364.914	258.8121	0.9340839	1.702551	0.5841307	7.16866
3612	-8113.273	-8372.517	259.2441	0.8161167	1.827478	0.5643161	6.972206
3618	-8108.73	-8366.759	258.0286	0.8110967	1.562849	0.587929	7.703094
3624	-8108.038	-8367.557	259.5191	0.8681339	1.562849	0.587929	6.87228
3630	-8111.242	-8369.852	258.6096	0.8527052	1.377129	0.5437352	7.479911
3636	-8104.118	-8362.994	258.8764	0.7730936	1.600017	0.6679345	7.19461
3642	-8109.172	-8368.159	258.9869	0.9262306	1.455902	0.5569599	7.19461
3648	-8112.494	-8370.824	258.33	0.8031664	1.455902	0.5413941	7.625748
3654	-8125.379	-8383.016	257.637	0.8700412	1.529115	0.6404358	7.853674
3660	-8147.145	-8405.124	257.979	0.8362533	1.876361	0.5014696	7.677313
3666	-8149.65	-8408.379	258.7294	0.8905337	1.657154	0.5014696	7.322249
3672	-8138.618	-8396.615	257.9979	0.8208832	1.657154	0.5474879	7.711955
3678	-8125.927	-8383.653	257.7263	0.7524221	1.643065	0.5474879	7.898715
3684	-8117.308	-8374.919	257.6116	0.7911895	1.746511	0.5829593	7.873646
3690	-8117.677	-8375.394	257.7171	0.7607688	1.634347	0.5829593	7.873646
3696	-8116.755	-8374.107	257.352	0.7549749	1.754286	0.6753273	7.959495
3702	-8126.025	-8383.127	257.1021	0.8027231	1.754286	0.5623176	8.15304
3708	-8124.109	-8383.408	259.2989	0.8515528	1.867276	0.6541511	6.840472
3714	-8137.553	-8396.831	259.2781	0.977188	1.819285	0.4827719	6.940313
3720	-8141.296	-8399.802	258.5062	0.8692043	2.030043	0.4315645	7.39318
3726	-8144.761	-8403.923	259.1623	0.8658438	1.554939	0.5399831	7.107905
3732	-8133.798	-8392.424	258.6258	0.9035118	1.554939	0.5286104	7.385493
3738	-8120.792	-8379.633	258.8414	0.8550198	1.701285	0.558684	7.216433
3744	-8129.485	-8387.567	258.0814	0.7937454	1.701285	0.558684	7.656698
3750	-8124.737	-8382.611	257.8741	0.8582629	1.710181	0.558684	7.729867
3756	-8124.553	-8382.238	257.6846	0.905534	1.645636	0.558684	7.829119
3762	-8126.632	-8385.563	258.9306	0.8463807	1.933121	0.5560238	7.096437
3768	-8119.362	-8378.502	259.1399	0.8123675	1.574342	0.6939815	7.022912
3774	-8118.053	-8376.428	258.3742	0.8379884	1.633536	0.5747727	7.487734
3780	-8137.01	-8395.597	258.5875	0.8566192	1.620301	0.5747727	7.3683
3786	-8134.121	-8392.734	258.6127	0.8902588	1.681247	0.6295564	7.271763
3792	-8133.187	-8392.755	259.5688	0.8729546	1.93762	0.6295564	6.678372
3798	-8125.957	-8386.221	260.2633	1.001514	1.951156	0.6295564	6.227892
3804	-8116.897	-8376.036	259.1382	0.895683	1.934687	0.5694468	6.946645
3810	-8126.389	-8385.089	258.7005	0.8190883	1.934687	0.5694468	7.223326
3816	-8127.764	-8386.863	259.0984	0.8455631	1.934687	0.6456042	6.935908
3822	-8117.435	-8374.824	257.3892	0.8305384	1.646713	0.6487812	7.956725
3828	-8136.216	-8395.344	259.128	0.8281307	1.646713	0.6487812	7.026397
3834	-8116.315	-8374.475	258.1594	0.8946461	1.582898	0.5774119	7.589183
3840	-8126.065	-8385.718	259.6533	0.9864462	1.599165	0.5774119	6.730589
3846	-8141.583	-8400.349	258.7662	0.8236461	1.843489	0.5076058	7.267814
3852	-8126.302	-8383.623	257.3217	0.7088948	1.544794	0.5306943	8.188389
3858	-8139.289	-8398.117	258.8278	0.7776823	1.39687	0.5306943	7.405905
3864	-8121.11	-8378.802	257.6922	0.7776823	1.580991	0.5306943	7.940512
3870	-8123.791	-8382.826	259.0351	0.9491424	1.639718	0.5306943	7.107534
3876	-8111.712	-8371.209	259.4967	0.9339594	1.787168	0.5139307	6.828943
3882	-8130.521	-8390.208	259.6869	0.9255035	1.598356	0.5766158	6.746293
3888	-8123.087	-8381.911	258.8241	0.8569611	1.598356	0.5989723	7.230143
3894	-8115.191	-8373.043	257.8523	0.822337	1.554332	0.6176696	7.771521
3900	-8118.494	-8376.463	257.9687	0.8176036	1.554332	0.5427325	7.771521
3906	-8115.813	-8374.088	258.2747	0.8401103	1.554332	0.5427325	7.595831
3912	-8129.42	-8387.213	257.7929	0.8149159	1.636187	0.5427325	7.836268
3918	-8119.005	-8377.655	258.6496	0.8320968	1.522621	0.5427325	7.41152
3924	-8101.897	-8360.491	258.5934	0.8667383	1.436996	0.5992632	7.41152
3930	-8111.059	-8369.185	258.1263	0.8508342	1.801471	0.5992632	7.534773
3936	-8104.945	-8363.454	258.5097	0.812586	1.586836	0.4783464	7.528675
3942	-8117.296	-8376.266	258.9696	0.7800517	1.586836	0.5960395	7.199941
3948	-8121.738	-8380.722	258.9847	0.8027781	1.533628	0.5960395	7.199941
3954	-8135.655	-8393.088	257.4328	0.8334211	1.555771	0.6221178	7.985668
3960	-8112.759	-8371.724	258.9652	0.8855405	1.631595	0.6221178	7.108658
3966	-8129.872	-8389.504	259.6319	0.9127142	1.631595	0.6871901	6.686683
3972	-8127.748	-8386.729	258.9813	0.9577929	1.828214	0.4923538	7.098802
3978	-8123.339	-8382.265	258.9263	0.8671135	1.717687	0.634689	7.098802
3984	-8124.837	-8383.254	258.416	0.8940722	1.717687	0.634689	7.358396
3990	-8124.119	-8382.745	258.6264	0.8289104	1.725696	0.5333167	7.358396
3996	-8134.233	-8392.296	258.063	0.843438	1.720814	0.5872632	7.610025
4002	-8123.655	-8381.976	258.321	0.8252114	1.587672	0.5345982	7.573231
4008	-8134.547	-8393.925	259.3779	0.8616531	1.775065	0.5345982	6.918319
4014	-8120.793	-8380.121	259.3277	0.7507926	1.843776	0.6127975	6.918319
4020	-8115.483	-8372.891	257.4084	0.76979	1.795104	0.6623584	7.916739
4026	-8120.555	-8379.659	259.1035	0.8652736	1.819666	0.6623584	6.94844
4032	-8110.939	-8369.864	258.9252	0.8598538	1.706837	0.5615851	7.164462
4038	-8128.054	-8386.005	257.9517	0.8159722	1.588206	0.6036792	7.719709
4044	-8137.028	-8395.792	258.7637	0.8811646	1.678516	0.620474	7.203453
4050	-8116.323	-8374.113	257.7898	0.8585783	1.785729	0.5737442	7.736228
4056	-8110.775	-8368.272	257.4974	0.8065091	1.686456	0.4794098	8.035339
4062	-8112.71	-8370.2	257.4895	0.7833086	1.733251	0.4794098	8.035339
4068	-8132.443	-8388.995	256.5513	0.8398896	1.733251	0.4794098	8.504518
4074	-8130.707	-8388.955	258.2479	0.7901173	1.683667	0.5652174	7.570534
4080	-8127.851	-8385.927	258.0759	0.8511932	1.683667	0.5812753	7.616995
4086	-8136.122	-8392.515	256.393	0.8286967	1.683667	0.5812753	8.526023
4092	-8127.194	-8383.638	256.4438	0.7617194	1.652469	0.6055601	8.526945
4098	-8122.602	-8379.401	256.7998	0.7656131	1.544997	0.5563039	8.414582
4104	-8135.75	-8393.056	257.3056	0.8286123	1.711049	0.5364672	8.067253
4110	-8127.314	-8384.131	256.8164	0.8631128	1.782882	0.4867038	8.327561
4116	-8119.182	-8378.66	259.4779	0.8698426	1.69222	0.5830997	6.849335
4122	-8130.843	-8388.954	258.1103	0.8644649	1.540673	0.6210246	7.613747
4128	-8133.347	-8390.97	257.6224	0.8912291	1.801406	0.5724785	7.803901
4134	-8133.66	-8392.002	258.3421	0.8037967	1.544423	0.5724785	7.558634
4140	-8142.893	-8399.68	256.7873	0.7521653	1.544423	0.5724785	8.415511
4146	-8142.889	-8399.582	256.6929	0.7100146	1.743976	0.5724785	8.415511
4152	-8140.933	-8398.644	257.7103	0.7354344	1.622118	0.613641	7.871448
4158	-8127.53	-8385.056	257.526	0.8073785	1.731744	0.613641	7.892004
4164	-8125.992	-8383.726	257.7347	0.8073785	1.60734	0.613641	7.825446
4170	-8114.282	-8372.752	258.4694	0.8359334	1.609988	0.5827074	7.44022
4176	-8121	-8378.778	257.778	0.8231089	1.609988	0.5827074	7.817029
4182	-8113.397	-8370.572	257.1752	0.8540499	1.609988	0.5827074	8.1221
4188	-8117.937	-8375.163	257.2258	0.7887113	1.454019	0.5827074	8.189989
4194	-8115.902	-8374.752	258.8501	0.8650164	1.782611	0.5478106	7.186847
4200	-8128.408	-8386.525	258.1173	0.7979553	1.676905	0.5478106	7.652934
4206	-8120.176	-8377.272	257.096	0.8094462	1.481059	0.5478106	8.265487
4212	-8110.423	-8367.329	256.9062	0.7523419	1.536514	0.5958795	8.336779
4218	-8097.275	-8355.548	258.2723	0.8124088	1.580277	0.6198724	7.540626
4224	-8103.627	-8361.996	258.3695	0.8076714	1.555672	0.5686741	7.540626
4230	-8116.017	-8374.409	258.3924	0.8629642	1.578115	0.6186666	7.450935
4236	-8106.111	-8366.518	260.4074	0.9586366	1.660881	0.5284042	6.355269
4242	-8119.39	-8379.152	259.7616	0.9127261	1.726421	0.5294289	6.705219
4248	-8125.027	-8382.376	257.3485	0.7616362	1.655379	0.5450083	8.092924
4254	-8136.699	-8394.461	257.7623	0.7246223	1.702234	0.6518863	7.791847
4260	-8127.221	-8384.019	256.7976	0.7498817	1.659421	0.5645369	8.374995
4266	-8130.251	-8386.836	256.5856	0.8078526	1.749578	0.6289298	8.374995
4272	-8123.18	-8381.459	258.2794	0.8081471	1.695202	0.5131195	7.583594
4278	-8134.319	-8392.942	258.6232	0.8180875	1.86873	0.5342775	7.316117
4284	-8129.86	-8388.778	258.9183	0.8568942	1.79864	0.6205102	7.091055
4290	-8119.603	-8379.202	259.5985	0.8985655	1.79864	0.6205102	6.701897
4296	-8103.85	-8362.394	258.5445	0.8488731	1.51738	0.6205102	7.398929
4302	-8102.935	-8361.667	258.732	0.804367	1.671648	0.5548222	7.316255
4308	-8117.073	-8375.069	257.9958	0.8105954	1.472945	0.5465341	7.789381
4314	-8123.341	-8381.895	258.5545	0.8215169	1.409674	0.5465341	7.510269
4320	-8134.836	-8391.676	256.8402	0.8069039	1.409674	0.5465341	8.432646
4326	-8117.192	-8376.471	259.2795	0.9253998	1.465628	0.6039579	6.996121
4332	-8126.714	-8385.365	258.6509	0.9287707	1.642366	0.5776908	7.285053
4338	-8131.166	-8390.473	259.3066	0.8245166	1.777799	0.6021458	6.920789
4344	-8129.684	-8390.575	260.8903	0.9356619	1.523778	0.6109469	6.089727
4350	-8122.413	-8381.564	259.1506	0.862299	1.514471	0.6109469	7.074641
4356	-8125.414	-8384.109	258.6952	0.9206124	1.797956	0.456149	7.316199
4362	-8125.579	-8383.424	257.8447	0.8010804	1.724966	0.4658952	7.851617
4368	-8125.657	-8384.531	258.8741	0.8559625	1.639413	0.47516	7.293371
4374	-8129.836	-8388.472	258.6361	0.7934249	1.446112	0.6057514	7.41917
4380	-8128.125	-8387.15	259.0254	0.8513784	1.77896	0.6243511	7.040246
4386	-8124.913	-8383.83	258.9172	0.8799331	1.77896	0.5025782	7.18284
4392	-8130.659	-8387.589	256.9304	0.7567704	1.525449	0.5742375	8.342871
4398	-8118.379	-8376.749	258.37	0.8091179	1.525449	0.522017	7.59011
4404	-8109.985	-8369.994	260.0093	0.8918127	1.583158	0.6435173	6.543977
4410	-8120.693	-8380.736	260.0423	0.8278273	1.626427	0.6441044	6.543977
4416	-8125.005	-8384.518	259.513	0.8893612	1.655546	0.6047935	6.816071
4422	-8149.771	-8408.81	259.0393	0.8187872	1.604323	0.5861796	7.142853
4428	-8126.769	-8385.736	258.9667	0.8533632	1.586458	0.6210613	7.142853
4434	-8123.665	-8383.291	259.6258	0.8959647	1.481917	0.6179862	6.807878
4440	-8118.046	-8375.559	257.5131	0.7480002	1.391851	0.6179862	8.05664
4446	-8109.309	-8366.457	257.1476	0.7240274	1.647808	0.5892524	8.187049
4452	-8123.783	-8381.262	257.4789	0.8552431	1.647808	0.4825631	8.030263
4458	-8119.023	-8379.154	260.1312	0.8657987	1.411755	0.549709	6.6345
4464	-8127.071	-8384.719	257.6473	0.7714252	1.331252	0.549709	8.052141
4470	-8120.86	-8378.747	257.8868	0.8013143	1.432216	0.6498892	7.788347
4476	-8100.982	-8360.77	259.7881	0.8917717	1.421523	0.6447441	6.72684
4482	-8102.749	-8361.032	258.2837	0.8562206	1.71844	0.5162136	7.544622
4488	-8108.873	-8367.524	258.6505	0.8773131	1.741946	0.611242	7.250813
4494	-8101.844	-8360.002	258.1575	0.8603836	1.445834	0.611242	7.635524
4500	-8102.937	-8362.206	259.2687	0.8569608	1.474252	0.6788661	6.979337
4506	-8101.326	-8360.197	258.8713	0.7659431	1.744254	0.6326431	7.174908
4512	-8112.923	-8370.007	257.0837	0.9012644	1.548969	0.6326431	8.130289
4518	-8115.332	-8374.992	259.66	0.9267073	1.598548	0.5973512	6.743589
4524	-8112.194	-8371.823	259.6293	0.9415771	1.621303	0.5973512	6.743589
4530	-8110.068	-8367.252	257.1836	0.848224	1.606917	0.5973512	8.110389
4536	-8103.964	-8363.196	259.2323	0.8862	1.950675	0.5973512	6.873559
4542	-8104.47	-8363.116	258.646	0.8862	1.603094	0.5552223	7.34337
4548	-8108.056	-8366.744	258.6872	0.8721505	1.781159	0.6710907	7.175596
4554	-8123.696	-8382.045	258.349	0.8295702	1.781159	0.6710907	7.380064
4560	-8137.941	-8395.251	257.3096	0.7757353	1.664858	0.5251998	8.119308
4566	-8111.803	-8369.384	257.5811	0.8471824	1.617164	0.5462814	7.936172
4572	-8109.848	-8368.289	258.4405	0.840715	1.617164	0.5122317	7.509096
4578	-8115.739	-8375.017	259.2777	0.8301664	1.709757	0.5754004	6.978478
4584	-8107.084	-8364.347	257.2635	0.8351276	1.709757	0.5754004	8.054841
4590	-8110.493	-8369.946	259.4537	0.8832575	1.794292	0.5988391	6.806667
4596	-8114.518	-8374.636	260.118	0.9027634	1.528911	0.5988391	6.534459
4602	-8131.212	-8386.76	255.5479	0.7897293	1.523401	0.6674773	8.989502
4608	-8106.439	-8363.602	257.1634	0.7660598	1.523401	0.5387139	8.243745
4614	-8115.254	-8372.476	257.2218	0.7076517	1.523401	0.5387139	8.243745
4620	-8110.663	-8368.818	258.1552	0.8598958	1.523401	0.5726121	7.636661
4626	-8107.793	-8365.58	257.7865	0.9080755	1.431757	0.5006124	7.904889
4632	-8113.042	-8370.98	257.9375	0.7571132	1.431757	0.5006124	7.904889
4638	-8127.933	-8385.923	257.9898	0.7841696	1.706047	0.5006124	7.758408
4644	-8113.434	-8372.627	259.1938	0.8407102	1.589627	0.6786958	6.983679
4650	-8120.942	-8380.3	259.3582	0.8908601	1.589627	0.6176048	6.913391
4656	-8113.622	-8373.224	259.6019	0.823154	1.601546	0.6176048	6.813969
4662	-8117.77	-8377.284	259.5133	0.8699378	1.601546	0.5518334	6.889067
4668	-8097.924	-8356.646	258.7219	0.8661848	1.787679	0.5834878	7.224255
4674	-8104.37	-8364.473	260.1031	0.9327793	1.460288	0.5834878	6.56589
4680	-8116.408	-8375.401	258.993	0.9166585	1.460288	0.5959224	7.163379
4686	-8111.548	-8370.513	258.9646	0.9045199	1.54264	0.5824131	7.163379
4692	-8110.434	-8368.899	258.4647	0.8086704	1.7042	0.5824131	7.423244
4698	-8119.915	-8380.132	260.217	0.9387185	1.801789	0.5825487	6.374053
4704	-8125.348	-8385.039	259.6916	0.9403161	1.762207	0.534002	6.711598
4710	-8126.744	-8384.749	258.0049	0.876816	1.762207	0.6506824	7.560494
4716	-8121.199	-8379.422	258.2234	0.768635	1.747568	0.5801206	7.560494
4722	-8122.83	-8379.218	256.3885	0.7673154	1.538232	0.6233554	8.582299
4728	-8124.229	-8381.089	256.8596	0.8057447	1.538232	0.6108053	8.321021
4734	-8121.42	-8380.653	259.2327	0.9053609	1.538232	0.5574035	7.040703
4740	-8109.888	-8369.238	259.3499	0.8681967	1.538232	0.5068978	7.040703
4746	-8124.688	-8384.961	260.2729	0.8984967	1.596539	0.513312	6.497979
4752	-8117.327	-8377.519	260.1922	0.9459364	1.596539	0.5817471	6.458472
4758	-8129.412	-8389.121	259.7097	0.8105212	1.596539	0.5010429	6.860815
4764	-8140.678	-8400.832	260.1542	0.8770144	1.63309	0.4985449	6.573296
4770	-8116.265	-8373.235	256.97	0.7545736	1.668271	0.525328	8.310078
4776	-8126.279	-8384.649	258.3703	0.8010805	1.668271	0.6547045	7.435702
4782	-8132.277	-8391.954	259.6767	0.8249102	1.663432	0.5558743	6.79892
4788	-8130.995	-8390.281	259.2862	0.9167324	1.598246	0.7264371	6.856257
4794	-8118.294	-8376.607	258.3126	0.8528877	1.771197	0.6332528	7.418279
4800	-8125.197	-8383.677	258.4796	0.7835598	1.888797	0.4635641	7.467865
4806	-8126.396	-8384.926	258.5301	0.794202	1.79115	0.4635641	7.467865
4812	-8115.726	-8375.121	259.3942	0.8936591	1.450731	0.6633969	6.912658
4818	-8117.355	-8376.927	259.5722	0.8957	1.450731	0.5040342	6.943374
4824	-8132.559	-8392.602	260.0428	0.997399	1.526961	0.482423	6.623528
4830	-8112.729	-8371.056	258.3265	0.8618098	1.672427	0.6598457	7.421334
4836	-8114.025	-8374.491	260.4668	0.9240299	1.672427	0.5824547	6.292511
4842	-8108.883	-8369.099	260.2153	0.9240299	1.629558	0.6345141	6.40419
4848	-8106.303	-8365.864	259.5607	0.8354753	1.686948	0.5769646	6.830014
4854	-8114.234	-8374.391	260.1574	0.9211544	1.686948	0.5035876	6.523359
4860	-8122.402	-8382.66	260.258	0.886417	1.805249	0.5658808	6.392537
4866	-8116.677	-8375.099	258.4218	0.8789253	1.805249	0.5658808	7.386662
4872	-8126.284	-8384.311	258.0274	0.868112	1.77581	0.6034735	7.58403
4878	-8126.504	-8384.682	258.1776	0.8436603	1.66014	0.5701125	7.58403
4884	-8130.242	-8388.991	258.7492	0.8476559	1.965616	0.5247838	7.209088
4890	-8130.304	-8389.054	258.7507	0.9407053	1.718329	0.6491475	7.142653
4896	-8134.934	-8394.33	259.3962	0.9035874	1.556777	0.4953473	6.999801
4902	-8134.544	-8392.206	257.6619	0.7815281	1.695856	0.5936531	7.861359
4908	-8124.86	-8382.326	257.4657	0.7816379	1.695856	0.5711635	7.983871
4914	-8146.13	-8402.463	256.3332	0.8119823	1.695856	0.5711635	8.570399
4920	-8124.811	-8381.967	257.1554	0.8579271	1.669975	0.7607951	7.980956
4926	-8125.223	-8383.967	258.744	0.84767	1.526172	0.6391367	7.275044
4932	-8124.26	-8382.459	258.1999	0.8280125	1.63689	0.5915675	7.571839
4938	-8122.942	-8380.849	257.9068	0.8851949	1.685219	0.5915675	7.680533
4944	-8103.816	-8361.496	257.6795	0.8653479	1.685219	0.5656193	7.833357
4950	-8099.539	-8359.625	260.0858	0.8782375	1.685219	0.5567196	6.540341
4956	-8105.978	-8364.695	258.7168	0.7995016	1.370254	0.5807691	7.423652
4962	-8133.655	-8390.784	257.1291	0.815968	1.52202	0.6636537	8.139161
4968	-8108.133	-8368.272	260.1383	1.011162	1.871766	0.5257288	6.401048
4974	-8114.35	-8374.147	259.7968	0.8874161	1.871766	0.5271682	6.651719
4980	-8133.377	-8390.844	257.4666	0.7325992	1.514617	0.5271682	8.11323
4986	-8135.032	-8392.599	257.5666	0.7097454	1.502152	0.485624	8.11323
4992	-8125.933	-8384.364	258.4314	0.7512064	1.539782	0.485624	7.614717
4998	-8118.07	-8376.168	258.0984	0.7939912	1.539782	0.535002	7.726878
5004	-8121.32	-8379.433	258.1125	0.8585218	1.539782	0.6135996	7.621763
5010	-8132.736	-8391.948	259.212	0.7900629	1.548518	0.6135996	7.065158
5016	-8129.004	-8388.863	259.8594	0.9011344	1.537929	0.6761432	6.61352
5022	-8118.719	-8376.803	258.0844	0.8602506	1.408445	0.5237439	7.76077
5028	-8119.76	-8378.277	258.5162	0.8287319	1.697769	0.6128677	7.363349
5034	-8109.506	-8369.082	259.5759	0.8719537	1.596748	0.5268705	6.877179
5040	-8106.975	-8365.752	258.7768	0.8006097	1.596748	0.5729831	7.307021
5046	-8103.007	-8361.555	258.5474	0.8297492	1.556117	0.5730907	7.429752
5052	-8120.363	-8379.834	259.4712	0.8471241	1.368388	0.5668368	7.004778
5058	-8128.266	-8386.942	258.6758	0.7573337	1.368388	0.5668368	7.480192
5064	-8121.817	-8380.598	258.7812	0.7986806	1.368388	0.5668368	7.401562
5070	-8102.71	-8360.035	257.3251	0.8941658	1.694411	0.5380884	8.026463
5076	-8102.187	-8359.81	257.6236	0.8340515	1.698804	0.5756091	7.867021
5082	-8107.9	-8367.64	259.74	0.8630818	1.698804	0.5783088	6.712959
5088	-8115.588	-8375.47	259.8818	0.8554054	1.718708	0.6151494	6.604238
5094	-8120.848	-8381.444	260.5954	0.9706906	1.714451	0.6151494	6.156061
5100	-8126.07	-8385.314	259.244	0.8630873	1.714451	0.5215916	7.022145
5106	-8131.582	-8389.881	258.2986	0.8276891	1.619791	0.5215916	7.582997
5112	-8129.689	-8387.511	257.8225	0.8547448	1.619791	0.5364635	7.810478
5118	-8127.288	-8385.169	257.8808	0.816769	1.619791	0.5236598	7.810478
5124	-8123.285	-8380.978	257.6934	0.7744663	1.619791	0.4869744	7.965249
5130	-8123.677	-8381.78	258.1023	0.8108242	1.71353	0.5632577	7.628293
5136	-8122.79	-8380.602	257.8122	0.8108242	1.674453	0.5632577	7.79734
5142	-8133.257	-8391.003	257.7461	0.8708252	1.768159	0.5632577	7.767588
5148	-8125.48	-8383.444	257.9635	0.7758817	1.641971	0.538315	7.767588
5154	-8114.446	-8372.519	258.0724	0.7596777	1.487055	0.5494855	7.767588
5160	-8117.698	-8374.682	256.9843	0.767096	1.533456	0.4929214	8.374027
5166	-8121.577	-8380.09	258.5129	0.8445278	1.561672	0.6024384	7.414968
5172	-8105.961	-8364.762	258.8013	0.8016311	1.561672	0.6376986	7.256407
5178	-8129.027	-8387.111	258.0845	0.87343	1.857439	0.5787733	7.542376
5184	-8122.102	-8380.854	258.7516	0.9173458	1.857439	0.5769867	7.162348
5190	-8106.002	-8365.878	259.8762	0.9515863	1.62541	0.5769867	6.619443
5196	-8105.527	-8364.373	258.8452	0.8219011	1.879812	0.6345201	7.111226
5202	-8118.865	-8377.689	258.8241	0.8230043	1.879812	0.5332895	7.202729
5208	-8102.977	-8360.807	257.8307	0.8273688	1.629195	0.5596039	7.798077
5214	-8116.214	-8374.306	258.0917	0.8464348	1.452786	0.540541	7.732029
5220	-8126.634	-8384.726	258.092	0.8415427	1.593801	0.5009034	7.713807
5226	-8126.779	-8386.262	259.4839	0.8850065	1.608718	0.5062217	6.933225
5232	-8133.043	-8389.393	256.35	0.816548	1.608718	0.5062217	8.644683
5238	-8114.607	-8371.63	257.0232	0.7746015	1.608718	0.6934582	8.163695
5244	-8115.66	-8375.025	259.3649	0.9277938	1.608718	0.584521	6.908545
5250	-8111.859	-8372.083	260.2247	0.8455324	1.606628	0.5335345	6.53143
5256	-8121.268	-8379.159	257.8903	0.8164235	1.743062	0.5362092	7.75064
5262	-8120.392	-8378.912	258.5202	0.8164235	1.743062	0.6054101	7.357533
5268	-8126.867	-8385.384	258.5171	0.8423918	1.716722	0.5527277	7.396706
5274	-8125.516	-8384.078	258.5625	0.796687	1.670123	0.5734034	7.396706
5280	-8131.819	-8389.512	257.6924	0.7698276	1.538403	0.5734034	7.925646
5286	-8137.252	-8395.469	258.2175	0.7604642	1.581269	0.6375745	7.584113
5292	-8119.307	-8377.489	258.1821	0.7952352	1.553183	0.6375745	7.595107
5298	-8123.038	-8382.325	259.2874	0.8338491	1.553183	0.5220489	7.073833
5304	-8108.383	-8367.563	259.1802	0.8569201	1.553183	0.5220489	7.119081
5310	-8110.466	-8369.338	258.8713	0.7954679	1.639811	0.6015666	7.220385
5316	-8111.797	-8370.455	258.6587	0.8324893	1.795131	0.5117399	7.333544
5322	-8123.213	-8381.828	258.6145	0.8387332	1.795131	0.5354271	7.333544
5328	-8116.303	-8374.67	258.3675	0.8106009	1.750614	0.5354271	7.496426
5334	-8115.856	-8372.951	257.0951	0.9030101	1.50318	0.5354271	8.217771
5340	-8118.555	-8376.712	258.1577	0.7846766	1.50318	0.6712392	7.608564
5346	-8109.889	-8368.667	258.7787	0.9014178	1.655274	0.4864851	7.304018
5352	-8115.673	-8374.289	258.6162	0.8534412	1.655274	0.6230828	7.304018
5358	-8104.404	-8362.809	258.4051	0.8534412	1.71566	0.7283198	7.320095
5364	-8120.306	-8378.698	258.3914	0.9155312	1.704602	0.6581763	7.347356
5370	-8104.552	-8363.198	258.6458	0.8887896	1.710932	0.5029339	7.347356
5376	-8118.291	-8377.55	259.2595	0.9250379	1.640739	0.6501636	6.904517
5382	-8114.876	-8372.048	257.1724	0.8093477	1.63734	0.5255362	8.18419
5388	-8122.083	-8379.793	257.7091	0.8415349	1.973496	0.5386872	7.755381
5394	-8117.984	-8376.287	258.3033	0.8306349	1.973496	0.5386872	7.443184
5400	-8115.755	-8373.258	257.503	0.8710333	1.858468	0.5386872	7.88703
5406	-8125.46	-8384.529	259.0693	0.8808613	1.716267	0.5386872	7.091371
5412	-8124.135	-8383.697	259.5624	0.8500345	1.628844	0.5603409	6.856117
5418	-8122.405	-8378.656	256.2505	0.805214	1.665727	0.5603409	8.637329
5424	-8132.462	-8390.108	257.6461	0.7965403	1.635947	0.5603409	7.910068
5430	-8110.777	-8369.325	258.5483	0.912631	1.898688	0.5442299	7.287299
5436	-8113.24	-8372.175	258.9345	0.8282563	1.878505	0.5442299	7.13178
5442	-8119.216	-8376.447	257.2313	0.8069372	1.89187	0.5993405	8.00628
5448	-8133.181	-8391.412	258.2308	0.898785	1.89187	0.5993405	7.42279
5454	-8120.404	-8378.639	258.2351	0.8537657	1.878953	0.5935761	7.453397
5460	-8123.835	-8382.444	258.6089	0.9060315	1.690351	0.6988246	7.211747
5466	-8130.626	-8387.492	256.8664	0.7641691	1.692542	0.5690477	8.315274
5472	-8118.934	-8376.817	257.883	0.8294981	1.850497	0.5363608	7.71078
5478	-8126.185	-8383.282	257.0969	0.818279	1.764206	0.5038522	8.19334
5484	-8136.107	-8393.927	257.82	0.8672774	1.927219	0.496538	7.733538
5490	-8129.278	-8387.758	258.4797	0.8217955	1.862493	0.5698879	7.363722
5496	-8134.791	-8393.117	258.3257	0.8964826	1.862493	0.5363459	7.433945
5502	-8124.855	-8384.09	259.2353	0.9697281	1.862493	0.5480801	6.895767
5508	-8119.999	-8378.798	258.7988	0.9274832	1.780269	0.5480801	7.181418
5514	-8117.811	-8375.397	257.5865	0.8784586	1.859308	0.5480801	7.830336
5520	-8131.359	-8390.126	258.7672	0.8747489	1.546529	0.5480801	7.31187
5526	-8142.862	-8399.646	256.7841	0.8145586	1.546529	0.6268611	8.34119
5532	-8136.683	-8393.828	257.1444	0.7548699	1.549792	0.5943521	8.204815
5538	-8126.446	-8383.655	257.2086	0.7055295	1.529116	0.5943521	8.204815
5544	-8118.652	-8376.701	258.0484	0.8595684	1.804136	0.5943521	7.574743
5550	-8115.936	-8375.386	259.4501	0.8328285	1.671665	0.5874881	6.888216
5556	-8129.544	-8388.107	258.5637	0.8141744	1.819426	0.5874881	7.323133
5562	-8125.478	-8385.636	260.1577	0.8831202	1.642396	0.6151471	6.46761
5568	-8136.689	-8395.251	258.5624	0.7949364	1.555554	0.6151471	7.40759
5574	-8124.539	-8382.259	257.7199	0.7591513	1.555554	0.6036926	7.886263
5580	-8124.882	-8383.456	258.5742	0.8613406	1.688998	0.6135952	7.317339
5586	-8119.471	-8377.656	258.1857	0.8048958	1.528032	0.6135952	7.615812
5592	-8126.698	-8384.774	258.0754	0.8364992	1.63972	0.6135952	7.615812
5598	-8136.612	-8395.804	259.1919	0.873077	1.63972	0.5138667	7.078621
5604	-8131.208	-8390.268	259.06	0.8271299	1.63972	0.6876198	7.037976
5610	-8119.018	-8378.339	259.3209	0.8774927	1.534371	0.4864776	7.071037
5616	-8112.394	-8371.371	258.9767	0.8586475	1.737492	0.6529851	7.055615
5622	-8117.299	-8376.059	258.7604	0.8243099	1.648442	0.6515503	7.223415
5628	-8114.587	-8371.855	257.2681	0.7725577	1.652586	0.5304629	8.143107
5634	-8140.427	-8398.627	258.2	0.8414548	1.652586	0.5127016	7.62402
5640	-8141.309	-8400.007	258.6977	0.8427203	1.537718	0.4795857	7.429354
5646	-8145.502	-8404.905	259.4024	0.8904658	1.620569	0.5128548	6.963915
5652	-8129.369	-8388.742	259.3731	0.8862864	1.669522	0.5128548	6.963915
5658	-8136.308	-8395.588	259.28	0.8859762	1.669522	0.486452	7.037737
5664	-8141.738	-8400.804	259.0664	0.8327349	1.398238	0.4581709	7.312695
5670	-8124.746	-8382.75	258.0031	0.7226348	1.398238	0.6053291	7.815726
5676	-8139.752	-8396.948	257.1957	0.7358569	1.575672	0.6230738	8.155791
5682	-8124.055	-8381.207	257.1516	0.7908571	1.575672	0.5906451	8.174896
5688	-8122.307	-8382.198	259.8909	0.8312075	1.418943	0.5906451	6.746697
5694	-8117.91	-8377.757	259.8469	0.8969514	1.390812	0.5906451	6.746697
5700	-8119.837	-8380.123	260.2862	0.938745	1.599686	0.6227177	6.377982
5706	-8126.4	-8385.461	259.0613	0.8090372	1.520423	0.6116802	7.148378
5712	-8114.508	-8373.503	258.9946	0.9140138	1.716439	0.498605	7.148378
5718	-8114.468	-8372.289	257.8206	0.7629994	1.686776	0.498605	7.868777
5724	-8128.885	-8386.957	258.0722	0.781921	1.377225	0.7085509	7.680635
5730	-8125.077	-8381.892	256.8156	0.7753501	1.420565	0.5588931	8.447902
5736	-8119.041	-8378.346	259.3049	0.9106812	1.55186	0.5975301	6.961417
5742	-8120.398	-8378.168	257.7693	0.8067706	1.55186	0.6506955	7.800506
5748	-8112.871	-8370.761	257.8909	0.8309653	1.691025	0.4915989	7.79965
5754	-8121.182	-8379.441	258.2582	0.844349	1.475522	0.4915989	7.677358
5760	-8128.033	-8386.521	258.4885	0.6819027	1.344798	0.5948756	7.608558
5766	-8116.881	-8375.988	259.1071	0.8759178	1.344798	0.6198817	7.153419
5772	-8115.204	-8373.967	258.7625	0.8738276	1.826966	0.6240268	7.153419
5778	-8139.925	-8396.807	256.8817	0.704715	1.826966	0.5905596	8.275311
5784	-8117.41	-8374.877	257.468	0.6767227	1.428715	0.5905596	8.124678
5790	-8121.38	-8379.713	258.3324	0.7136353	1.428715	0.6162247	7.623572
5796	-8141.332	-8399.764	258.4319	0.7729483	1.374046	0.6162247	7.561241
5802	-8118.169	-8376.987	258.8181	0.7864496	1.554086	0.5077413	7.363508
5808	-8116.413	-8374.425	258.0116	0.7612592	1.747917	0.6202253	7.646499
5814	-8110.107	-8367.783	257.6764	0.7875414	1.60515	0.5521391	7.916752
5820	-8114.049	-8373.122	259.0732	0.7672032	1.60515	0.5893921	7.149489
5826	-8107.031	-8365.675	258.6444	0.8030878	1.610047	0.5937527	7.35523
5832	-8111.094	-8368.825	257.7317	0.8195977	1.610047	0.677236	7.772617
5838	-8122.011	-8381.212	259.2011	0.8680247	1.567867	0.677236	6.97436
5844	-8113.615	-8372.42	258.8043	0.8343905	1.567867	0.5936962	7.268565
5850	-8121.649	-8380.849	259.2006	0.8343905	1.579227	0.600722	7.045702
5856	-8122.693	-8380.012	257.3188	0.8316689	1.544063	0.600722	8.068196
5862	-8128.997	-8388.49	259.4927	0.8555918	1.53639	0.6448396	6.85968
5868	-8119.635	-8379.762	260.1269	0.9155721	1.431485	0.4949969	6.649241
5874	-8111.991	-8372.177	260.1866	0.9519936	1.431485	0.5687225	6.533984
5880	-8118.415	-8378.445	260.0291	0.928269	1.771601	0.5687225	6.503278
5886	-8112.343	-8371.326	258.9835	0.8405097	1.611294	0.5687225	7.172565
5892	-8105.211	-8363.921	258.7105	0.8224785	1.830584	0.5469123	7.269018
5898	-8103.545	-8362.396	258.8511	0.8587977	1.830584	0.5003865	7.214017
5904	-8106.715	-8364.609	257.8941	0.8587977	1.700922	0.5504597	7.728976
5910	-8116.947	-8374.695	257.7475	0.8908049	1.701606	0.5461002	7.793589
5916	-8116.091	-8374.08	257.989	0.7863022	1.737247	0.5461002	7.707784
5922	-8107.498	-8365.691	258.1937	0.7995384	1.737247	0.502088	7.628876
5928	-8116.041	-8374.794	258.7529	0.8230161	1.753382	0.6675979	7.178901
5934	-8115.467	-8374.959	259.4927	0.8982582	1.536469	0.6675979	6.819924
5940	-8114.206	-8372.625	258.4186	0.8982582	1.695106	0.5411004	7.43696
5946	-8108.479	-8366.087	257.6076	0.790109	1.723402	0.5374112	7.921563
5952	-8122.43	-8379.74	257.3101	0.7296961	1.754513	0.6575502	8.008024
5958	-8104.489	-8363.04	258.5509	0.7041712	1.754513	0.5681354	7.426783
5964	-8115.562	-8374.606	259.0433	0.8739946	1.727406	0.4412761	7.193033
5970	-8123.238	-8382.042	258.8035	0.9048425	1.610135	0.4412761	7.347811
5976	-8123.411	-8381.364	257.9535	0.8062836	1.527666	0.5910368	7.75687
5982	-8131.117	-8387.906	256.7891	0.7256847	1.527666	0.6662714	8.364133
5988	-8124.858	-8383.49	258.6323	0.844595	1.522948	0.534203	7.421176
5994	-8128.173	-8387.103	258.9297	0.8946009	1.484305	0.7152054	7.111981
6000	-8134.773	-8392.25	257.477	0.9187739	1.817124	0.5392467	7.888789
6006	-8137.872	-8398.324	260.4527	0.8845818	1.475161	0.5392467	6.433114
6012	-8135.996	-8394.364	258.3678	0.8794116	1.708885	0.5679936	7.44716
6018	-8124.086	-8384.239	260.1524	0.9926911	1.708885	0.5398194	6.44789
6024	-8120.314	-8378.245	257.9306	0.7906988	1.727819	0.551289	7.735626
6030	-8107.865	-8365.375	257.5102	0.7429039	1.727819	0.5761852	7.965442
6036	-8122.114	-8379.856	257.7422	0.7960112	1.456561	0.5685322	7.921129
6042	-8122.659	-8380.806	258.1468	0.8246348	1.735482	0.5989559	7.560899
6048	-8129.483	-8385.656	256.1732	0.7969801	1.879437	0.4931739	8.666417
6054	-8128.246	-8386.297	258.0517	0.9280122	1.771868	0.6758681	7.486406
6060	-8123.046	-8381.004	257.9582	0.8121821	1.7668	0.6078997	7.650651
6066	-8117.844	-8375.221	257.3775	0.8335783	1.755645	0.4914881	8.049579
6072	-8122.619	-8379.984	257.3652	0.8589055	1.566129	0.5641101	8.049579
6078	-8100.16	-8358.863	258.7036	0.776094	1.566129	0.5641101	7.378214
6084	-8114.626	-8372.782	258.1565	0.8860117	1.566129	0.6126822	7.574102
6090	-8128.538	-8386.719	258.1806	0.86105	1.778562	0.5187239	7.574102
6096	-8128.569	-8386.441	257.8717	0.8003796	1.778562	0.5187239	7.771782
6102	-8119.099	-8377.882	258.7821	0.8858894	1.778562	0.4909502	7.262764
6108	-8119.206	-8377.666	258.4598	0.8164941	1.868619	0.6959776	7.280323
6114	-8113.861	-8371.851	257.9898	0.8234516	1.554011	0.6067378	7.705953
6120	-8145.972	-8405.098	259.1264	0.9184955	1.903018	0.4638758	7.043076
6126	-8122.259	-8380.9	258.641	0.8508084	1.963228	0.546925	7.247566
6132	-8119.171	-8378.152	258.9803	0.8892945	1.64182	0.6745872	7.055928
6138	-8117.886	-8375.865	257.9789	0.8270941	1.64182	0.4877475	7.775924
6144	-8115.786	-8373.714	257.9282	0.7593828	1.571529	0.5945177	7.775924
6150	-8113.875	-8371.247	257.372	0.7399394	1.732626	0.6112688	8.011641
6156	-8126.986	-8385.811	258.8242	0.8880228	1.537759	0.4728674	7.343402
6162	-8114.753	-8372.735	257.9827	0.7712326	1.537759	0.4728674	7.856271
6168	-8135.108	-8392.863	257.7552	0.8508635	1.537759	0.4728674	7.935214
6174	-8129.169	-8385.992	256.8233	0.7917445	1.454859	0.6197897	8.373585
6180	-8118.007	-8375.357	257.3498	0.8584427	1.693971	0.4679681	8.094105
6186	-8110.202	-8367.653	257.4507	0.8044186	1.302414	0.6229269	8.094105
6192	-8109.546	-8368.337	258.791	0.7743638	1.528654	0.5761192	7.336964
6198	-8111.638	-8370.31	258.6721	0.7620883	1.528654	0.5360885	7.440256
6204	-8114.264	-8372.739	258.4749	0.8583187	1.528654	0.617127	7.429333
6210	-8116.201	-8374.839	258.6379	0.8726486	1.68687	0.5266322	7.348297
6216	-8112.603	-8369.896	257.2933	0.7248507	1.582368	0.5266322	8.184256
6222	-8118.564	-8375.521	256.9569	0.7993295	1.4593	0.5654876	8.339081
6228	-8117.842	-8375.774	257.9314	0.8065544	1.696713	0.5893454	7.707083
6234	-8112.506	-8371.204	258.6982	0.8770995	1.653224	0.5460065	7.309379
6240	-8140.554	-8399.625	259.0706	0.9433641	1.483902	0.4316919	7.24169
6246	-8119.798	-8378.237	258.4397	0.912826	1.815027	0.4316919	7.47509
6252	-8124.452	-8382.888	258.4365	0.8826829	1.815027	0.4501696	7.47509
6258	-8122.193	-8381.532	259.3399	0.8047702	1.815027	0.6253659	6.882769
6264	-8127.541	-8385.772	258.2308	0.8218776	1.815027	0.55478	7.525374
6270	-8119.351	-8378.066	258.7157	0.8717493	1.837322	0.55478	7.230968
6276	-8112.64	-8370.918	258.2785	0.8086983	1.794947	0.55478	7.51369
6282	-8123.004	-8382.283	259.2791	0.8488606	1.449295	0.6415051	7.015493
6288	-8122.422	-8383.221	260.7987	0.9632105	1.449295	0.5820844	6.177529
6294	-8116.469	-8374.123	257.6541	0.8278334	1.500964	0.5056409	7.986358
6300	-8123.688	-8382.315	258.6274	0.8821363	1.873193	0.5190809	7.291025
6306	-8127.636	-8385.034	257.3977	0.7710466	1.75906	0.5804453	7.996162
6312	-8125.86	-8385.187	259.3274	0.7850206	1.75906	0.5759715	6.958168
6318	-8122.64	-8381.021	258.3819	0.8075411	1.45285	0.5631203	7.578926
6324	-8129.56	-8388.956	259.3964	0.8580776	1.45285	0.7063318	6.899177
6330	-8121.572	-8380.072	258.5004	0.801065	1.529629	0.6009276	7.458503
6336	-8123.712	-8383.872	260.1603	0.806478	1.374013	0.6009276	6.62524
6342	-8119.807	-8379.211	259.404	0.916967	1.634483	0.5960567	6.874571
6348	-8116.859	-8374.012	257.153	0.8118599	1.463669	0.5960567	8.202094
6354	-8110.614	-8368.45	257.836	0.751416	1.543719	0.5726842	7.857325
6360	-8123.425	-8382.732	259.3067	0.8676689	1.551047	0.6529683	6.941738
6366	-8131.964	-8390.821	258.8571	0.8070206	1.833406	0.50931	7.229777
6372	-8126.573	-8383.557	256.9838	0.7005003	1.73253	0.5237425	8.310078
6378	-8124.485	-8381.882	257.3963	0.8645506	1.718208	0.4899138	8.037554
6384	-8126.121	-8384.528	258.4072	0.7894985	1.587986	0.4966845	7.578936
6390	-8123.736	-8381.53	257.7932	0.8084136	2.108702	0.6404275	7.606171
6396	-8123.841	-8383.146	259.3049	0.8205613	1.587029	0.6404275	6.963683
6402	-8109.124	-8368.166	259.0426	0.7950887	1.587029	0.6404275	7.118573
6408	-8115.204	-8374.219	259.0156	0.8575768	1.793414	0.6404275	7.025057
6414	-8118.716	-8376.696	257.9796	0.8575768	1.793414	0.5865655	7.622463
6420	-8125.777	-8382.922	257.1447	0.7827177	1.90496	0.619744	8.045487
6426	-8127.549	-8385.042	257.4929	0.8296073	1.57814	0.5013539	8.045487
6432	-8123.037	-8380.491	257.4538	0.8198904	1.588782	0.771873	7.86464
6438	-8130.485	-8388.988	258.5026	0.8674408	1.671924	0.771873	7.246966
6444	-8133.6	-8395.186	261.586	1.065012	1.422392	0.8077188	5.540444
6450	-8122.134	-8381.372	259.2384	0.9544882	1.768101	0.6421969	6.860248
6456	-8124.134	-8383.795	259.6606	0.9376782	1.847593	0.6700273	6.593504
6462	-8119.933	-8378.138	258.2051	0.8489617	1.934458	0.4978664	7.533769
6468	-8119.808	-8378.289	258.4806	0.8401495	1.844785	0.6053679	7.331226
6474	-8116.564	-8374.911	258.347	0.8113776	1.844785	0.6107405	7.414136
6480	-8121.713	-8381.069	259.3565	0.9493071	1.566494	0.5356163	6.957714
6486	-8124.812	-8385.137	260.325	1.085011	1.920692	0.5130217	6.254491
6492	-8133.497	-8394.147	260.6495	0.9896922	1.920692	0.4796848	6.159956
6498	-8123.013	-8382.676	259.6626	0.8649757	1.628083	0.5699466	6.786405
6504	-8123.713	-8382.818	259.1045	0.92368	1.628083	0.5699466	7.055549
6510	-8115.58	-8375.849	260.2686	0.946009	1.851161	0.5908591	6.318554
6516	-8121.014	-8378.757	257.7427	0.7637637	1.708155	0.5908591	7.825558
6522	-8126.793	-8387.072	260.2789	0.9449983	1.505602	0.6726964	6.377703
6528	-8125.184	-8383.967	258.7836	0.8781876	1.670424	0.6726964	7.158575
6534	-8118.931	-8377.995	259.0638	0.8237508	1.602687	0.5167612	7.185248
6540	-8110.781	-8371.049	260.268	0.8541156	1.602687	0.6103181	6.442181
6546	-8122.556	-8381.186	258.6298	0.8662795	1.861405	0.6103181	7.227694
6552	-8124.766	-8383.755	258.9887	0.9445551	1.617551	0.6799397	7.026832
6558	-8125.816	-8382.086	256.27	0.8070322	1.617551	0.5441185	8.656814
6564	-8118.565	-8378.707	260.1418	0.9354237	1.710498	0.6780823	6.375959
6570	-8113.554	-8371.815	258.2611	0.8014155	1.601296	0.6026767	7.557862
6576	-8130.546	-8388.314	257.7686	0.7909671	1.601296	0.6568632	7.786166
6582	-8137.985	-8395.886	257.9011	0.7357046	1.432097	0.6771684	7.79612
6588	-8127.979	-8386.75	258.7714	0.8481232	1.709445	0.6771684	7.164078
6594	-8138.9	-8397.471	258.5713	0.908982	1.709445	0.4976298	7.381745
6600	-8134.033	-8391.967	257.9337	0.8632323	1.679141	0.5199958	7.738865
6606	-8133.712	-8391.216	257.5042	0.8914774	1.673264	0.5736147	7.910855
6612	-8116.72	-8375.709	258.9898	0.8454438	1.615922	0.5736147	7.160829
6618	-8116.584	-8376.09	259.5061	0.9932721	1.7127	0.6280695	6.725072
6624	-8117.718	-8376.533	258.815	0.8219097	1.688924	0.6280695	7.198185
6630	-8117.192	-8375.695	258.5031	0.8323833	1.872091	0.6280695	7.296823
6636	-8111.472	-8370.638	259.1653	0.8638054	1.866529	0.6502808	6.909006
6642	-8112.396	-8370.677	258.2808	0.8290497	1.488632	0.4780506	7.680504
6648	-8117.712	-8375.199	257.4868	0.8221799	1.627879	0.4898676	8.044423
6654	-8117.085	-8375.127	258.042	0.8879576	1.580309	0.4898676	7.730636
6660	-8118.309	-8376.348	258.0387	0.8507063	1.661993	0.4803852	7.730636
6666	-8118.444	-8376.629	258.1854	0.8707194	1.699459	0.4803852	7.628
6672	-8120.569	-8378.846	258.2774	0.970974	1.81764	0.5985663	7.384476
6678	-8135.431	-8394.452	259.0215	0.9177895	1.731652	0.4598983	7.161932
6684	-8124.504	-8385.951	261.4467	0.9683752	1.65403	0.5430035	5.773578
6690	-8116.596	-8375.452	258.8557	0.7879989	1.849299	0.600438	7.160086
6696	-8117.081	-8375.836	258.7552	0.8062344	1.855394	0.5513572	7.24174
6702	-8126.129	-8384.869	258.74	0.8856816	1.855394	0.51082	7.24174
6708	-8122.956	-8380.817	257.8605	0.8403582	1.667179	0.6148994	7.717716
6714	-8124.839	-8381.574	256.7351	0.7576094	1.658201	0.48368	8.473338
6720	-8121.345	-8379.235	257.8906	0.7818489	1.658201	0.5425704	7.793837
6726	-8131.589	-8389.494	257.9045	0.733684	1.597158	0.5930559	7.793837
6732	-8139.07	-8396.9	257.83	0.8279192	1.646773	0.5930559	7.765002
6738	-8135.211	-8393.097	257.8858	0.772098	1.646773	0.5930559	7.765002
6744	-8125.052	-8382.81	257.7581	0.7421582	1.580466	0.5930559	7.87378
6750	-8128.415	-8385.411	256.9968	0.8064747	1.520059	0.5403251	8.310829
6756	-8113.572	-8371.949	258.377	0.9003884	1.520059	0.6190123	7.461205
6762	-8109.492	-8367.838	258.3469	0.7479891	1.520059	0.6190123	7.558943
6768	-8108.153	-8366.906	258.7524	0.9147323	1.520059	0.6190123	7.252081
6774	-8110.438	-8368.885	258.4473	0.8345624	1.747721	0.6137107	7.378875
6780	-8103.4	-8363.258	259.8576	0.8551146	1.661229	0.6137107	6.639381
6786	-8103.247	-8360.649	257.4018	0.8117487	1.493805	0.6137107	8.044093
6792	-8110.998	-8371.501	260.5027	1.024713	1.493805	0.6085545	6.265943
6798	-8109.904	-8370.113	260.2082	0.9328921	1.705064	0.5015011	6.484819
6804	-8116.085	-8375.116	259.0316	0.9328921	1.705064	0.4888682	7.131112
6810	-8126.057	-8383.686	257.6286	0.7915589	1.872825	0.6003822	7.80791
6816	-8120.796	-8377.659	256.8637	0.7915589	1.722561	0.6003822	8.266823
6822	-8119.498	-8377.99	258.4922	0.781345	1.784459	0.6523068	7.341634
6828	-8110.636	-8370.572	259.9363	0.9125285	1.784459	0.6503684	6.49393
6834	-8117.563	-8377.618	260.0547	0.9954269	1.782253	0.5160063	6.49393
6840	-8139.322	-8398.463	259.1404	0.8128379	1.790186	0.5964267	7.016801
6846	-8132.531	-8392.862	260.3315	0.9742494	1.567847	0.5322406	6.419682
6852	-8127.864	-8386.877	259.013	0.8540571	1.547174	0.5857177	7.160089
6858	-8119.716	-8379.535	259.819	0.8066496	1.547174	0.5631937	6.769637
6864	-8126.69	-8386.392	259.7023	0.9233916	1.500547	0.6246663	6.739262
6870	-8128.547	-8388.19	259.6427	0.9024062	1.574208	0.7120661	6.690538
6876	-8139.122	-8398.553	259.4317	0.8987546	1.68351	0.4879346	6.942761
6882	-8134.763	-8394.344	259.5818	0.8686925	1.475602	0.5862481	6.873735
6888	-8135.732	-8395.805	260.0733	0.9254692	1.475602	0.5862481	6.577564
6894	-8125.834	-8384.012	258.1777	0.8368061	1.66947	0.5701203	7.584232
6900	-8129.99	-8388.475	258.4844	0.8108191	1.66947	0.5701203	7.433865
